2024-12-15 19:26:05.057 [info] Using settings sync service https://vscode-sync.trafficmanager.net/
2024-12-15 19:26:05.057 [info] Auto Sync is enabled.
2024-12-15 19:26:05.057 [info] Auto Sync: Suspended until auth token is available.
2024-12-15 19:26:05.441 [info] Auto Sync: Triggered by Interval
2024-12-15 19:26:05.442 [info] Sync started.
2024-12-15 19:26:05.896 [info] Settings: No changes found during synchronizing settings.
2024-12-15 19:26:05.914 [info] Keybindings: No changes found during synchronizing keybindings.
2024-12-15 19:26:05.916 [info] Snippets: No changes found during synchronizing snippets.
2024-12-15 19:26:05.920 [info] Tasks: No changes found during synchronizing tasks.
2024-12-15 19:26:05.923 [info] GlobalState: No changes found during synchronizing ui state.
2024-12-15 19:26:05.947 [info] Extensions: No changes found during synchronizing extensions.
2024-12-15 19:26:05.950 [info] Profiles: No changes found during synchronizing profiles.
2024-12-15 19:26:05.951 [info] Sync done. Took 512ms
2024-12-15 19:31:05.955 [info] Auto Sync: Triggered by Interval
2024-12-15 19:31:05.955 [info] Sync started.
2024-12-15 19:31:06.310 [info] Settings: No changes found during synchronizing settings.
2024-12-15 19:31:06.313 [info] Keybindings: No changes found during synchronizing keybindings.
2024-12-15 19:31:06.315 [info] Snippets: No changes found during synchronizing snippets.
2024-12-15 19:31:06.317 [info] Tasks: No changes found during synchronizing tasks.
2024-12-15 19:31:06.320 [info] GlobalState: No changes found during synchronizing ui state.
2024-12-15 19:31:06.344 [info] Extensions: No changes found during synchronizing extensions.
2024-12-15 19:31:06.345 [info] Profiles: No changes found during synchronizing profiles.
2024-12-15 19:31:06.346 [info] Sync done. Took 392ms
