2024-12-15 13:55:05.738 [info] Using settings sync service https://vscode-sync.trafficmanager.net/
2024-12-15 13:55:05.738 [info] Auto Sync is enabled.
2024-12-15 13:55:05.738 [info] Auto Sync: Suspended until auth token is available.
2024-12-15 13:55:06.268 [info] Auto Sync: Triggered by Interval
2024-12-15 13:55:06.268 [info] Sync started.
2024-12-15 13:55:06.727 [info] Settings: No changes found during synchronizing settings.
2024-12-15 13:55:06.740 [info] Keybindings: No changes found during synchronizing keybindings.
2024-12-15 13:55:06.743 [info] Snippets: No changes found during synchronizing snippets.
2024-12-15 13:55:06.744 [info] Tasks: No changes found during synchronizing tasks.
2024-12-15 13:55:06.747 [info] GlobalState: No changes found during synchronizing ui state.
2024-12-15 13:55:06.770 [info] Extensions: No changes found during synchronizing extensions.
2024-12-15 13:55:06.771 [info] Profiles: No changes found during synchronizing profiles.
2024-12-15 13:55:06.772 [info] Sync done. Took 505ms
2024-12-15 13:58:37.846 [info] Auto Sync: Triggered by Activity
2024-12-15 13:58:37.846 [info] Sync started.
2024-12-15 13:58:38.251 [info] Settings: No changes found during synchronizing settings.
2024-12-15 13:58:38.255 [info] Keybindings: No changes found during synchronizing keybindings.
2024-12-15 13:58:38.257 [info] Snippets: No changes found during synchronizing snippets.
2024-12-15 13:58:38.259 [info] Tasks: No changes found during synchronizing tasks.
2024-12-15 13:58:38.261 [info] GlobalState: No changes found during synchronizing ui state.
2024-12-15 13:58:38.283 [info] Extensions: No changes found during synchronizing extensions.
2024-12-15 13:58:38.284 [info] Profiles: No changes found during synchronizing profiles.
2024-12-15 13:58:38.285 [info] Sync done. Took 440ms
2024-12-15 13:59:36.036 [info] Auto Sync: Triggered by Activity
2024-12-15 13:59:36.036 [info] Sync started.
2024-12-15 13:59:36.129 [info] Settings: No changes found during synchronizing settings.
2024-12-15 13:59:36.132 [info] Keybindings: No changes found during synchronizing keybindings.
2024-12-15 13:59:36.133 [info] Snippets: No changes found during synchronizing snippets.
2024-12-15 13:59:36.135 [info] Tasks: No changes found during synchronizing tasks.
2024-12-15 13:59:36.137 [info] GlobalState: No changes found during synchronizing ui state.
2024-12-15 13:59:36.163 [info] Extensions: No changes found during synchronizing extensions.
2024-12-15 13:59:36.164 [info] Profiles: No changes found during synchronizing profiles.
2024-12-15 13:59:36.165 [info] Sync done. Took 131ms
2024-12-15 14:02:45.021 [info] Auto Sync: Triggered by Activity
2024-12-15 14:02:45.021 [info] Sync started.
2024-12-15 14:02:45.364 [info] Settings: No changes found during synchronizing settings.
2024-12-15 14:02:45.367 [info] Keybindings: No changes found during synchronizing keybindings.
2024-12-15 14:02:45.369 [info] Snippets: No changes found during synchronizing snippets.
2024-12-15 14:02:45.371 [info] Tasks: No changes found during synchronizing tasks.
2024-12-15 14:02:45.373 [info] GlobalState: No changes found during synchronizing ui state.
2024-12-15 14:02:45.398 [info] Extensions: No changes found during synchronizing extensions.
2024-12-15 14:02:45.398 [info] Profiles: No changes found during synchronizing profiles.
2024-12-15 14:02:45.399 [info] Sync done. Took 380ms
2024-12-15 14:03:09.676 [info] Auto Sync: Triggered by Activity
2024-12-15 14:03:09.677 [info] Sync started.
2024-12-15 14:03:09.759 [info] Settings: No changes found during synchronizing settings.
2024-12-15 14:03:09.761 [info] Keybindings: No changes found during synchronizing keybindings.
2024-12-15 14:03:09.763 [info] Snippets: No changes found during synchronizing snippets.
2024-12-15 14:03:09.765 [info] Tasks: No changes found during synchronizing tasks.
2024-12-15 14:03:09.767 [info] GlobalState: No changes found during synchronizing ui state.
2024-12-15 14:03:09.785 [info] Extensions: No changes found during synchronizing extensions.
2024-12-15 14:03:09.787 [info] Profiles: No changes found during synchronizing profiles.
2024-12-15 14:03:09.787 [info] Sync done. Took 112ms
2024-12-15 14:03:46.129 [info] Auto Sync: Triggered by Activity
2024-12-15 14:03:46.130 [info] Sync started.
2024-12-15 14:03:46.209 [info] Settings: No changes found during synchronizing settings.
2024-12-15 14:03:46.212 [info] Keybindings: No changes found during synchronizing keybindings.
2024-12-15 14:03:46.213 [info] Snippets: No changes found during synchronizing snippets.
2024-12-15 14:03:46.215 [info] Tasks: No changes found during synchronizing tasks.
2024-12-15 14:03:46.217 [info] GlobalState: No changes found during synchronizing ui state.
2024-12-15 14:03:46.240 [info] Extensions: No changes found during synchronizing extensions.
2024-12-15 14:03:46.241 [info] Profiles: No changes found during synchronizing profiles.
2024-12-15 14:03:46.241 [info] Sync done. Took 113ms
2024-12-15 14:04:18.221 [info] Auto Sync: Triggered by Activity
2024-12-15 14:04:18.221 [info] Sync started.
2024-12-15 14:04:18.309 [info] Settings: No changes found during synchronizing settings.
2024-12-15 14:04:18.311 [info] Keybindings: No changes found during synchronizing keybindings.
2024-12-15 14:04:18.313 [info] Snippets: No changes found during synchronizing snippets.
2024-12-15 14:04:18.315 [info] Tasks: No changes found during synchronizing tasks.
2024-12-15 14:04:18.317 [info] GlobalState: No changes found during synchronizing ui state.
2024-12-15 14:04:18.341 [info] Extensions: No changes found during synchronizing extensions.
2024-12-15 14:04:18.342 [info] Profiles: No changes found during synchronizing profiles.
2024-12-15 14:04:18.343 [info] Sync done. Took 123ms
2024-12-15 14:09:18.357 [info] Auto Sync: Triggered by Interval
2024-12-15 14:09:18.357 [info] Sync started.
2024-12-15 14:09:18.738 [info] Settings: No changes found during synchronizing settings.
2024-12-15 14:09:18.741 [info] Keybindings: No changes found during synchronizing keybindings.
2024-12-15 14:09:18.743 [info] Snippets: No changes found during synchronizing snippets.
2024-12-15 14:09:18.745 [info] Tasks: No changes found during synchronizing tasks.
2024-12-15 14:09:18.748 [info] GlobalState: No changes found during synchronizing ui state.
2024-12-15 14:09:18.769 [info] Extensions: No changes found during synchronizing extensions.
2024-12-15 14:09:18.770 [info] Profiles: No changes found during synchronizing profiles.
2024-12-15 14:09:18.770 [info] Sync done. Took 415ms
2024-12-15 14:10:21.053 [info] Auto Sync: Triggered by Activity
2024-12-15 14:10:21.053 [info] Sync started.
2024-12-15 14:10:21.169 [info] Settings: No changes found during synchronizing settings.
2024-12-15 14:10:21.171 [info] Keybindings: No changes found during synchronizing keybindings.
2024-12-15 14:10:21.173 [info] Snippets: No changes found during synchronizing snippets.
2024-12-15 14:10:21.175 [info] Tasks: No changes found during synchronizing tasks.
2024-12-15 14:10:21.178 [info] GlobalState: No changes found during synchronizing ui state.
2024-12-15 14:10:21.199 [info] Extensions: No changes found during synchronizing extensions.
2024-12-15 14:10:21.199 [info] Profiles: No changes found during synchronizing profiles.
2024-12-15 14:10:21.200 [info] Sync done. Took 149ms
2024-12-15 14:15:21.214 [info] Auto Sync: Triggered by Interval
2024-12-15 14:15:21.214 [info] Sync started.
2024-12-15 14:15:21.471 [info] Settings: No changes found during synchronizing settings.
2024-12-15 14:15:21.473 [info] Keybindings: No changes found during synchronizing keybindings.
2024-12-15 14:15:21.475 [info] Snippets: No changes found during synchronizing snippets.
2024-12-15 14:15:21.477 [info] Tasks: No changes found during synchronizing tasks.
2024-12-15 14:15:21.479 [info] GlobalState: No changes found during synchronizing ui state.
2024-12-15 14:15:21.500 [info] Extensions: No changes found during synchronizing extensions.
2024-12-15 14:15:21.500 [info] Profiles: No changes found during synchronizing profiles.
2024-12-15 14:15:21.501 [info] Sync done. Took 288ms
2024-12-15 14:16:32.768 [info] Auto Sync: Triggered by Activity
2024-12-15 14:16:32.769 [info] Sync started.
2024-12-15 14:16:32.846 [info] Settings: No changes found during synchronizing settings.
2024-12-15 14:16:32.848 [info] Keybindings: No changes found during synchronizing keybindings.
2024-12-15 14:16:32.850 [info] Snippets: No changes found during synchronizing snippets.
2024-12-15 14:16:32.852 [info] Tasks: No changes found during synchronizing tasks.
2024-12-15 14:16:32.854 [info] GlobalState: No changes found during synchronizing ui state.
2024-12-15 14:16:32.874 [info] Extensions: No changes found during synchronizing extensions.
2024-12-15 14:16:32.875 [info] Profiles: No changes found during synchronizing profiles.
2024-12-15 14:16:32.875 [info] Sync done. Took 108ms
2024-12-15 14:17:43.923 [info] Auto Sync: Triggered by Activity
2024-12-15 14:17:43.923 [info] Sync started.
2024-12-15 14:17:43.986 [info] Settings: No changes found during synchronizing settings.
2024-12-15 14:17:43.988 [info] Keybindings: No changes found during synchronizing keybindings.
2024-12-15 14:17:43.990 [info] Snippets: No changes found during synchronizing snippets.
2024-12-15 14:17:43.992 [info] Tasks: No changes found during synchronizing tasks.
2024-12-15 14:17:43.995 [info] GlobalState: No changes found during synchronizing ui state.
2024-12-15 14:17:44.018 [info] Extensions: No changes found during synchronizing extensions.
2024-12-15 14:17:44.020 [info] Profiles: No changes found during synchronizing profiles.
2024-12-15 14:17:44.021 [info] Sync done. Took 100ms
2024-12-15 14:18:08.399 [info] Auto Sync: Triggered by Activity
2024-12-15 14:18:08.399 [info] Sync started.
2024-12-15 14:18:08.474 [info] Settings: No changes found during synchronizing settings.
2024-12-15 14:18:08.477 [info] Keybindings: No changes found during synchronizing keybindings.
2024-12-15 14:18:08.479 [info] Snippets: No changes found during synchronizing snippets.
2024-12-15 14:18:08.481 [info] Tasks: No changes found during synchronizing tasks.
2024-12-15 14:18:08.483 [info] GlobalState: No changes found during synchronizing ui state.
2024-12-15 14:18:08.503 [info] Extensions: No changes found during synchronizing extensions.
2024-12-15 14:18:08.503 [info] Profiles: No changes found during synchronizing profiles.
2024-12-15 14:18:08.504 [info] Sync done. Took 106ms
2024-12-15 14:20:13.239 [info] Auto Sync: Triggered by Activity
2024-12-15 14:20:13.239 [info] Sync started.
2024-12-15 14:20:13.302 [info] Settings: No changes found during synchronizing settings.
2024-12-15 14:20:13.304 [info] Keybindings: No changes found during synchronizing keybindings.
2024-12-15 14:20:13.307 [info] Snippets: No changes found during synchronizing snippets.
2024-12-15 14:20:13.308 [info] Tasks: No changes found during synchronizing tasks.
2024-12-15 14:20:13.311 [info] GlobalState: No changes found during synchronizing ui state.
2024-12-15 14:20:13.335 [info] Extensions: No changes found during synchronizing extensions.
2024-12-15 14:20:13.337 [info] Profiles: No changes found during synchronizing profiles.
2024-12-15 14:20:13.338 [info] Sync done. Took 101ms
2024-12-15 14:25:13.343 [info] Auto Sync: Triggered by Interval
2024-12-15 14:25:13.343 [info] Sync started.
2024-12-15 14:25:15.174 [info] Settings: No changes found during synchronizing settings.
2024-12-15 14:25:15.176 [info] Keybindings: No changes found during synchronizing keybindings.
2024-12-15 14:25:15.178 [info] Snippets: No changes found during synchronizing snippets.
2024-12-15 14:25:15.180 [info] Tasks: No changes found during synchronizing tasks.
2024-12-15 14:25:15.182 [info] GlobalState: No changes found during synchronizing ui state.
2024-12-15 14:25:15.201 [info] Extensions: No changes found during synchronizing extensions.
2024-12-15 14:25:15.201 [info] Profiles: No changes found during synchronizing profiles.
2024-12-15 14:25:15.202 [info] Sync done. Took 1860ms
2024-12-15 14:30:15.208 [info] Auto Sync: Triggered by Interval
2024-12-15 14:30:15.208 [info] Sync started.
2024-12-15 14:30:15.809 [info] Settings: No changes found during synchronizing settings.
2024-12-15 14:30:15.811 [info] Keybindings: No changes found during synchronizing keybindings.
2024-12-15 14:30:15.813 [info] Snippets: No changes found during synchronizing snippets.
2024-12-15 14:30:15.815 [info] Tasks: No changes found during synchronizing tasks.
2024-12-15 14:30:15.817 [info] GlobalState: No changes found during synchronizing ui state.
2024-12-15 14:30:15.838 [info] Extensions: No changes found during synchronizing extensions.
2024-12-15 14:30:15.839 [info] Profiles: No changes found during synchronizing profiles.
2024-12-15 14:30:15.840 [info] Sync done. Took 633ms
2024-12-15 14:35:15.848 [info] Auto Sync: Triggered by Interval
2024-12-15 14:35:15.848 [info] Sync started.
2024-12-15 14:35:16.463 [info] Settings: No changes found during synchronizing settings.
2024-12-15 14:35:16.465 [info] Keybindings: No changes found during synchronizing keybindings.
2024-12-15 14:35:16.468 [info] Snippets: No changes found during synchronizing snippets.
2024-12-15 14:35:16.469 [info] Tasks: No changes found during synchronizing tasks.
2024-12-15 14:35:16.472 [info] GlobalState: No changes found during synchronizing ui state.
2024-12-15 14:35:16.490 [info] Extensions: No changes found during synchronizing extensions.
2024-12-15 14:35:16.491 [info] Profiles: No changes found during synchronizing profiles.
2024-12-15 14:35:16.492 [info] Sync done. Took 646ms
2024-12-15 14:40:16.499 [info] Auto Sync: Triggered by Interval
2024-12-15 14:40:16.499 [info] Sync started.
2024-12-15 14:40:17.292 [info] Settings: No changes found during synchronizing settings.
2024-12-15 14:40:17.295 [info] Keybindings: No changes found during synchronizing keybindings.
2024-12-15 14:40:17.297 [info] Snippets: No changes found during synchronizing snippets.
2024-12-15 14:40:17.299 [info] Tasks: No changes found during synchronizing tasks.
2024-12-15 14:40:17.301 [info] GlobalState: No changes found during synchronizing ui state.
2024-12-15 14:40:17.320 [info] Extensions: No changes found during synchronizing extensions.
2024-12-15 14:40:17.321 [info] Profiles: No changes found during synchronizing profiles.
2024-12-15 14:40:17.322 [info] Sync done. Took 824ms
2024-12-15 14:45:17.329 [info] Auto Sync: Triggered by Interval
2024-12-15 14:45:17.329 [info] Sync started.
2024-12-15 14:45:17.805 [info] Settings: No changes found during synchronizing settings.
2024-12-15 14:45:17.809 [info] Keybindings: No changes found during synchronizing keybindings.
2024-12-15 14:45:17.813 [info] Snippets: No changes found during synchronizing snippets.
2024-12-15 14:45:17.815 [info] Tasks: No changes found during synchronizing tasks.
2024-12-15 14:45:17.816 [info] GlobalState: No changes found during synchronizing ui state.
2024-12-15 14:45:17.837 [info] Extensions: No changes found during synchronizing extensions.
2024-12-15 14:45:17.838 [info] Profiles: No changes found during synchronizing profiles.
2024-12-15 14:45:17.839 [info] Sync done. Took 511ms
2024-12-15 14:50:17.846 [info] Auto Sync: Triggered by Interval
2024-12-15 14:50:17.847 [info] Sync started.
2024-12-15 14:50:19.757 [info] Settings: No changes found during synchronizing settings.
2024-12-15 14:50:19.759 [info] Keybindings: No changes found during synchronizing keybindings.
2024-12-15 14:50:19.761 [info] Snippets: No changes found during synchronizing snippets.
2024-12-15 14:50:19.763 [info] Tasks: No changes found during synchronizing tasks.
2024-12-15 14:50:19.765 [info] GlobalState: No changes found during synchronizing ui state.
2024-12-15 14:50:19.783 [info] Extensions: No changes found during synchronizing extensions.
2024-12-15 14:50:19.783 [info] Profiles: No changes found during synchronizing profiles.
2024-12-15 14:50:19.785 [info] Sync done. Took 1939ms
2024-12-15 14:55:19.794 [info] Auto Sync: Triggered by Interval
2024-12-15 14:55:19.794 [info] Sync started.
2024-12-15 14:55:20.216 [info] Settings: No changes found during synchronizing settings.
2024-12-15 14:55:20.218 [info] Keybindings: No changes found during synchronizing keybindings.
2024-12-15 14:55:20.221 [info] Snippets: No changes found during synchronizing snippets.
2024-12-15 14:55:20.223 [info] Tasks: No changes found during synchronizing tasks.
2024-12-15 14:55:20.225 [info] GlobalState: No changes found during synchronizing ui state.
2024-12-15 14:55:20.244 [info] Extensions: No changes found during synchronizing extensions.
2024-12-15 14:55:20.244 [info] Profiles: No changes found during synchronizing profiles.
2024-12-15 14:55:20.245 [info] Sync done. Took 453ms
2024-12-15 15:00:20.254 [info] Auto Sync: Triggered by Interval
2024-12-15 15:00:20.254 [info] Sync started.
2024-12-15 15:00:20.599 [info] Settings: No changes found during synchronizing settings.
2024-12-15 15:00:20.602 [info] Keybindings: No changes found during synchronizing keybindings.
2024-12-15 15:00:20.604 [info] Snippets: No changes found during synchronizing snippets.
2024-12-15 15:00:20.606 [info] Tasks: No changes found during synchronizing tasks.
2024-12-15 15:00:20.608 [info] GlobalState: No changes found during synchronizing ui state.
2024-12-15 15:00:20.626 [info] Extensions: No changes found during synchronizing extensions.
2024-12-15 15:00:20.627 [info] Profiles: No changes found during synchronizing profiles.
2024-12-15 15:00:20.628 [info] Sync done. Took 375ms
2024-12-15 15:01:08.598 [info] Auto Sync: Triggered by Activity
2024-12-15 15:01:08.598 [info] Sync started.
2024-12-15 15:01:08.659 [info] Settings: No changes found during synchronizing settings.
2024-12-15 15:01:08.660 [info] Keybindings: No changes found during synchronizing keybindings.
2024-12-15 15:01:08.662 [info] Snippets: No changes found during synchronizing snippets.
2024-12-15 15:01:08.663 [info] Tasks: No changes found during synchronizing tasks.
2024-12-15 15:01:08.665 [info] GlobalState: No changes found during synchronizing ui state.
2024-12-15 15:01:08.689 [info] Extensions: No changes found during synchronizing extensions.
2024-12-15 15:01:08.692 [info] Profiles: No changes found during synchronizing profiles.
2024-12-15 15:01:08.693 [info] Sync done. Took 95ms
2024-12-15 15:01:20.646 [info] Auto Sync: Triggered by Activity
2024-12-15 15:01:20.646 [info] Sync started.
2024-12-15 15:01:20.713 [info] Settings: No changes found during synchronizing settings.
2024-12-15 15:01:20.716 [info] Keybindings: No changes found during synchronizing keybindings.
2024-12-15 15:01:20.718 [info] Snippets: No changes found during synchronizing snippets.
2024-12-15 15:01:20.719 [info] Tasks: No changes found during synchronizing tasks.
2024-12-15 15:01:20.721 [info] GlobalState: No changes found during synchronizing ui state.
2024-12-15 15:01:20.749 [info] Extensions: No changes found during synchronizing extensions.
2024-12-15 15:01:20.750 [info] Profiles: No changes found during synchronizing profiles.
2024-12-15 15:01:20.751 [info] Sync done. Took 106ms
2024-12-15 15:02:04.067 [info] Auto Sync: Triggered by Activity
2024-12-15 15:02:04.068 [info] Sync started.
2024-12-15 15:02:04.133 [info] Settings: No changes found during synchronizing settings.
2024-12-15 15:02:04.136 [info] Keybindings: No changes found during synchronizing keybindings.
2024-12-15 15:02:04.138 [info] Snippets: No changes found during synchronizing snippets.
2024-12-15 15:02:04.142 [info] Tasks: No changes found during synchronizing tasks.
2024-12-15 15:02:04.144 [info] GlobalState: No changes found during synchronizing ui state.
2024-12-15 15:02:04.165 [info] Extensions: No changes found during synchronizing extensions.
2024-12-15 15:02:04.165 [info] Profiles: No changes found during synchronizing profiles.
2024-12-15 15:02:04.166 [info] Sync done. Took 100ms
