2024-12-15 19:55:01.915 [info] Reading sessions from keychain...
2024-12-15 19:55:01.915 [info] Getting sessions for all scopes...
2024-12-15 19:55:01.915 [info] Getting sessions for all scopes...
2024-12-15 19:55:01.915 [info] Got stored sessions!
2024-12-15 19:55:01.915 [info] Got 1 verified sessions.
2024-12-15 19:55:01.915 [info] Got 1 sessions for ...
2024-12-15 19:55:01.915 [info] Got 1 sessions for ...
2024-12-15 19:55:01.918 [info] Getting sessions for user:email...
2024-12-15 19:55:01.918 [info] Got 1 sessions for user:email...
2024-12-15 19:55:01.919 [info] Getting sessions for all scopes...
2024-12-15 19:55:01.919 [info] Got 1 sessions for ...
2024-12-15 19:55:01.919 [info] Getting sessions for all scopes...
2024-12-15 19:55:01.919 [info] Got 1 sessions for ...
2024-12-15 19:55:01.919 [info] Getting sessions for all scopes...
2024-12-15 19:55:01.919 [info] Got 1 sessions for ...
2024-12-15 19:55:01.919 [info] Getting sessions for all scopes...
2024-12-15 19:55:01.919 [info] Got 1 sessions for ...
2024-12-15 19:55:01.919 [info] Getting sessions for all scopes...
2024-12-15 19:55:01.919 [info] Got 1 sessions for ...
2024-12-15 19:55:03.374 [info] Getting sessions for read:user,repo,user:email,workflow...
2024-12-15 19:55:03.374 [info] Got 0 sessions for read:user,repo,user:email,workflow...
2024-12-15 19:55:03.459 [info] Getting sessions for all scopes...
2024-12-15 19:55:03.459 [info] Got 1 sessions for ...
2024-12-15 19:55:03.460 [info] Getting sessions for all scopes...
2024-12-15 19:55:03.460 [info] Got 1 sessions for ...
2024-12-15 19:55:03.539 [info] Getting sessions for read:user...
2024-12-15 19:55:03.540 [info] Got 0 sessions for read:user...
2024-12-15 19:55:03.577 [info] Getting sessions for read:user,repo,user:email,workflow...
2024-12-15 19:55:03.577 [info] Got 0 sessions for read:user,repo,user:email,workflow...
2024-12-15 19:55:03.645 [info] Getting sessions for user:email...
2024-12-15 19:55:03.645 [info] Got 1 sessions for user:email...
2024-12-15 19:55:03.660 [info] Getting sessions for user:email...
2024-12-15 19:55:03.660 [info] Got 1 sessions for user:email...
2024-12-15 19:55:03.708 [info] Getting sessions for all scopes...
2024-12-15 19:55:03.708 [info] Got 1 sessions for ...
2024-12-15 19:55:04.709 [info] Getting sessions for all scopes...
2024-12-15 19:55:04.709 [info] Got 1 sessions for ...
2024-12-15 19:55:04.741 [info] Getting sessions for read:user,repo,user:email,workflow...
2024-12-15 19:55:04.741 [info] Got 0 sessions for read:user,repo,user:email,workflow...
2024-12-15 19:55:04.765 [info] Getting sessions for user:email...
2024-12-15 19:55:04.765 [info] Got 1 sessions for user:email...
2024-12-15 19:55:05.331 [info] Getting sessions for all scopes...
2024-12-15 19:55:05.331 [info] Got 1 sessions for ...
2024-12-15 19:55:05.730 [info] Getting sessions for read:user,repo,user:email,workflow...
2024-12-15 19:55:05.730 [info] Got 0 sessions for read:user,repo,user:email,workflow...
2024-12-15 19:55:05.730 [info] Getting sessions for read:user,repo,user:email,workflow...
2024-12-15 19:55:05.730 [info] Got 0 sessions for read:user,repo,user:email,workflow...
2024-12-15 19:55:05.846 [info] Getting sessions for user:email...
2024-12-15 19:55:05.846 [info] Got 1 sessions for user:email...
2024-12-15 19:55:06.030 [info] Getting sessions for all scopes...
2024-12-15 19:55:06.030 [info] Got 1 sessions for ...
2024-12-15 19:55:06.031 [info] Getting sessions for read:user,repo,user:email,workflow...
2024-12-15 19:55:06.031 [info] Got 0 sessions for read:user,repo,user:email,workflow...
2024-12-15 19:55:06.032 [info] Getting sessions for all scopes...
2024-12-15 19:55:06.032 [info] Got 1 sessions for ...
2024-12-15 19:55:06.032 [info] Getting sessions for read:user,repo,user:email,workflow...
2024-12-15 19:55:06.033 [info] Got 0 sessions for read:user,repo,user:email,workflow...
2024-12-15 19:55:06.033 [info] Getting sessions for user:email...
2024-12-15 19:55:06.033 [info] Got 1 sessions for user:email...
2024-12-15 20:10:06.147 [info] Getting sessions for all scopes...
2024-12-15 20:10:06.147 [info] Got 1 sessions for ...
2024-12-15 20:10:06.149 [info] Getting sessions for read:user,repo,user:email,workflow...
2024-12-15 20:10:06.149 [info] Got 0 sessions for read:user,repo,user:email,workflow...
2024-12-15 20:10:06.171 [info] Getting sessions for user:email...
2024-12-15 20:10:06.171 [info] Got 1 sessions for user:email...
2024-12-15 20:10:06.173 [info] Getting sessions for all scopes...
2024-12-15 20:10:06.173 [info] Got 1 sessions for ...
2024-12-15 20:10:06.173 [info] Getting sessions for read:user,repo,user:email,workflow...
2024-12-15 20:10:06.173 [info] Got 0 sessions for read:user,repo,user:email,workflow...
2024-12-15 20:10:06.174 [info] Getting sessions for user:email...
2024-12-15 20:10:06.174 [info] Got 1 sessions for user:email...
2024-12-15 20:25:06.569 [info] Getting sessions for all scopes...
2024-12-15 20:25:06.569 [info] Got 1 sessions for ...
2024-12-15 20:25:06.571 [info] Getting sessions for read:user,repo,user:email,workflow...
2024-12-15 20:25:06.571 [info] Got 0 sessions for read:user,repo,user:email,workflow...
2024-12-15 20:25:06.572 [info] Getting sessions for user:email...
2024-12-15 20:25:06.572 [info] Got 1 sessions for user:email...
2024-12-15 20:25:06.574 [info] Getting sessions for all scopes...
2024-12-15 20:25:06.574 [info] Got 1 sessions for ...
2024-12-15 20:25:06.575 [info] Getting sessions for read:user,repo,user:email,workflow...
2024-12-15 20:25:06.575 [info] Got 0 sessions for read:user,repo,user:email,workflow...
2024-12-15 20:25:06.576 [info] Getting sessions for user:email...
2024-12-15 20:25:06.576 [info] Got 1 sessions for user:email...
2024-12-15 20:40:06.879 [info] Getting sessions for all scopes...
2024-12-15 20:40:06.879 [info] Got 1 sessions for ...
2024-12-15 20:40:06.881 [info] Getting sessions for read:user,repo,user:email,workflow...
2024-12-15 20:40:06.881 [info] Got 0 sessions for read:user,repo,user:email,workflow...
2024-12-15 20:40:06.882 [info] Getting sessions for user:email...
2024-12-15 20:40:06.882 [info] Got 1 sessions for user:email...
2024-12-15 20:40:06.884 [info] Getting sessions for all scopes...
2024-12-15 20:40:06.884 [info] Got 1 sessions for ...
2024-12-15 20:40:06.885 [info] Getting sessions for read:user,repo,user:email,workflow...
2024-12-15 20:40:06.885 [info] Got 0 sessions for read:user,repo,user:email,workflow...
2024-12-15 20:40:06.886 [info] Getting sessions for user:email...
2024-12-15 20:40:06.886 [info] Got 1 sessions for user:email...
