2024-12-15 19:55:01.582 [info] Using settings sync service https://vscode-sync.trafficmanager.net/
2024-12-15 19:55:01.582 [info] Auto Sync is enabled.
2024-12-15 19:55:01.583 [info] Auto Sync: Suspended until auth token is available.
2024-12-15 19:55:01.927 [info] Auto Sync: Triggered by Interval
2024-12-15 19:55:01.928 [info] Sync started.
2024-12-15 19:55:02.445 [info] Settings: No changes found during synchronizing settings.
2024-12-15 19:55:02.460 [info] Keybindings: No changes found during synchronizing keybindings.
2024-12-15 19:55:02.462 [info] Snippets: No changes found during synchronizing snippets.
2024-12-15 19:55:02.464 [info] Tasks: No changes found during synchronizing tasks.
2024-12-15 19:55:02.467 [info] GlobalState: No changes found during synchronizing ui state.
2024-12-15 19:55:02.489 [info] Extensions: No changes found during synchronizing extensions.
2024-12-15 19:55:02.491 [info] Profiles: No changes found during synchronizing profiles.
2024-12-15 19:55:02.492 [info] Sync done. Took 567ms
2024-12-15 20:00:02.494 [info] Auto Sync: Triggered by Interval
2024-12-15 20:00:02.495 [info] Sync started.
2024-12-15 20:00:02.907 [info] Settings: No changes found during synchronizing settings.
2024-12-15 20:00:02.910 [info] Keybindings: No changes found during synchronizing keybindings.
2024-12-15 20:00:02.913 [info] Snippets: No changes found during synchronizing snippets.
2024-12-15 20:00:02.915 [info] Tasks: No changes found during synchronizing tasks.
2024-12-15 20:00:02.917 [info] GlobalState: No changes found during synchronizing ui state.
2024-12-15 20:00:02.940 [info] Extensions: No changes found during synchronizing extensions.
2024-12-15 20:00:02.941 [info] Profiles: No changes found during synchronizing profiles.
2024-12-15 20:00:02.942 [info] Sync done. Took 449ms
2024-12-15 20:05:02.946 [info] Auto Sync: Triggered by Interval
2024-12-15 20:05:02.946 [info] Sync started.
2024-12-15 20:05:03.540 [info] Settings: No changes found during synchronizing settings.
2024-12-15 20:05:03.542 [info] Keybindings: No changes found during synchronizing keybindings.
2024-12-15 20:05:03.544 [info] Snippets: No changes found during synchronizing snippets.
2024-12-15 20:05:03.546 [info] Tasks: No changes found during synchronizing tasks.
2024-12-15 20:05:03.549 [info] GlobalState: No changes found during synchronizing ui state.
2024-12-15 20:05:03.573 [info] Extensions: No changes found during synchronizing extensions.
2024-12-15 20:05:03.574 [info] Profiles: No changes found during synchronizing profiles.
2024-12-15 20:05:03.575 [info] Sync done. Took 630ms
2024-12-15 20:10:03.578 [info] Auto Sync: Triggered by Interval
2024-12-15 20:10:03.578 [info] Sync started.
2024-12-15 20:10:03.848 [info] Settings: No changes found during synchronizing settings.
2024-12-15 20:10:03.851 [info] Keybindings: No changes found during synchronizing keybindings.
2024-12-15 20:10:03.853 [info] Snippets: No changes found during synchronizing snippets.
2024-12-15 20:10:03.855 [info] Tasks: No changes found during synchronizing tasks.
2024-12-15 20:10:03.857 [info] GlobalState: No changes found during synchronizing ui state.
2024-12-15 20:10:03.877 [info] Extensions: No changes found during synchronizing extensions.
2024-12-15 20:10:03.877 [info] Profiles: No changes found during synchronizing profiles.
2024-12-15 20:10:03.878 [info] Sync done. Took 302ms
2024-12-15 20:15:03.881 [info] Auto Sync: Triggered by Interval
2024-12-15 20:15:03.882 [info] Sync started.
2024-12-15 20:15:04.331 [info] Settings: No changes found during synchronizing settings.
2024-12-15 20:15:04.334 [info] Keybindings: No changes found during synchronizing keybindings.
2024-12-15 20:15:04.336 [info] Snippets: No changes found during synchronizing snippets.
2024-12-15 20:15:04.338 [info] Tasks: No changes found during synchronizing tasks.
2024-12-15 20:15:04.340 [info] GlobalState: No changes found during synchronizing ui state.
2024-12-15 20:15:04.359 [info] Extensions: No changes found during synchronizing extensions.
2024-12-15 20:15:04.360 [info] Profiles: No changes found during synchronizing profiles.
2024-12-15 20:15:04.361 [info] Sync done. Took 480ms
2024-12-15 20:20:04.365 [info] Auto Sync: Triggered by Interval
2024-12-15 20:20:04.365 [info] Sync started.
2024-12-15 20:20:04.731 [info] Settings: No changes found during synchronizing settings.
2024-12-15 20:20:04.733 [info] Keybindings: No changes found during synchronizing keybindings.
2024-12-15 20:20:04.735 [info] Snippets: No changes found during synchronizing snippets.
2024-12-15 20:20:04.737 [info] Tasks: No changes found during synchronizing tasks.
2024-12-15 20:20:04.740 [info] GlobalState: No changes found during synchronizing ui state.
2024-12-15 20:20:04.760 [info] Extensions: No changes found during synchronizing extensions.
2024-12-15 20:20:04.761 [info] Profiles: No changes found during synchronizing profiles.
2024-12-15 20:20:04.761 [info] Sync done. Took 397ms
2024-12-15 20:25:04.764 [info] Auto Sync: Triggered by Interval
2024-12-15 20:25:04.765 [info] Sync started.
2024-12-15 20:25:05.103 [info] Settings: No changes found during synchronizing settings.
2024-12-15 20:25:05.105 [info] Keybindings: No changes found during synchronizing keybindings.
2024-12-15 20:25:05.107 [info] Snippets: No changes found during synchronizing snippets.
2024-12-15 20:25:05.109 [info] Tasks: No changes found during synchronizing tasks.
2024-12-15 20:25:05.111 [info] GlobalState: No changes found during synchronizing ui state.
2024-12-15 20:25:05.132 [info] Extensions: No changes found during synchronizing extensions.
2024-12-15 20:25:05.133 [info] Profiles: No changes found during synchronizing profiles.
2024-12-15 20:25:05.133 [info] Sync done. Took 370ms
2024-12-15 20:30:05.137 [info] Auto Sync: Triggered by Interval
2024-12-15 20:30:05.138 [info] Sync started.
2024-12-15 20:30:05.551 [info] Settings: No changes found during synchronizing settings.
2024-12-15 20:30:05.554 [info] Keybindings: No changes found during synchronizing keybindings.
2024-12-15 20:30:05.556 [info] Snippets: No changes found during synchronizing snippets.
2024-12-15 20:30:05.558 [info] Tasks: No changes found during synchronizing tasks.
2024-12-15 20:30:05.560 [info] GlobalState: No changes found during synchronizing ui state.
2024-12-15 20:30:05.580 [info] Extensions: No changes found during synchronizing extensions.
2024-12-15 20:30:05.581 [info] Profiles: No changes found during synchronizing profiles.
2024-12-15 20:30:05.582 [info] Sync done. Took 445ms
2024-12-15 20:30:31.526 [info] Auto Sync: Triggered by Activity
2024-12-15 20:30:31.527 [info] Sync started.
2024-12-15 20:30:31.634 [info] Settings: No changes found during synchronizing settings.
2024-12-15 20:30:31.637 [info] Keybindings: No changes found during synchronizing keybindings.
2024-12-15 20:30:31.639 [info] Snippets: No changes found during synchronizing snippets.
2024-12-15 20:30:31.641 [info] Tasks: No changes found during synchronizing tasks.
2024-12-15 20:30:31.643 [info] GlobalState: No changes found during synchronizing ui state.
2024-12-15 20:30:31.663 [info] Extensions: No changes found during synchronizing extensions.
2024-12-15 20:30:31.664 [info] Profiles: No changes found during synchronizing profiles.
2024-12-15 20:30:31.665 [info] Sync done. Took 140ms
2024-12-15 20:35:31.693 [info] Auto Sync: Triggered by Interval
2024-12-15 20:35:31.693 [info] Sync started.
2024-12-15 20:35:32.012 [info] Settings: No changes found during synchronizing settings.
2024-12-15 20:35:32.015 [info] Keybindings: No changes found during synchronizing keybindings.
2024-12-15 20:35:32.017 [info] Snippets: No changes found during synchronizing snippets.
2024-12-15 20:35:32.019 [info] Tasks: No changes found during synchronizing tasks.
2024-12-15 20:35:32.021 [info] GlobalState: No changes found during synchronizing ui state.
2024-12-15 20:35:32.043 [info] Extensions: No changes found during synchronizing extensions.
2024-12-15 20:35:32.043 [info] Profiles: No changes found during synchronizing profiles.
2024-12-15 20:35:32.044 [info] Sync done. Took 352ms
2024-12-15 20:37:01.562 [info] Auto Sync: Triggered by Activity
2024-12-15 20:37:01.562 [info] Sync started.
2024-12-15 20:37:01.651 [info] Settings: No changes found during synchronizing settings.
2024-12-15 20:37:01.654 [info] Keybindings: No changes found during synchronizing keybindings.
2024-12-15 20:37:01.656 [info] Snippets: No changes found during synchronizing snippets.
2024-12-15 20:37:01.658 [info] Tasks: No changes found during synchronizing tasks.
2024-12-15 20:37:01.659 [info] GlobalState: No changes found during synchronizing ui state.
2024-12-15 20:37:01.680 [info] Extensions: No changes found during synchronizing extensions.
2024-12-15 20:37:01.681 [info] Profiles: No changes found during synchronizing profiles.
2024-12-15 20:37:01.682 [info] Sync done. Took 121ms
2024-12-15 20:42:01.685 [info] Auto Sync: Triggered by Interval
2024-12-15 20:42:01.685 [info] Sync started.
2024-12-15 20:42:02.003 [info] Settings: No changes found during synchronizing settings.
2024-12-15 20:42:02.005 [info] Keybindings: No changes found during synchronizing keybindings.
2024-12-15 20:42:02.007 [info] Snippets: No changes found during synchronizing snippets.
2024-12-15 20:42:02.009 [info] Tasks: No changes found during synchronizing tasks.
2024-12-15 20:42:02.011 [info] GlobalState: No changes found during synchronizing ui state.
2024-12-15 20:42:02.038 [info] Extensions: No changes found during synchronizing extensions.
2024-12-15 20:42:02.039 [info] Profiles: No changes found during synchronizing profiles.
2024-12-15 20:42:02.039 [info] Sync done. Took 356ms
