2024-12-15 15:02:25.058 [info] Reading sessions from keychain...
2024-12-15 15:02:25.058 [info] Getting sessions for all scopes...
2024-12-15 15:02:25.058 [info] Getting sessions for all scopes...
2024-12-15 15:02:25.058 [info] Got stored sessions!
2024-12-15 15:02:25.058 [info] Got 1 verified sessions.
2024-12-15 15:02:25.058 [info] Got 1 sessions for ...
2024-12-15 15:02:25.058 [info] Got 1 sessions for ...
2024-12-15 15:02:25.074 [info] Getting sessions for user:email...
2024-12-15 15:02:25.074 [info] Got 1 sessions for user:email...
2024-12-15 15:02:25.149 [info] Getting sessions for all scopes...
2024-12-15 15:02:25.149 [info] Got 1 sessions for ...
2024-12-15 15:02:25.149 [info] Getting sessions for all scopes...
2024-12-15 15:02:25.149 [info] Got 1 sessions for ...
2024-12-15 15:02:25.149 [info] Getting sessions for all scopes...
2024-12-15 15:02:25.149 [info] Got 1 sessions for ...
2024-12-15 15:02:25.149 [info] Getting sessions for all scopes...
2024-12-15 15:02:25.150 [info] Got 1 sessions for ...
2024-12-15 15:02:25.150 [info] Getting sessions for all scopes...
2024-12-15 15:02:25.150 [info] Got 1 sessions for ...
2024-12-15 15:02:26.541 [info] Getting sessions for read:user,repo,user:email,workflow...
2024-12-15 15:02:26.541 [info] Got 0 sessions for read:user,repo,user:email,workflow...
2024-12-15 15:02:26.615 [info] Getting sessions for all scopes...
2024-12-15 15:02:26.615 [info] Got 1 sessions for ...
2024-12-15 15:02:26.615 [info] Getting sessions for all scopes...
2024-12-15 15:02:26.615 [info] Got 1 sessions for ...
2024-12-15 15:02:26.700 [info] Getting sessions for read:user...
2024-12-15 15:02:26.700 [info] Got 0 sessions for read:user...
2024-12-15 15:02:26.737 [info] Getting sessions for read:user,repo,user:email,workflow...
2024-12-15 15:02:26.737 [info] Got 0 sessions for read:user,repo,user:email,workflow...
2024-12-15 15:02:26.778 [info] Getting sessions for user:email...
2024-12-15 15:02:26.778 [info] Got 1 sessions for user:email...
2024-12-15 15:02:26.794 [info] Getting sessions for user:email...
2024-12-15 15:02:26.794 [info] Got 1 sessions for user:email...
2024-12-15 15:02:26.843 [info] Getting sessions for all scopes...
2024-12-15 15:02:26.843 [info] Got 1 sessions for ...
2024-12-15 15:02:27.878 [info] Getting sessions for all scopes...
2024-12-15 15:02:27.879 [info] Got 1 sessions for ...
2024-12-15 15:02:27.882 [info] Getting sessions for read:user,repo,user:email,workflow...
2024-12-15 15:02:27.882 [info] Got 0 sessions for read:user,repo,user:email,workflow...
2024-12-15 15:02:28.043 [info] Getting sessions for user:email...
2024-12-15 15:02:28.043 [info] Got 1 sessions for user:email...
2024-12-15 15:02:28.278 [info] Getting sessions for all scopes...
2024-12-15 15:02:28.278 [info] Got 1 sessions for ...
2024-12-15 15:02:28.338 [info] Getting sessions for read:user,repo,user:email,workflow...
2024-12-15 15:02:28.338 [info] Got 0 sessions for read:user,repo,user:email,workflow...
2024-12-15 15:02:28.344 [info] Getting sessions for user:email...
2024-12-15 15:02:28.344 [info] Got 1 sessions for user:email...
2024-12-15 15:02:28.622 [info] Getting sessions for read:user,repo,user:email,workflow...
2024-12-15 15:02:28.622 [info] Got 0 sessions for read:user,repo,user:email,workflow...
2024-12-15 15:02:28.945 [info] Getting sessions for all scopes...
2024-12-15 15:02:28.945 [info] Got 1 sessions for ...
2024-12-15 15:02:28.946 [info] Getting sessions for read:user,repo,user:email,workflow...
2024-12-15 15:02:28.946 [info] Got 0 sessions for read:user,repo,user:email,workflow...
2024-12-15 15:02:28.947 [info] Getting sessions for all scopes...
2024-12-15 15:02:28.947 [info] Got 1 sessions for ...
2024-12-15 15:02:28.948 [info] Getting sessions for read:user,repo,user:email,workflow...
2024-12-15 15:02:28.948 [info] Got 0 sessions for read:user,repo,user:email,workflow...
2024-12-15 15:02:28.949 [info] Getting sessions for user:email...
2024-12-15 15:02:28.949 [info] Got 1 sessions for user:email...
2024-12-15 15:17:28.669 [info] Getting sessions for all scopes...
2024-12-15 15:17:28.669 [info] Got 1 sessions for ...
2024-12-15 15:17:28.671 [info] Getting sessions for read:user,repo,user:email,workflow...
2024-12-15 15:17:28.671 [info] Got 0 sessions for read:user,repo,user:email,workflow...
2024-12-15 15:17:28.672 [info] Getting sessions for user:email...
2024-12-15 15:17:28.672 [info] Got 1 sessions for user:email...
2024-12-15 15:17:28.674 [info] Getting sessions for all scopes...
2024-12-15 15:17:28.674 [info] Got 1 sessions for ...
2024-12-15 15:17:28.675 [info] Getting sessions for read:user,repo,user:email,workflow...
2024-12-15 15:17:28.675 [info] Got 0 sessions for read:user,repo,user:email,workflow...
2024-12-15 15:17:28.676 [info] Getting sessions for user:email...
2024-12-15 15:17:28.676 [info] Got 1 sessions for user:email...
2024-12-15 15:32:28.966 [info] Getting sessions for all scopes...
2024-12-15 15:32:28.966 [info] Got 1 sessions for ...
2024-12-15 15:32:28.967 [info] Getting sessions for read:user,repo,user:email,workflow...
2024-12-15 15:32:28.967 [info] Got 0 sessions for read:user,repo,user:email,workflow...
2024-12-15 15:32:28.968 [info] Getting sessions for user:email...
2024-12-15 15:32:28.968 [info] Got 1 sessions for user:email...
2024-12-15 15:32:28.970 [info] Getting sessions for all scopes...
2024-12-15 15:32:28.970 [info] Got 1 sessions for ...
2024-12-15 15:32:28.971 [info] Getting sessions for read:user,repo,user:email,workflow...
2024-12-15 15:32:28.971 [info] Got 0 sessions for read:user,repo,user:email,workflow...
2024-12-15 15:32:28.972 [info] Getting sessions for user:email...
2024-12-15 15:32:28.972 [info] Got 1 sessions for user:email...
