2024-12-16 17:28:47.623 [info] Getting Manifest... m-thorsen.vscode-materia
2024-12-16 17:28:47.623 [info] Getting Manifest... dooez.alt-catppuccin-vsc
2024-12-16 17:28:48.050 [info] Installing extension: dooez.alt-catppuccin-vsc {"isMachineScoped":false,"donotIncludePackAndDependencies":true,"installGivenVersion":false,"pinned":false,"installPreReleaseVersion":false,"profileLocation":{"$mid":1,"external":"vscode-userdata:/home/human/.vscode/extensions/extensions.json","path":"/home/human/.vscode/extensions/extensions.json","scheme":"vscode-userdata"},"isApplicationScoped":false,"context":{"skipWalkthrough":true,"extensionInstallSource":"settingsSync"},"installOnlyNewlyAddedFromExtensionPack":true,"productVersion":{"version":"1.96.0","date":"2024-12-11T02:29:09.626Z"}}
2024-12-16 17:28:48.051 [info] Installing extension: m-thorsen.vscode-materia {"isMachineScoped":false,"donotIncludePackAndDependencies":true,"installGivenVersion":false,"pinned":false,"installPreReleaseVersion":false,"profileLocation":{"$mid":1,"external":"vscode-userdata:/home/human/.vscode/extensions/extensions.json","path":"/home/human/.vscode/extensions/extensions.json","scheme":"vscode-userdata"},"isApplicationScoped":false,"context":{"skipWalkthrough":true,"extensionInstallSource":"settingsSync"},"installOnlyNewlyAddedFromExtensionPack":true,"productVersion":{"version":"1.96.0","date":"2024-12-11T02:29:09.626Z"}}
2024-12-16 17:28:48.051 [info] Installing the extension without checking dependencies and pack dooez.alt-catppuccin-vsc
2024-12-16 17:28:48.051 [info] Installing the extension without checking dependencies and pack m-thorsen.vscode-materia
2024-12-16 17:28:48.742 [info] Extension signature verification result for dooez.alt-catppuccin-vsc: UnknownError. Executed: true. Duration: 17ms.
2024-12-16 17:28:48.797 [info] Extracted extension to file:///home/human/.vscode/extensions/dooez.alt-catppuccin-vsc-2.7.4: dooez.alt-catppuccin-vsc
2024-12-16 17:28:48.801 [info] Renamed to /home/human/.vscode/extensions/dooez.alt-catppuccin-vsc-2.7.4
2024-12-16 17:28:48.885 [error] [uncaught exception in sharedProcess]: Error: ENOENT: no such file or directory, stat '/home/human/.vscode/extensions/extensions.json.vsctmp': EntryNotFound (FileSystemError): Error: ENOENT: no such file or directory, stat '/home/human/.vscode/extensions/extensions.json.vsctmp'
    at Gm.create (file:///opt/visual-studio-code/resources/app/out/vs/code/electron-utility/sharedProcess/sharedProcessMain.js:35:39624)
    at xs (file:///opt/visual-studio-code/resources/app/out/vs/code/electron-utility/sharedProcess/sharedProcessMain.js:35:39731)
    at Vr.ib (file:///opt/visual-studio-code/resources/app/out/vs/code/electron-utility/sharedProcess/sharedProcessMain.js:78:22778)
    at Vr.stat (file:///opt/visual-studio-code/resources/app/out/vs/code/electron-utility/sharedProcess/sharedProcessMain.js:78:16010)
    at async wh.stat (file:///opt/visual-studio-code/resources/app/out/vs/code/electron-utility/sharedProcess/sharedProcessMain.js:77:85488)
    at async fh.Ab (file:///opt/visual-studio-code/resources/app/out/vs/code/electron-utility/sharedProcess/sharedProcessMain.js:77:67180)
2024-12-16 17:28:48.980 [info] Extension signature verification result for m-thorsen.vscode-materia: UnknownError. Executed: true. Duration: 8ms.
2024-12-16 17:28:48.994 [info] Extracted extension to file:///home/human/.vscode/extensions/m-thorsen.vscode-materia-0.8.0: m-thorsen.vscode-materia
2024-12-16 17:28:48.998 [info] Renamed to /home/human/.vscode/extensions/m-thorsen.vscode-materia-0.8.0
2024-12-16 17:28:49.012 [info] Extension installed successfully: dooez.alt-catppuccin-vsc vscode-userdata:/home/human/.vscode/extensions/extensions.json
2024-12-16 17:28:49.012 [info] Extension installed successfully: m-thorsen.vscode-materia vscode-userdata:/home/human/.vscode/extensions/extensions.json
2024-12-16 17:28:49.086 [error] [uncaught exception in sharedProcess]: Error: ENOENT: no such file or directory, stat '/home/human/.vscode/extensions/extensions.json.vsctmp': EntryNotFound (FileSystemError): Error: ENOENT: no such file or directory, stat '/home/human/.vscode/extensions/extensions.json.vsctmp'
    at Gm.create (file:///opt/visual-studio-code/resources/app/out/vs/code/electron-utility/sharedProcess/sharedProcessMain.js:35:39624)
    at xs (file:///opt/visual-studio-code/resources/app/out/vs/code/electron-utility/sharedProcess/sharedProcessMain.js:35:39731)
    at Vr.ib (file:///opt/visual-studio-code/resources/app/out/vs/code/electron-utility/sharedProcess/sharedProcessMain.js:78:22778)
    at Vr.stat (file:///opt/visual-studio-code/resources/app/out/vs/code/electron-utility/sharedProcess/sharedProcessMain.js:78:16010)
    at async wh.stat (file:///opt/visual-studio-code/resources/app/out/vs/code/electron-utility/sharedProcess/sharedProcessMain.js:77:85488)
    at async fh.Ab (file:///opt/visual-studio-code/resources/app/out/vs/code/electron-utility/sharedProcess/sharedProcessMain.js:77:67180)
