2024-12-16 17:28:45.560 [info] Using settings sync service https://vscode-sync.trafficmanager.net/
2024-12-16 17:28:45.560 [info] Auto Sync is enabled.
2024-12-16 17:28:45.560 [info] Auto Sync: Suspended until auth token is available.
2024-12-16 17:28:46.067 [info] Auto Sync: Triggered by Interval
2024-12-16 17:28:46.068 [info] Sync started.
2024-12-16 17:28:46.668 [info] Settings: No changes found during synchronizing settings.
2024-12-16 17:28:46.763 [info] Keybindings: No changes found during synchronizing keybindings.
2024-12-16 17:28:46.765 [info] Keybindings: Updated last synchronized keybindings
2024-12-16 17:28:46.767 [info] Snippets: No changes found during synchronizing snippets.
2024-12-16 17:28:46.768 [info] Tasks: No changes found during synchronizing tasks.
2024-12-16 17:28:47.094 [info] GlobalState: Updated remote ui state. Updated: cpp.1.lastSessionDate,cpp.1.sessionCount,java.2.lastSessionDate,java.2.sessionCount,javascript.1.lastSessionDate,javascript.1.sessionCount,typescript.1.lastSessionDate,typescript.1.sessionCount,csharp.1.lastSessionDate,csharp.1.sessionCount.
2024-12-16 17:28:47.096 [info] GlobalState: Updated last synchronized ui state
2024-12-16 17:28:49.013 [info] Extensions: Installed extension. dooez.alt-catppuccin-vsc 2.7.4
2024-12-16 17:28:49.013 [info] Extensions: Installed extension. m-thorsen.vscode-materia 0.8.0
2024-12-16 17:28:49.015 [info] Extensions: Updated last synchronized extensions.
2024-12-16 17:28:49.017 [info] Profiles: No changes found during synchronizing profiles.
2024-12-16 17:28:49.018 [info] Sync done. Took 2951ms
2024-12-16 17:33:49.024 [info] Auto Sync: Triggered by Interval
2024-12-16 17:33:49.024 [info] Sync started.
2024-12-16 17:33:50.944 [info] Settings: No changes found during synchronizing settings.
2024-12-16 17:33:50.945 [info] Keybindings: No changes found during synchronizing keybindings.
2024-12-16 17:33:50.947 [info] Snippets: No changes found during synchronizing snippets.
2024-12-16 17:33:50.948 [info] Tasks: No changes found during synchronizing tasks.
2024-12-16 17:33:50.949 [info] GlobalState: No changes found during synchronizing ui state.
2024-12-16 17:33:50.969 [info] Extensions: No changes found during synchronizing extensions.
2024-12-16 17:33:50.970 [info] Profiles: No changes found during synchronizing profiles.
2024-12-16 17:33:50.971 [info] Sync done. Took 1949ms
2024-12-16 17:38:50.978 [info] Auto Sync: Triggered by Interval
2024-12-16 17:38:50.978 [info] Sync started.
2024-12-16 17:38:51.405 [info] Settings: No changes found during synchronizing settings.
2024-12-16 17:38:51.407 [info] Keybindings: No changes found during synchronizing keybindings.
2024-12-16 17:38:51.409 [info] Snippets: No changes found during synchronizing snippets.
2024-12-16 17:38:51.410 [info] Tasks: No changes found during synchronizing tasks.
2024-12-16 17:38:51.412 [info] GlobalState: No changes found during synchronizing ui state.
2024-12-16 17:38:51.434 [info] Extensions: No changes found during synchronizing extensions.
2024-12-16 17:38:51.435 [info] Profiles: No changes found during synchronizing profiles.
2024-12-16 17:38:51.435 [info] Sync done. Took 459ms
2024-12-16 17:43:51.443 [info] Auto Sync: Triggered by Interval
2024-12-16 17:43:51.443 [info] Sync started.
2024-12-16 17:43:51.882 [info] Settings: No changes found during synchronizing settings.
2024-12-16 17:43:51.884 [info] Keybindings: No changes found during synchronizing keybindings.
2024-12-16 17:43:51.885 [info] Snippets: No changes found during synchronizing snippets.
2024-12-16 17:43:51.887 [info] Tasks: No changes found during synchronizing tasks.
2024-12-16 17:43:51.889 [info] GlobalState: No changes found during synchronizing ui state.
2024-12-16 17:43:51.908 [info] Extensions: No changes found during synchronizing extensions.
2024-12-16 17:43:51.909 [info] Profiles: No changes found during synchronizing profiles.
2024-12-16 17:43:51.910 [info] Sync done. Took 468ms
2024-12-16 17:48:51.917 [info] Auto Sync: Triggered by Interval
2024-12-16 17:48:51.918 [info] Sync started.
2024-12-16 17:48:52.394 [info] Settings: No changes found during synchronizing settings.
2024-12-16 17:48:52.396 [info] Keybindings: No changes found during synchronizing keybindings.
2024-12-16 17:48:52.397 [info] Snippets: No changes found during synchronizing snippets.
2024-12-16 17:48:52.399 [info] Tasks: No changes found during synchronizing tasks.
2024-12-16 17:48:52.401 [info] GlobalState: No changes found during synchronizing ui state.
2024-12-16 17:48:52.423 [info] Extensions: No changes found during synchronizing extensions.
2024-12-16 17:48:52.423 [info] Profiles: No changes found during synchronizing profiles.
2024-12-16 17:48:52.426 [info] Sync done. Took 509ms
2024-12-16 17:53:52.432 [info] Auto Sync: Triggered by Interval
2024-12-16 17:53:52.432 [info] Sync started.
2024-12-16 17:53:52.795 [info] Settings: No changes found during synchronizing settings.
2024-12-16 17:53:52.796 [info] Keybindings: No changes found during synchronizing keybindings.
2024-12-16 17:53:52.798 [info] Snippets: No changes found during synchronizing snippets.
2024-12-16 17:53:52.800 [info] Tasks: No changes found during synchronizing tasks.
2024-12-16 17:53:52.802 [info] GlobalState: No changes found during synchronizing ui state.
2024-12-16 17:53:52.823 [info] Extensions: No changes found during synchronizing extensions.
2024-12-16 17:53:52.824 [info] Profiles: No changes found during synchronizing profiles.
2024-12-16 17:53:52.824 [info] Sync done. Took 393ms
2024-12-16 17:58:52.829 [info] Auto Sync: Triggered by Interval
2024-12-16 17:58:52.829 [info] Sync started.
2024-12-16 17:58:53.289 [info] Settings: No changes found during synchronizing settings.
2024-12-16 17:58:53.292 [info] Keybindings: No changes found during synchronizing keybindings.
2024-12-16 17:58:53.293 [info] Snippets: No changes found during synchronizing snippets.
2024-12-16 17:58:53.295 [info] Tasks: No changes found during synchronizing tasks.
2024-12-16 17:58:53.297 [info] GlobalState: No changes found during synchronizing ui state.
2024-12-16 17:58:53.316 [info] Extensions: No changes found during synchronizing extensions.
2024-12-16 17:58:53.317 [info] Profiles: No changes found during synchronizing profiles.
2024-12-16 17:58:53.317 [info] Sync done. Took 490ms
2024-12-16 18:03:53.325 [info] Auto Sync: Triggered by Interval
2024-12-16 18:03:53.326 [info] Sync started.
2024-12-16 18:03:53.750 [info] Settings: No changes found during synchronizing settings.
2024-12-16 18:03:53.752 [info] Keybindings: No changes found during synchronizing keybindings.
2024-12-16 18:03:53.753 [info] Snippets: No changes found during synchronizing snippets.
2024-12-16 18:03:53.755 [info] Tasks: No changes found during synchronizing tasks.
2024-12-16 18:03:53.756 [info] GlobalState: No changes found during synchronizing ui state.
2024-12-16 18:03:53.777 [info] Extensions: No changes found during synchronizing extensions.
2024-12-16 18:03:53.777 [info] Profiles: No changes found during synchronizing profiles.
2024-12-16 18:03:53.778 [info] Sync done. Took 454ms
2024-12-16 18:08:53.787 [info] Auto Sync: Triggered by Interval
2024-12-16 18:08:53.787 [info] Sync started.
2024-12-16 18:08:54.026 [info] Settings: No changes found during synchronizing settings.
2024-12-16 18:08:54.028 [info] Keybindings: No changes found during synchronizing keybindings.
2024-12-16 18:08:54.030 [info] Snippets: No changes found during synchronizing snippets.
2024-12-16 18:08:54.032 [info] Tasks: No changes found during synchronizing tasks.
2024-12-16 18:08:54.034 [info] GlobalState: No changes found during synchronizing ui state.
2024-12-16 18:08:54.052 [info] Extensions: No changes found during synchronizing extensions.
2024-12-16 18:08:54.052 [info] Profiles: No changes found during synchronizing profiles.
2024-12-16 18:08:54.053 [info] Sync done. Took 267ms
2024-12-16 18:13:54.062 [info] Auto Sync: Triggered by Interval
2024-12-16 18:13:54.062 [info] Sync started.
2024-12-16 18:13:54.420 [info] Settings: No changes found during synchronizing settings.
2024-12-16 18:13:54.422 [info] Keybindings: No changes found during synchronizing keybindings.
2024-12-16 18:13:54.424 [info] Snippets: No changes found during synchronizing snippets.
2024-12-16 18:13:54.426 [info] Tasks: No changes found during synchronizing tasks.
2024-12-16 18:13:54.428 [info] GlobalState: No changes found during synchronizing ui state.
2024-12-16 18:13:54.446 [info] Extensions: No changes found during synchronizing extensions.
2024-12-16 18:13:54.447 [info] Profiles: No changes found during synchronizing profiles.
2024-12-16 18:13:54.447 [info] Sync done. Took 387ms
2024-12-16 18:18:54.456 [info] Auto Sync: Triggered by Interval
2024-12-16 18:18:54.456 [info] Sync started.
2024-12-16 18:18:54.816 [info] Settings: No changes found during synchronizing settings.
2024-12-16 18:18:54.818 [info] Keybindings: No changes found during synchronizing keybindings.
2024-12-16 18:18:54.820 [info] Snippets: No changes found during synchronizing snippets.
2024-12-16 18:18:54.821 [info] Tasks: No changes found during synchronizing tasks.
2024-12-16 18:18:54.823 [info] GlobalState: No changes found during synchronizing ui state.
2024-12-16 18:18:54.842 [info] Extensions: No changes found during synchronizing extensions.
2024-12-16 18:18:54.843 [info] Profiles: No changes found during synchronizing profiles.
2024-12-16 18:18:54.845 [info] Sync done. Took 390ms
2024-12-16 18:23:54.854 [info] Auto Sync: Triggered by Interval
2024-12-16 18:23:54.854 [info] Sync started.
2024-12-16 18:23:55.273 [info] Settings: No changes found during synchronizing settings.
2024-12-16 18:23:55.275 [info] Keybindings: No changes found during synchronizing keybindings.
2024-12-16 18:23:55.277 [info] Snippets: No changes found during synchronizing snippets.
2024-12-16 18:23:55.278 [info] Tasks: No changes found during synchronizing tasks.
2024-12-16 18:23:55.281 [info] GlobalState: No changes found during synchronizing ui state.
2024-12-16 18:23:55.303 [info] Extensions: No changes found during synchronizing extensions.
2024-12-16 18:23:55.304 [info] Profiles: No changes found during synchronizing profiles.
2024-12-16 18:23:55.304 [info] Sync done. Took 452ms
2024-12-16 18:28:55.313 [info] Auto Sync: Triggered by Interval
2024-12-16 18:28:55.313 [info] Sync started.
2024-12-16 18:28:55.703 [info] Settings: No changes found during synchronizing settings.
2024-12-16 18:28:55.705 [info] Keybindings: No changes found during synchronizing keybindings.
2024-12-16 18:28:55.706 [info] Snippets: No changes found during synchronizing snippets.
2024-12-16 18:28:55.708 [info] Tasks: No changes found during synchronizing tasks.
2024-12-16 18:28:55.710 [info] GlobalState: No changes found during synchronizing ui state.
2024-12-16 18:28:55.728 [info] Extensions: No changes found during synchronizing extensions.
2024-12-16 18:28:55.729 [info] Profiles: No changes found during synchronizing profiles.
2024-12-16 18:28:55.730 [info] Sync done. Took 419ms
2024-12-16 18:33:55.739 [info] Auto Sync: Triggered by Interval
2024-12-16 18:33:55.740 [info] Sync started.
2024-12-16 18:33:56.004 [info] Settings: No changes found during synchronizing settings.
2024-12-16 18:33:56.006 [info] Keybindings: No changes found during synchronizing keybindings.
2024-12-16 18:33:56.008 [info] Snippets: No changes found during synchronizing snippets.
2024-12-16 18:33:56.009 [info] Tasks: No changes found during synchronizing tasks.
2024-12-16 18:33:56.011 [info] GlobalState: No changes found during synchronizing ui state.
2024-12-16 18:33:56.029 [info] Extensions: No changes found during synchronizing extensions.
2024-12-16 18:33:56.030 [info] Profiles: No changes found during synchronizing profiles.
2024-12-16 18:33:56.030 [info] Sync done. Took 293ms
2024-12-16 18:38:56.038 [info] Auto Sync: Triggered by Interval
2024-12-16 18:38:56.038 [info] Sync started.
2024-12-16 18:38:56.422 [info] Settings: No changes found during synchronizing settings.
2024-12-16 18:38:56.424 [info] Keybindings: No changes found during synchronizing keybindings.
2024-12-16 18:38:56.426 [info] Snippets: No changes found during synchronizing snippets.
2024-12-16 18:38:56.427 [info] Tasks: No changes found during synchronizing tasks.
2024-12-16 18:38:56.429 [info] GlobalState: No changes found during synchronizing ui state.
2024-12-16 18:38:56.448 [info] Extensions: No changes found during synchronizing extensions.
2024-12-16 18:38:56.449 [info] Profiles: No changes found during synchronizing profiles.
2024-12-16 18:38:56.449 [info] Sync done. Took 413ms
2024-12-16 18:43:56.457 [info] Auto Sync: Triggered by Interval
2024-12-16 18:43:56.457 [info] Sync started.
2024-12-16 18:43:56.683 [info] Settings: No changes found during synchronizing settings.
2024-12-16 18:43:56.685 [info] Keybindings: No changes found during synchronizing keybindings.
2024-12-16 18:43:56.686 [info] Snippets: No changes found during synchronizing snippets.
2024-12-16 18:43:56.688 [info] Tasks: No changes found during synchronizing tasks.
2024-12-16 18:43:56.690 [info] GlobalState: No changes found during synchronizing ui state.
2024-12-16 18:43:56.709 [info] Extensions: No changes found during synchronizing extensions.
2024-12-16 18:43:56.711 [info] Profiles: No changes found during synchronizing profiles.
2024-12-16 18:43:56.712 [info] Sync done. Took 256ms
2024-12-16 18:48:56.720 [info] Auto Sync: Triggered by Interval
2024-12-16 18:48:56.720 [info] Sync started.
2024-12-16 18:48:57.178 [info] Settings: No changes found during synchronizing settings.
2024-12-16 18:48:57.180 [info] Keybindings: No changes found during synchronizing keybindings.
2024-12-16 18:48:57.182 [info] Snippets: No changes found during synchronizing snippets.
2024-12-16 18:48:57.183 [info] Tasks: No changes found during synchronizing tasks.
2024-12-16 18:48:57.186 [info] GlobalState: No changes found during synchronizing ui state.
2024-12-16 18:48:57.206 [info] Extensions: No changes found during synchronizing extensions.
2024-12-16 18:48:57.206 [info] Profiles: No changes found during synchronizing profiles.
2024-12-16 18:48:57.207 [info] Sync done. Took 488ms
2024-12-16 18:53:57.215 [info] Auto Sync: Triggered by Interval
2024-12-16 18:53:57.216 [info] Sync started.
2024-12-16 18:53:57.445 [info] Settings: No changes found during synchronizing settings.
2024-12-16 18:53:57.447 [info] Keybindings: No changes found during synchronizing keybindings.
2024-12-16 18:53:57.448 [info] Snippets: No changes found during synchronizing snippets.
2024-12-16 18:53:57.450 [info] Tasks: No changes found during synchronizing tasks.
2024-12-16 18:53:57.452 [info] GlobalState: No changes found during synchronizing ui state.
2024-12-16 18:53:57.473 [info] Extensions: No changes found during synchronizing extensions.
2024-12-16 18:53:57.474 [info] Profiles: No changes found during synchronizing profiles.
2024-12-16 18:53:57.474 [info] Sync done. Took 260ms
2024-12-16 18:58:57.483 [info] Auto Sync: Triggered by Interval
2024-12-16 18:58:57.483 [info] Sync started.
2024-12-16 18:58:57.840 [info] Settings: No changes found during synchronizing settings.
2024-12-16 18:58:57.842 [info] Keybindings: No changes found during synchronizing keybindings.
2024-12-16 18:58:57.844 [info] Snippets: No changes found during synchronizing snippets.
2024-12-16 18:58:57.846 [info] Tasks: No changes found during synchronizing tasks.
2024-12-16 18:58:57.848 [info] GlobalState: No changes found during synchronizing ui state.
2024-12-16 18:58:57.867 [info] Extensions: No changes found during synchronizing extensions.
2024-12-16 18:58:57.870 [info] Profiles: No changes found during synchronizing profiles.
2024-12-16 18:58:57.870 [info] Sync done. Took 389ms
2024-12-16 19:03:57.879 [info] Auto Sync: Triggered by Interval
2024-12-16 19:03:57.880 [info] Sync started.
2024-12-16 19:03:58.228 [info] Settings: No changes found during synchronizing settings.
2024-12-16 19:03:58.230 [info] Keybindings: No changes found during synchronizing keybindings.
2024-12-16 19:03:58.232 [info] Snippets: No changes found during synchronizing snippets.
2024-12-16 19:03:58.234 [info] Tasks: No changes found during synchronizing tasks.
2024-12-16 19:03:58.236 [info] GlobalState: No changes found during synchronizing ui state.
2024-12-16 19:03:58.257 [info] Extensions: No changes found during synchronizing extensions.
2024-12-16 19:03:58.257 [info] Profiles: No changes found during synchronizing profiles.
2024-12-16 19:03:58.258 [info] Sync done. Took 380ms
2024-12-16 19:08:58.267 [info] Auto Sync: Triggered by Interval
2024-12-16 19:08:58.267 [info] Sync started.
2024-12-16 19:08:58.648 [info] Settings: No changes found during synchronizing settings.
2024-12-16 19:08:58.650 [info] Keybindings: No changes found during synchronizing keybindings.
2024-12-16 19:08:58.651 [info] Snippets: No changes found during synchronizing snippets.
2024-12-16 19:08:58.653 [info] Tasks: No changes found during synchronizing tasks.
2024-12-16 19:08:58.655 [info] GlobalState: No changes found during synchronizing ui state.
2024-12-16 19:08:58.676 [info] Extensions: No changes found during synchronizing extensions.
2024-12-16 19:08:58.676 [info] Profiles: No changes found during synchronizing profiles.
2024-12-16 19:08:58.677 [info] Sync done. Took 411ms
2024-12-16 19:13:58.686 [info] Auto Sync: Triggered by Interval
2024-12-16 19:13:58.686 [info] Sync started.
2024-12-16 19:13:59.125 [info] Settings: No changes found during synchronizing settings.
2024-12-16 19:13:59.128 [info] Keybindings: No changes found during synchronizing keybindings.
2024-12-16 19:13:59.129 [info] Snippets: No changes found during synchronizing snippets.
2024-12-16 19:13:59.131 [info] Tasks: No changes found during synchronizing tasks.
2024-12-16 19:13:59.133 [info] GlobalState: No changes found during synchronizing ui state.
2024-12-16 19:13:59.155 [info] Extensions: No changes found during synchronizing extensions.
2024-12-16 19:13:59.157 [info] Profiles: No changes found during synchronizing profiles.
2024-12-16 19:13:59.158 [info] Sync done. Took 474ms
2024-12-16 19:18:59.167 [info] Auto Sync: Triggered by Interval
2024-12-16 19:18:59.167 [info] Sync started.
2024-12-16 19:18:59.537 [info] Settings: No changes found during synchronizing settings.
2024-12-16 19:18:59.539 [info] Keybindings: No changes found during synchronizing keybindings.
2024-12-16 19:18:59.541 [info] Snippets: No changes found during synchronizing snippets.
2024-12-16 19:18:59.543 [info] Tasks: No changes found during synchronizing tasks.
2024-12-16 19:18:59.545 [info] GlobalState: No changes found during synchronizing ui state.
2024-12-16 19:18:59.565 [info] Extensions: No changes found during synchronizing extensions.
2024-12-16 19:18:59.566 [info] Profiles: No changes found during synchronizing profiles.
2024-12-16 19:18:59.567 [info] Sync done. Took 401ms
2024-12-16 19:23:59.576 [info] Auto Sync: Triggered by Interval
2024-12-16 19:23:59.577 [info] Sync started.
2024-12-16 19:23:59.961 [info] Settings: No changes found during synchronizing settings.
2024-12-16 19:23:59.963 [info] Keybindings: No changes found during synchronizing keybindings.
2024-12-16 19:23:59.965 [info] Snippets: No changes found during synchronizing snippets.
2024-12-16 19:23:59.967 [info] Tasks: No changes found during synchronizing tasks.
2024-12-16 19:23:59.969 [info] GlobalState: No changes found during synchronizing ui state.
2024-12-16 19:23:59.987 [info] Extensions: No changes found during synchronizing extensions.
2024-12-16 19:23:59.988 [info] Profiles: No changes found during synchronizing profiles.
2024-12-16 19:23:59.988 [info] Sync done. Took 413ms
2024-12-16 19:28:59.997 [info] Auto Sync: Triggered by Interval
2024-12-16 19:28:59.998 [info] Sync started.
2024-12-16 19:29:00.333 [info] Settings: No changes found during synchronizing settings.
2024-12-16 19:29:00.335 [info] Keybindings: No changes found during synchronizing keybindings.
2024-12-16 19:29:00.337 [info] Snippets: No changes found during synchronizing snippets.
2024-12-16 19:29:00.339 [info] Tasks: No changes found during synchronizing tasks.
2024-12-16 19:29:00.341 [info] GlobalState: No changes found during synchronizing ui state.
2024-12-16 19:29:00.360 [info] Extensions: No changes found during synchronizing extensions.
2024-12-16 19:29:00.361 [info] Profiles: No changes found during synchronizing profiles.
2024-12-16 19:29:00.362 [info] Sync done. Took 366ms
2024-12-16 19:34:00.372 [info] Auto Sync: Triggered by Interval
2024-12-16 19:34:00.372 [info] Sync started.
2024-12-16 19:34:00.783 [info] Settings: No changes found during synchronizing settings.
2024-12-16 19:34:00.785 [info] Keybindings: No changes found during synchronizing keybindings.
2024-12-16 19:34:00.787 [info] Snippets: No changes found during synchronizing snippets.
2024-12-16 19:34:00.788 [info] Tasks: No changes found during synchronizing tasks.
2024-12-16 19:34:00.790 [info] GlobalState: No changes found during synchronizing ui state.
2024-12-16 19:34:00.811 [info] Extensions: No changes found during synchronizing extensions.
2024-12-16 19:34:00.812 [info] Profiles: No changes found during synchronizing profiles.
2024-12-16 19:34:00.812 [info] Sync done. Took 441ms
2024-12-16 19:39:00.822 [info] Auto Sync: Triggered by Interval
2024-12-16 19:39:00.822 [info] Sync started.
2024-12-16 19:39:02.819 [info] Settings: No changes found during synchronizing settings.
2024-12-16 19:39:02.821 [info] Keybindings: No changes found during synchronizing keybindings.
2024-12-16 19:39:02.822 [info] Snippets: No changes found during synchronizing snippets.
2024-12-16 19:39:02.824 [info] Tasks: No changes found during synchronizing tasks.
2024-12-16 19:39:02.826 [info] GlobalState: No changes found during synchronizing ui state.
2024-12-16 19:39:02.844 [info] Extensions: No changes found during synchronizing extensions.
2024-12-16 19:39:02.844 [info] Profiles: No changes found during synchronizing profiles.
2024-12-16 19:39:02.845 [info] Sync done. Took 2025ms
2024-12-16 19:44:02.856 [info] Auto Sync: Triggered by Interval
2024-12-16 19:44:02.857 [info] Sync started.
2024-12-16 19:44:03.293 [info] Settings: No changes found during synchronizing settings.
2024-12-16 19:44:03.295 [info] Keybindings: No changes found during synchronizing keybindings.
2024-12-16 19:44:03.297 [info] Snippets: No changes found during synchronizing snippets.
2024-12-16 19:44:03.298 [info] Tasks: No changes found during synchronizing tasks.
2024-12-16 19:44:03.300 [info] GlobalState: No changes found during synchronizing ui state.
2024-12-16 19:44:03.326 [info] Extensions: No changes found during synchronizing extensions.
2024-12-16 19:44:03.327 [info] Profiles: No changes found during synchronizing profiles.
2024-12-16 19:44:03.328 [info] Sync done. Took 472ms
2024-12-16 19:49:03.340 [info] Auto Sync: Triggered by Interval
2024-12-16 19:49:03.340 [info] Sync started.
2024-12-16 19:49:03.677 [info] Settings: No changes found during synchronizing settings.
2024-12-16 19:49:03.679 [info] Keybindings: No changes found during synchronizing keybindings.
2024-12-16 19:49:03.681 [info] Snippets: No changes found during synchronizing snippets.
2024-12-16 19:49:03.683 [info] Tasks: No changes found during synchronizing tasks.
2024-12-16 19:49:03.685 [info] GlobalState: No changes found during synchronizing ui state.
2024-12-16 19:49:03.704 [info] Extensions: No changes found during synchronizing extensions.
2024-12-16 19:49:03.705 [info] Profiles: No changes found during synchronizing profiles.
2024-12-16 19:49:03.705 [info] Sync done. Took 367ms
2024-12-16 19:54:03.717 [info] Auto Sync: Triggered by Interval
2024-12-16 19:54:03.717 [info] Sync started.
2024-12-16 19:54:04.226 [info] Settings: No changes found during synchronizing settings.
2024-12-16 19:54:04.228 [info] Keybindings: No changes found during synchronizing keybindings.
2024-12-16 19:54:04.230 [info] Snippets: No changes found during synchronizing snippets.
2024-12-16 19:54:04.232 [info] Tasks: No changes found during synchronizing tasks.
2024-12-16 19:54:04.234 [info] GlobalState: No changes found during synchronizing ui state.
2024-12-16 19:54:04.252 [info] Extensions: No changes found during synchronizing extensions.
2024-12-16 19:54:04.253 [info] Profiles: No changes found during synchronizing profiles.
2024-12-16 19:54:04.254 [info] Sync done. Took 538ms
2024-12-16 19:59:04.264 [info] Auto Sync: Triggered by Interval
2024-12-16 19:59:04.264 [info] Sync started.
2024-12-16 19:59:06.200 [info] Settings: No changes found during synchronizing settings.
2024-12-16 19:59:06.202 [info] Keybindings: No changes found during synchronizing keybindings.
2024-12-16 19:59:06.204 [info] Snippets: No changes found during synchronizing snippets.
2024-12-16 19:59:06.205 [info] Tasks: No changes found during synchronizing tasks.
2024-12-16 19:59:06.207 [info] GlobalState: No changes found during synchronizing ui state.
2024-12-16 19:59:06.227 [info] Extensions: No changes found during synchronizing extensions.
2024-12-16 19:59:06.228 [info] Profiles: No changes found during synchronizing profiles.
2024-12-16 19:59:06.229 [info] Sync done. Took 1966ms
2024-12-16 20:04:06.243 [info] Auto Sync: Triggered by Interval
2024-12-16 20:04:06.243 [info] Sync started.
2024-12-16 20:04:06.732 [info] Settings: No changes found during synchronizing settings.
2024-12-16 20:04:06.734 [info] Keybindings: No changes found during synchronizing keybindings.
2024-12-16 20:04:06.736 [info] Snippets: No changes found during synchronizing snippets.
2024-12-16 20:04:06.737 [info] Tasks: No changes found during synchronizing tasks.
2024-12-16 20:04:06.739 [info] GlobalState: No changes found during synchronizing ui state.
2024-12-16 20:04:06.761 [info] Extensions: No changes found during synchronizing extensions.
2024-12-16 20:04:06.761 [info] Profiles: No changes found during synchronizing profiles.
2024-12-16 20:04:06.762 [info] Sync done. Took 521ms
2024-12-16 20:09:06.774 [info] Auto Sync: Triggered by Interval
2024-12-16 20:09:06.774 [info] Sync started.
2024-12-16 20:09:07.192 [info] Settings: No changes found during synchronizing settings.
2024-12-16 20:09:07.194 [info] Keybindings: No changes found during synchronizing keybindings.
2024-12-16 20:09:07.195 [info] Snippets: No changes found during synchronizing snippets.
2024-12-16 20:09:07.197 [info] Tasks: No changes found during synchronizing tasks.
2024-12-16 20:09:07.199 [info] GlobalState: No changes found during synchronizing ui state.
2024-12-16 20:09:07.218 [info] Extensions: No changes found during synchronizing extensions.
2024-12-16 20:09:07.218 [info] Profiles: No changes found during synchronizing profiles.
2024-12-16 20:09:07.219 [info] Sync done. Took 445ms
2024-12-16 20:14:07.227 [info] Auto Sync: Triggered by Interval
2024-12-16 20:14:07.228 [info] Sync started.
2024-12-16 20:14:07.556 [info] Settings: No changes found during synchronizing settings.
2024-12-16 20:14:07.559 [info] Keybindings: No changes found during synchronizing keybindings.
2024-12-16 20:14:07.560 [info] Snippets: No changes found during synchronizing snippets.
2024-12-16 20:14:07.562 [info] Tasks: No changes found during synchronizing tasks.
2024-12-16 20:14:07.564 [info] GlobalState: No changes found during synchronizing ui state.
2024-12-16 20:14:07.583 [info] Extensions: No changes found during synchronizing extensions.
2024-12-16 20:14:07.585 [info] Profiles: No changes found during synchronizing profiles.
2024-12-16 20:14:07.585 [info] Sync done. Took 359ms
2024-12-16 20:19:07.599 [info] Auto Sync: Triggered by Interval
2024-12-16 20:19:07.600 [info] Sync started.
2024-12-16 20:19:09.602 [info] Settings: No changes found during synchronizing settings.
2024-12-16 20:19:09.603 [info] Keybindings: No changes found during synchronizing keybindings.
2024-12-16 20:19:09.605 [info] Snippets: No changes found during synchronizing snippets.
2024-12-16 20:19:09.606 [info] Tasks: No changes found during synchronizing tasks.
2024-12-16 20:19:09.609 [info] GlobalState: No changes found during synchronizing ui state.
2024-12-16 20:19:09.629 [info] Extensions: No changes found during synchronizing extensions.
2024-12-16 20:19:09.630 [info] Profiles: No changes found during synchronizing profiles.
2024-12-16 20:19:09.631 [info] Sync done. Took 2032ms
2024-12-16 20:24:09.648 [info] Auto Sync: Triggered by Interval
2024-12-16 20:24:09.648 [info] Sync started.
2024-12-16 20:24:10.113 [info] Settings: No changes found during synchronizing settings.
2024-12-16 20:24:10.115 [info] Keybindings: No changes found during synchronizing keybindings.
2024-12-16 20:24:10.117 [info] Snippets: No changes found during synchronizing snippets.
2024-12-16 20:24:10.118 [info] Tasks: No changes found during synchronizing tasks.
2024-12-16 20:24:10.121 [info] GlobalState: No changes found during synchronizing ui state.
2024-12-16 20:24:10.139 [info] Extensions: No changes found during synchronizing extensions.
2024-12-16 20:24:10.140 [info] Profiles: No changes found during synchronizing profiles.
2024-12-16 20:24:10.140 [info] Sync done. Took 494ms
2024-12-16 20:29:10.157 [info] Auto Sync: Triggered by Interval
2024-12-16 20:29:10.157 [info] Sync started.
2024-12-16 20:29:12.316 [info] Settings: No changes found during synchronizing settings.
2024-12-16 20:29:12.318 [info] Keybindings: No changes found during synchronizing keybindings.
2024-12-16 20:29:12.320 [info] Snippets: No changes found during synchronizing snippets.
2024-12-16 20:29:12.321 [info] Tasks: No changes found during synchronizing tasks.
2024-12-16 20:29:12.323 [info] GlobalState: No changes found during synchronizing ui state.
2024-12-16 20:29:12.342 [info] Extensions: No changes found during synchronizing extensions.
2024-12-16 20:29:12.342 [info] Profiles: No changes found during synchronizing profiles.
2024-12-16 20:29:12.343 [info] Sync done. Took 2187ms
2024-12-16 20:33:39.030 [info] Auto Sync: Triggered by Activity
2024-12-16 20:33:39.031 [info] Sync started.
2024-12-16 20:33:39.390 [info] Settings: No changes found during synchronizing settings.
2024-12-16 20:33:39.392 [info] Keybindings: No changes found during synchronizing keybindings.
2024-12-16 20:33:39.394 [info] Snippets: No changes found during synchronizing snippets.
2024-12-16 20:33:39.395 [info] Tasks: No changes found during synchronizing tasks.
2024-12-16 20:33:39.397 [info] GlobalState: No changes found during synchronizing ui state.
2024-12-16 20:33:39.414 [info] Extensions: No changes found during synchronizing extensions.
2024-12-16 20:33:39.415 [info] Profiles: No changes found during synchronizing profiles.
2024-12-16 20:33:39.415 [info] Sync done. Took 386ms
2024-12-16 20:38:39.458 [info] Auto Sync: Triggered by Interval
2024-12-16 20:38:39.459 [info] Sync started.
2024-12-16 20:38:39.920 [info] Settings: No changes found during synchronizing settings.
2024-12-16 20:38:39.921 [info] Keybindings: No changes found during synchronizing keybindings.
2024-12-16 20:38:39.922 [info] Snippets: No changes found during synchronizing snippets.
2024-12-16 20:38:39.923 [info] Tasks: No changes found during synchronizing tasks.
2024-12-16 20:38:39.924 [info] GlobalState: No changes found during synchronizing ui state.
2024-12-16 20:38:39.950 [info] Extensions: No changes found during synchronizing extensions.
2024-12-16 20:38:39.951 [info] Profiles: No changes found during synchronizing profiles.
2024-12-16 20:38:39.951 [info] Sync done. Took 494ms
2024-12-16 20:41:15.008 [info] Auto Sync: Triggered by Activity
2024-12-16 20:41:15.009 [info] Sync started.
2024-12-16 20:41:15.490 [info] Settings: No changes found during synchronizing settings.
2024-12-16 20:41:15.492 [info] Keybindings: No changes found during synchronizing keybindings.
2024-12-16 20:41:15.493 [info] Snippets: No changes found during synchronizing snippets.
2024-12-16 20:41:15.495 [info] Tasks: No changes found during synchronizing tasks.
2024-12-16 20:41:15.497 [info] GlobalState: No changes found during synchronizing ui state.
2024-12-16 20:41:15.514 [info] Extensions: No changes found during synchronizing extensions.
2024-12-16 20:41:15.515 [info] Profiles: No changes found during synchronizing profiles.
2024-12-16 20:41:15.515 [info] Sync done. Took 508ms
2024-12-16 20:46:15.537 [info] Auto Sync: Triggered by Interval
2024-12-16 20:46:15.537 [info] Sync started.
2024-12-16 20:46:15.999 [info] Settings: No changes found during synchronizing settings.
2024-12-16 20:46:16.000 [info] Keybindings: No changes found during synchronizing keybindings.
2024-12-16 20:46:16.002 [info] Snippets: No changes found during synchronizing snippets.
2024-12-16 20:46:16.003 [info] Tasks: No changes found during synchronizing tasks.
2024-12-16 20:46:16.004 [info] GlobalState: No changes found during synchronizing ui state.
2024-12-16 20:46:16.025 [info] Extensions: No changes found during synchronizing extensions.
2024-12-16 20:46:16.026 [info] Profiles: No changes found during synchronizing profiles.
2024-12-16 20:46:16.027 [info] Sync done. Took 490ms
2024-12-16 20:51:16.049 [info] Auto Sync: Triggered by Interval
2024-12-16 20:51:16.049 [info] Sync started.
2024-12-16 20:51:16.352 [info] Settings: No changes found during synchronizing settings.
2024-12-16 20:51:16.354 [info] Keybindings: No changes found during synchronizing keybindings.
2024-12-16 20:51:16.355 [info] Snippets: No changes found during synchronizing snippets.
2024-12-16 20:51:16.357 [info] Tasks: No changes found during synchronizing tasks.
2024-12-16 20:51:16.359 [info] GlobalState: No changes found during synchronizing ui state.
2024-12-16 20:51:16.380 [info] Extensions: No changes found during synchronizing extensions.
2024-12-16 20:51:16.380 [info] Profiles: No changes found during synchronizing profiles.
2024-12-16 20:51:16.381 [info] Sync done. Took 333ms
