2024-12-15 20:43:12.318 [info] Reading sessions from keychain...
2024-12-15 20:43:12.319 [info] Getting sessions for all scopes...
2024-12-15 20:43:12.319 [info] Getting sessions for all scopes...
2024-12-15 20:43:12.319 [info] Got stored sessions!
2024-12-15 20:43:12.319 [info] Got 1 verified sessions.
2024-12-15 20:43:12.319 [info] Got 1 sessions for ...
2024-12-15 20:43:12.319 [info] Got 1 sessions for ...
2024-12-15 20:43:12.319 [info] Getting sessions for all scopes...
2024-12-15 20:43:12.319 [info] Got 1 sessions for ...
2024-12-15 20:43:12.319 [info] Getting sessions for all scopes...
2024-12-15 20:43:12.319 [info] Got 1 sessions for ...
2024-12-15 20:43:12.319 [info] Getting sessions for all scopes...
2024-12-15 20:43:12.319 [info] Got 1 sessions for ...
2024-12-15 20:43:12.319 [info] Getting sessions for all scopes...
2024-12-15 20:43:12.319 [info] Got 1 sessions for ...
2024-12-15 20:43:12.319 [info] Getting sessions for all scopes...
2024-12-15 20:43:12.319 [info] Got 1 sessions for ...
2024-12-15 20:43:12.319 [info] Getting sessions for user:email...
2024-12-15 20:43:12.319 [info] Got 1 sessions for user:email...
2024-12-15 20:43:13.619 [info] Getting sessions for read:user,repo,user:email,workflow...
2024-12-15 20:43:13.619 [info] Got 0 sessions for read:user,repo,user:email,workflow...
2024-12-15 20:43:13.653 [info] Getting sessions for all scopes...
2024-12-15 20:43:13.653 [info] Got 1 sessions for ...
2024-12-15 20:43:13.653 [info] Getting sessions for all scopes...
2024-12-15 20:43:13.653 [info] Got 1 sessions for ...
2024-12-15 20:43:13.736 [info] Getting sessions for read:user...
2024-12-15 20:43:13.736 [info] Got 0 sessions for read:user...
2024-12-15 20:43:13.812 [info] Getting sessions for read:user,repo,user:email,workflow...
2024-12-15 20:43:13.812 [info] Got 0 sessions for read:user,repo,user:email,workflow...
2024-12-15 20:43:13.845 [info] Getting sessions for user:email...
2024-12-15 20:43:13.845 [info] Got 1 sessions for user:email...
2024-12-15 20:43:13.863 [info] Getting sessions for user:email...
2024-12-15 20:43:13.863 [info] Got 1 sessions for user:email...
2024-12-15 20:43:13.908 [info] Getting sessions for all scopes...
2024-12-15 20:43:13.908 [info] Got 1 sessions for ...
2024-12-15 20:43:15.068 [info] Getting sessions for all scopes...
2024-12-15 20:43:15.068 [info] Got 1 sessions for ...
2024-12-15 20:43:15.361 [info] Getting sessions for read:user,repo,user:email,workflow...
2024-12-15 20:43:15.361 [info] Got 0 sessions for read:user,repo,user:email,workflow...
2024-12-15 20:43:15.772 [info] Getting sessions for user:email...
2024-12-15 20:43:15.773 [info] Got 1 sessions for user:email...
2024-12-15 20:43:15.993 [info] Getting sessions for all scopes...
2024-12-15 20:43:15.993 [info] Got 1 sessions for ...
2024-12-15 20:43:16.003 [info] Getting sessions for read:user,repo,user:email,workflow...
2024-12-15 20:43:16.003 [info] Got 0 sessions for read:user,repo,user:email,workflow...
2024-12-15 20:43:16.004 [info] Getting sessions for user:email...
2024-12-15 20:43:16.004 [info] Got 1 sessions for user:email...
2024-12-15 20:43:16.256 [info] Getting sessions for read:user,repo,user:email,workflow...
2024-12-15 20:43:16.256 [info] Got 0 sessions for read:user,repo,user:email,workflow...
2024-12-15 20:43:16.699 [info] Getting sessions for all scopes...
2024-12-15 20:43:16.699 [info] Got 1 sessions for ...
2024-12-15 20:43:16.755 [info] Getting sessions for read:user,repo,user:email,workflow...
2024-12-15 20:43:16.755 [info] Got 0 sessions for read:user,repo,user:email,workflow...
2024-12-15 20:43:16.757 [info] Getting sessions for all scopes...
2024-12-15 20:43:16.757 [info] Got 1 sessions for ...
2024-12-15 20:43:16.782 [info] Getting sessions for read:user,repo,user:email,workflow...
2024-12-15 20:43:16.782 [info] Got 0 sessions for read:user,repo,user:email,workflow...
2024-12-15 20:43:16.787 [info] Getting sessions for user:email...
2024-12-15 20:43:16.787 [info] Got 1 sessions for user:email...
