2024-12-15 15:02:24.757 [info] Using settings sync service https://vscode-sync.trafficmanager.net/
2024-12-15 15:02:24.757 [info] Auto Sync is enabled.
2024-12-15 15:02:24.757 [info] Auto Sync: Suspended until auth token is available.
2024-12-15 15:02:25.153 [info] Auto Sync: Triggered by Interval
2024-12-15 15:02:25.153 [info] Sync started.
2024-12-15 15:02:25.549 [info] Settings: No changes found during synchronizing settings.
2024-12-15 15:02:25.565 [info] Keybindings: No changes found during synchronizing keybindings.
2024-12-15 15:02:25.567 [info] Snippets: No changes found during synchronizing snippets.
2024-12-15 15:02:25.568 [info] Tasks: No changes found during synchronizing tasks.
2024-12-15 15:02:25.571 [info] GlobalState: No changes found during synchronizing ui state.
2024-12-15 15:02:25.592 [info] Extensions: No changes found during synchronizing extensions.
2024-12-15 15:02:25.595 [info] Profiles: No changes found during synchronizing profiles.
2024-12-15 15:02:25.596 [info] Sync done. Took 444ms
2024-12-15 15:07:25.598 [info] Auto Sync: Triggered by Interval
2024-12-15 15:07:25.598 [info] Sync started.
2024-12-15 15:07:25.923 [info] Settings: No changes found during synchronizing settings.
2024-12-15 15:07:25.926 [info] Keybindings: No changes found during synchronizing keybindings.
2024-12-15 15:07:25.928 [info] Snippets: No changes found during synchronizing snippets.
2024-12-15 15:07:25.930 [info] Tasks: No changes found during synchronizing tasks.
2024-12-15 15:07:25.934 [info] GlobalState: No changes found during synchronizing ui state.
2024-12-15 15:07:25.956 [info] Extensions: No changes found during synchronizing extensions.
2024-12-15 15:07:25.957 [info] Profiles: No changes found during synchronizing profiles.
2024-12-15 15:07:25.958 [info] Sync done. Took 361ms
2024-12-15 15:11:37.219 [info] Auto Sync: Triggered by Activity
2024-12-15 15:11:37.219 [info] Sync started.
2024-12-15 15:11:37.458 [info] Settings: No changes found during synchronizing settings.
2024-12-15 15:11:37.460 [info] Keybindings: No changes found during synchronizing keybindings.
2024-12-15 15:11:37.462 [info] Snippets: No changes found during synchronizing snippets.
2024-12-15 15:11:37.464 [info] Tasks: No changes found during synchronizing tasks.
2024-12-15 15:11:37.467 [info] GlobalState: No changes found during synchronizing ui state.
2024-12-15 15:11:37.489 [info] Extensions: No changes found during synchronizing extensions.
2024-12-15 15:11:37.490 [info] Profiles: No changes found during synchronizing profiles.
2024-12-15 15:11:37.491 [info] Sync done. Took 273ms
2024-12-15 15:13:51.566 [info] Auto Sync: Triggered by Activity
2024-12-15 15:13:51.566 [info] Sync started.
2024-12-15 15:13:51.959 [info] Settings: No changes found during synchronizing settings.
2024-12-15 15:13:51.962 [info] Keybindings: No changes found during synchronizing keybindings.
2024-12-15 15:13:51.964 [info] Snippets: No changes found during synchronizing snippets.
2024-12-15 15:13:51.966 [info] Tasks: No changes found during synchronizing tasks.
2024-12-15 15:13:51.968 [info] GlobalState: No changes found during synchronizing ui state.
2024-12-15 15:13:51.988 [info] Extensions: No changes found during synchronizing extensions.
2024-12-15 15:13:51.989 [info] Profiles: No changes found during synchronizing profiles.
2024-12-15 15:13:51.990 [info] Sync done. Took 425ms
2024-12-15 15:15:06.307 [info] Auto Sync: Triggered by Activity
2024-12-15 15:15:06.307 [info] Sync started.
2024-12-15 15:15:06.411 [info] Settings: No changes found during synchronizing settings.
2024-12-15 15:15:06.414 [info] Keybindings: No changes found during synchronizing keybindings.
2024-12-15 15:15:06.416 [info] Snippets: No changes found during synchronizing snippets.
2024-12-15 15:15:06.418 [info] Tasks: No changes found during synchronizing tasks.
2024-12-15 15:15:06.420 [info] GlobalState: No changes found during synchronizing ui state.
2024-12-15 15:15:06.440 [info] Extensions: No changes found during synchronizing extensions.
2024-12-15 15:15:06.440 [info] Profiles: No changes found during synchronizing profiles.
2024-12-15 15:15:06.441 [info] Sync done. Took 136ms
2024-12-15 15:20:06.483 [info] Auto Sync: Triggered by Interval
2024-12-15 15:20:06.483 [info] Sync started.
2024-12-15 15:20:06.964 [info] Settings: No changes found during synchronizing settings.
2024-12-15 15:20:06.967 [info] Keybindings: No changes found during synchronizing keybindings.
2024-12-15 15:20:06.969 [info] Snippets: No changes found during synchronizing snippets.
2024-12-15 15:20:06.972 [info] Tasks: No changes found during synchronizing tasks.
2024-12-15 15:20:06.976 [info] GlobalState: No changes found during synchronizing ui state.
2024-12-15 15:20:07.023 [info] Extensions: No changes found during synchronizing extensions.
2024-12-15 15:20:07.024 [info] Profiles: No changes found during synchronizing profiles.
2024-12-15 15:20:07.026 [info] Sync done. Took 543ms
2024-12-15 15:21:28.076 [info] Auto Sync: Triggered by Activity
2024-12-15 15:21:28.077 [info] Sync started.
2024-12-15 15:21:28.172 [info] Settings: No changes found during synchronizing settings.
2024-12-15 15:21:28.175 [info] Keybindings: No changes found during synchronizing keybindings.
2024-12-15 15:21:28.177 [info] Snippets: No changes found during synchronizing snippets.
2024-12-15 15:21:28.179 [info] Tasks: No changes found during synchronizing tasks.
2024-12-15 15:21:28.181 [info] GlobalState: No changes found during synchronizing ui state.
2024-12-15 15:21:28.199 [info] Extensions: No changes found during synchronizing extensions.
2024-12-15 15:21:28.200 [info] Profiles: No changes found during synchronizing profiles.
2024-12-15 15:21:28.201 [info] Sync done. Took 125ms
2024-12-15 15:21:59.096 [info] Auto Sync: Triggered by Activity
2024-12-15 15:21:59.096 [info] Sync started.
2024-12-15 15:21:59.189 [info] Settings: No changes found during synchronizing settings.
2024-12-15 15:21:59.192 [info] Keybindings: No changes found during synchronizing keybindings.
2024-12-15 15:21:59.194 [info] Snippets: No changes found during synchronizing snippets.
2024-12-15 15:21:59.196 [info] Tasks: No changes found during synchronizing tasks.
2024-12-15 15:21:59.198 [info] GlobalState: No changes found during synchronizing ui state.
2024-12-15 15:21:59.221 [info] Extensions: No changes found during synchronizing extensions.
2024-12-15 15:21:59.224 [info] Profiles: No changes found during synchronizing profiles.
2024-12-15 15:21:59.225 [info] Sync done. Took 130ms
2024-12-15 15:26:59.232 [info] Auto Sync: Triggered by Interval
2024-12-15 15:26:59.232 [info] Sync started.
2024-12-15 15:26:59.506 [info] Settings: No changes found during synchronizing settings.
2024-12-15 15:26:59.509 [info] Keybindings: No changes found during synchronizing keybindings.
2024-12-15 15:26:59.511 [info] Snippets: No changes found during synchronizing snippets.
2024-12-15 15:26:59.512 [info] Tasks: No changes found during synchronizing tasks.
2024-12-15 15:26:59.515 [info] GlobalState: No changes found during synchronizing ui state.
2024-12-15 15:26:59.535 [info] Extensions: No changes found during synchronizing extensions.
2024-12-15 15:26:59.536 [info] Profiles: No changes found during synchronizing profiles.
2024-12-15 15:26:59.537 [info] Sync done. Took 305ms
2024-12-15 15:31:59.572 [info] Auto Sync: Triggered by Interval
2024-12-15 15:31:59.573 [info] Sync started.
2024-12-15 15:32:00.041 [info] Settings: No changes found during synchronizing settings.
2024-12-15 15:32:00.044 [info] Keybindings: No changes found during synchronizing keybindings.
2024-12-15 15:32:00.046 [info] Snippets: No changes found during synchronizing snippets.
2024-12-15 15:32:00.048 [info] Tasks: No changes found during synchronizing tasks.
2024-12-15 15:32:00.050 [info] GlobalState: No changes found during synchronizing ui state.
2024-12-15 15:32:00.075 [info] Extensions: No changes found during synchronizing extensions.
2024-12-15 15:32:00.076 [info] Profiles: No changes found during synchronizing profiles.
2024-12-15 15:32:00.077 [info] Sync done. Took 506ms
2024-12-15 15:32:12.669 [info] Auto Sync: Triggered by Activity
2024-12-15 15:32:12.669 [info] Sync started.
2024-12-15 15:32:12.765 [info] Settings: No changes found during synchronizing settings.
2024-12-15 15:32:12.767 [info] Keybindings: No changes found during synchronizing keybindings.
2024-12-15 15:32:12.769 [info] Snippets: No changes found during synchronizing snippets.
2024-12-15 15:32:12.770 [info] Tasks: No changes found during synchronizing tasks.
2024-12-15 15:32:12.773 [info] GlobalState: No changes found during synchronizing ui state.
2024-12-15 15:32:12.794 [info] Extensions: No changes found during synchronizing extensions.
2024-12-15 15:32:12.795 [info] Profiles: No changes found during synchronizing profiles.
2024-12-15 15:32:12.795 [info] Sync done. Took 127ms
2024-12-15 15:34:17.427 [info] Auto Sync: Triggered by Activity
2024-12-15 15:34:17.427 [info] Sync started.
2024-12-15 15:34:17.521 [info] Settings: No changes found during synchronizing settings.
2024-12-15 15:34:17.524 [info] Keybindings: No changes found during synchronizing keybindings.
2024-12-15 15:34:17.526 [info] Snippets: No changes found during synchronizing snippets.
2024-12-15 15:34:17.527 [info] Tasks: No changes found during synchronizing tasks.
2024-12-15 15:34:17.530 [info] GlobalState: No changes found during synchronizing ui state.
2024-12-15 15:34:17.559 [info] Extensions: No changes found during synchronizing extensions.
2024-12-15 15:34:17.560 [info] Profiles: No changes found during synchronizing profiles.
2024-12-15 15:34:17.561 [info] Sync done. Took 135ms
2024-12-15 15:34:33.945 [info] Auto Sync: Triggered by Activity
2024-12-15 15:34:33.945 [info] Sync started.
2024-12-15 15:34:34.044 [info] Settings: No changes found during synchronizing settings.
2024-12-15 15:34:34.046 [info] Keybindings: No changes found during synchronizing keybindings.
2024-12-15 15:34:34.049 [info] Snippets: No changes found during synchronizing snippets.
2024-12-15 15:34:34.050 [info] Tasks: No changes found during synchronizing tasks.
2024-12-15 15:34:34.052 [info] GlobalState: No changes found during synchronizing ui state.
2024-12-15 15:34:34.076 [info] Extensions: No changes found during synchronizing extensions.
2024-12-15 15:34:34.077 [info] Profiles: No changes found during synchronizing profiles.
2024-12-15 15:34:34.077 [info] Sync done. Took 133ms
