2024-12-15 19:26:05.395 [info] Reading sessions from keychain...
2024-12-15 19:26:05.395 [info] Getting sessions for all scopes...
2024-12-15 19:26:05.395 [info] Getting sessions for all scopes...
2024-12-15 19:26:05.400 [info] Getting sessions for user:email...
2024-12-15 19:26:05.400 [info] Getting sessions for all scopes...
2024-12-15 19:26:05.400 [info] Getting sessions for all scopes...
2024-12-15 19:26:05.401 [info] Getting sessions for all scopes...
2024-12-15 19:26:05.401 [info] Getting sessions for all scopes...
2024-12-15 19:26:05.401 [info] Getting sessions for all scopes...
2024-12-15 19:26:05.404 [info] Got stored sessions!
2024-12-15 19:26:05.404 [info] Got 1 verified sessions.
2024-12-15 19:26:05.404 [info] Got 1 sessions for ...
2024-12-15 19:26:05.404 [info] Got 1 sessions for ...
2024-12-15 19:26:05.404 [info] Got 1 sessions for user:email...
2024-12-15 19:26:05.404 [info] Got 1 sessions for ...
2024-12-15 19:26:05.404 [info] Got 1 sessions for ...
2024-12-15 19:26:05.404 [info] Got 1 sessions for ...
2024-12-15 19:26:05.404 [info] Got 1 sessions for ...
2024-12-15 19:26:05.404 [info] Got 1 sessions for ...
2024-12-15 19:26:06.982 [info] Getting sessions for read:user,repo,user:email,workflow...
2024-12-15 19:26:06.982 [info] Got 0 sessions for read:user,repo,user:email,workflow...
2024-12-15 19:26:07.061 [info] Getting sessions for all scopes...
2024-12-15 19:26:07.061 [info] Got 1 sessions for ...
2024-12-15 19:26:07.061 [info] Getting sessions for all scopes...
2024-12-15 19:26:07.061 [info] Got 1 sessions for ...
2024-12-15 19:26:07.150 [info] Getting sessions for read:user...
2024-12-15 19:26:07.150 [info] Got 0 sessions for read:user...
2024-12-15 19:26:07.194 [info] Getting sessions for read:user,repo,user:email,workflow...
2024-12-15 19:26:07.195 [info] Got 0 sessions for read:user,repo,user:email,workflow...
2024-12-15 19:26:07.257 [info] Getting sessions for user:email...
2024-12-15 19:26:07.257 [info] Got 1 sessions for user:email...
2024-12-15 19:26:07.284 [info] Getting sessions for user:email...
2024-12-15 19:26:07.284 [info] Got 1 sessions for user:email...
2024-12-15 19:26:07.739 [info] Getting sessions for all scopes...
2024-12-15 19:26:07.739 [info] Got 1 sessions for ...
2024-12-15 19:26:08.078 [info] Getting sessions for all scopes...
2024-12-15 19:26:08.078 [info] Got 1 sessions for ...
2024-12-15 19:26:09.534 [info] Getting sessions for read:user,repo,user:email,workflow...
2024-12-15 19:26:09.534 [info] Got 0 sessions for read:user,repo,user:email,workflow...
2024-12-15 19:26:09.664 [info] Getting sessions for user:email...
2024-12-15 19:26:09.664 [info] Got 1 sessions for user:email...
2024-12-15 19:26:09.733 [info] Getting sessions for all scopes...
2024-12-15 19:26:09.733 [info] Got 1 sessions for ...
2024-12-15 19:26:09.735 [info] Getting sessions for read:user,repo,user:email,workflow...
2024-12-15 19:26:09.735 [info] Got 0 sessions for read:user,repo,user:email,workflow...
2024-12-15 19:26:09.736 [info] Getting sessions for user:email...
2024-12-15 19:26:09.736 [info] Got 1 sessions for user:email...
2024-12-15 19:26:10.011 [info] Getting sessions for read:user,repo,user:email,workflow...
2024-12-15 19:26:10.011 [info] Got 0 sessions for read:user,repo,user:email,workflow...
2024-12-15 19:26:10.320 [info] Getting sessions for all scopes...
2024-12-15 19:26:10.320 [info] Got 1 sessions for ...
2024-12-15 19:26:10.320 [info] Getting sessions for read:user,repo,user:email,workflow...
2024-12-15 19:26:10.320 [info] Got 0 sessions for read:user,repo,user:email,workflow...
2024-12-15 19:26:10.321 [info] Getting sessions for all scopes...
2024-12-15 19:26:10.321 [info] Got 1 sessions for ...
2024-12-15 19:26:10.322 [info] Getting sessions for read:user,repo,user:email,workflow...
2024-12-15 19:26:10.322 [info] Got 0 sessions for read:user,repo,user:email,workflow...
2024-12-15 19:26:10.323 [info] Getting sessions for user:email...
2024-12-15 19:26:10.323 [info] Got 1 sessions for user:email...
