2024-12-16 17:28:45.960 [info] Reading sessions from keychain...
2024-12-16 17:28:45.960 [info] Getting sessions for all scopes...
2024-12-16 17:28:45.960 [info] Getting sessions for all scopes...
2024-12-16 17:28:45.960 [info] Getting sessions for user:email...
2024-12-16 17:28:45.960 [info] Getting sessions for all scopes...
2024-12-16 17:28:45.960 [info] Getting sessions for all scopes...
2024-12-16 17:28:45.960 [info] Getting sessions for all scopes...
2024-12-16 17:28:45.960 [info] Getting sessions for all scopes...
2024-12-16 17:28:45.960 [info] Getting sessions for all scopes...
2024-12-16 17:28:46.057 [info] Got stored sessions!
2024-12-16 17:28:46.057 [info] Got 1 verified sessions.
2024-12-16 17:28:46.057 [info] Got 1 sessions for ...
2024-12-16 17:28:46.057 [info] Got 1 sessions for ...
2024-12-16 17:28:46.057 [info] Got 1 sessions for user:email...
2024-12-16 17:28:46.057 [info] Got 1 sessions for ...
2024-12-16 17:28:46.057 [info] Got 1 sessions for ...
2024-12-16 17:28:46.057 [info] Got 1 sessions for ...
2024-12-16 17:28:46.057 [info] Got 1 sessions for ...
2024-12-16 17:28:46.057 [info] Got 1 sessions for ...
2024-12-16 17:28:47.358 [info] Getting sessions for read:user,repo,user:email,workflow...
2024-12-16 17:28:47.358 [info] Got 0 sessions for read:user,repo,user:email,workflow...
2024-12-16 17:28:47.358 [info] Getting sessions for all scopes...
2024-12-16 17:28:47.359 [info] Got 1 sessions for ...
2024-12-16 17:28:47.359 [info] Getting sessions for all scopes...
2024-12-16 17:28:47.359 [info] Got 1 sessions for ...
2024-12-16 17:28:47.449 [info] Getting sessions for read:user...
2024-12-16 17:28:47.449 [info] Got 0 sessions for read:user...
2024-12-16 17:28:47.449 [info] Getting sessions for read:user,repo,user:email,workflow...
2024-12-16 17:28:47.449 [info] Got 0 sessions for read:user,repo,user:email,workflow...
2024-12-16 17:28:47.473 [info] Getting sessions for user:email...
2024-12-16 17:28:47.473 [info] Got 1 sessions for user:email...
2024-12-16 17:28:47.473 [info] Getting sessions for user:email...
2024-12-16 17:28:47.473 [info] Got 1 sessions for user:email...
2024-12-16 17:28:47.510 [info] Getting sessions for all scopes...
2024-12-16 17:28:47.510 [info] Got 1 sessions for ...
2024-12-16 17:28:48.489 [info] Getting sessions for all scopes...
2024-12-16 17:28:48.489 [info] Got 1 sessions for ...
2024-12-16 17:28:48.507 [info] Getting sessions for read:user,repo,user:email,workflow...
2024-12-16 17:28:48.507 [info] Got 0 sessions for read:user,repo,user:email,workflow...
2024-12-16 17:28:48.523 [info] Getting sessions for user:email...
2024-12-16 17:28:48.523 [info] Got 1 sessions for user:email...
2024-12-16 17:28:48.566 [info] Getting sessions for all scopes...
2024-12-16 17:28:48.566 [info] Got 1 sessions for ...
2024-12-16 17:28:48.601 [info] Getting sessions for read:user,repo,user:email,workflow...
2024-12-16 17:28:48.601 [info] Got 0 sessions for read:user,repo,user:email,workflow...
2024-12-16 17:28:48.651 [info] Getting sessions for all scopes...
2024-12-16 17:28:48.651 [info] Got 1 sessions for ...
2024-12-16 17:28:48.651 [info] Getting sessions for user:email...
2024-12-16 17:28:48.651 [info] Got 1 sessions for user:email...
2024-12-16 17:28:48.821 [info] Getting sessions for read:user,repo,user:email,workflow...
2024-12-16 17:28:48.821 [info] Got 0 sessions for read:user,repo,user:email,workflow...
2024-12-16 17:28:49.110 [info] Getting sessions for user:email...
2024-12-16 17:28:49.110 [info] Got 1 sessions for user:email...
2024-12-16 17:28:49.226 [info] Getting sessions for all scopes...
2024-12-16 17:28:49.226 [info] Got 1 sessions for ...
2024-12-16 17:28:49.253 [info] Getting sessions for read:user,repo,user:email,workflow...
2024-12-16 17:28:49.253 [info] Got 0 sessions for read:user,repo,user:email,workflow...
2024-12-16 17:28:49.254 [info] Getting sessions for user:email...
2024-12-16 17:28:49.254 [info] Got 1 sessions for user:email...
2024-12-16 17:28:49.630 [info] Getting sessions for read:user,repo,user:email,workflow...
2024-12-16 17:28:49.630 [info] Got 0 sessions for read:user,repo,user:email,workflow...
2024-12-16 17:28:49.890 [info] Getting sessions for all scopes...
2024-12-16 17:28:49.890 [info] Got 1 sessions for ...
2024-12-16 17:28:49.891 [info] Getting sessions for read:user,repo,user:email,workflow...
2024-12-16 17:28:49.891 [info] Got 0 sessions for read:user,repo,user:email,workflow...
2024-12-16 17:28:49.891 [info] Getting sessions for all scopes...
2024-12-16 17:28:49.891 [info] Got 1 sessions for ...
2024-12-16 17:28:49.892 [info] Getting sessions for read:user,repo,user:email,workflow...
2024-12-16 17:28:49.892 [info] Got 0 sessions for read:user,repo,user:email,workflow...
2024-12-16 17:28:49.892 [info] Getting sessions for user:email...
2024-12-16 17:28:49.892 [info] Got 1 sessions for user:email...
2024-12-16 17:28:57.769 [info] Reading sessions from keychain...
2024-12-16 17:28:57.769 [info] Getting sessions for all scopes...
2024-12-16 17:28:57.769 [info] Getting sessions for all scopes...
2024-12-16 17:28:57.769 [info] Getting sessions for all scopes...
2024-12-16 17:28:57.769 [info] Getting sessions for user:email...
2024-12-16 17:28:57.769 [info] Getting sessions for all scopes...
2024-12-16 17:28:57.769 [info] Getting sessions for all scopes...
2024-12-16 17:28:57.769 [info] Getting sessions for all scopes...
2024-12-16 17:28:57.769 [info] Getting sessions for all scopes...
2024-12-16 17:28:57.769 [info] Getting sessions for all scopes...
2024-12-16 17:28:57.820 [info] Got stored sessions!
2024-12-16 17:28:57.820 [info] Got 1 verified sessions.
2024-12-16 17:28:57.820 [info] Got 1 sessions for ...
2024-12-16 17:28:57.820 [info] Got 1 sessions for ...
2024-12-16 17:28:57.820 [info] Got 1 sessions for ...
2024-12-16 17:28:57.820 [info] Got 1 sessions for user:email...
2024-12-16 17:28:57.820 [info] Got 1 sessions for ...
2024-12-16 17:28:57.820 [info] Got 1 sessions for ...
2024-12-16 17:28:57.820 [info] Got 1 sessions for ...
2024-12-16 17:28:57.820 [info] Got 1 sessions for ...
2024-12-16 17:28:57.820 [info] Got 1 sessions for ...
2024-12-16 17:28:58.979 [info] Getting sessions for read:user,repo,user:email,workflow...
2024-12-16 17:28:58.979 [info] Got 0 sessions for read:user,repo,user:email,workflow...
2024-12-16 17:28:58.980 [info] Getting sessions for all scopes...
2024-12-16 17:28:58.980 [info] Got 1 sessions for ...
2024-12-16 17:28:58.980 [info] Getting sessions for all scopes...
2024-12-16 17:28:58.980 [info] Got 1 sessions for ...
2024-12-16 17:28:59.075 [info] Getting sessions for read:user...
2024-12-16 17:28:59.075 [info] Got 0 sessions for read:user...
2024-12-16 17:28:59.078 [info] Getting sessions for read:user,repo,user:email,workflow...
2024-12-16 17:28:59.078 [info] Got 0 sessions for read:user,repo,user:email,workflow...
2024-12-16 17:28:59.110 [info] Getting sessions for user:email...
2024-12-16 17:28:59.110 [info] Got 1 sessions for user:email...
2024-12-16 17:28:59.125 [info] Getting sessions for user:email...
2024-12-16 17:28:59.125 [info] Got 1 sessions for user:email...
2024-12-16 17:28:59.146 [info] Getting sessions for all scopes...
2024-12-16 17:28:59.146 [info] Got 1 sessions for ...
2024-12-16 17:29:00.079 [info] Getting sessions for all scopes...
2024-12-16 17:29:00.079 [info] Got 1 sessions for ...
2024-12-16 17:29:00.081 [info] Getting sessions for read:user,repo,user:email,workflow...
2024-12-16 17:29:00.081 [info] Got 0 sessions for read:user,repo,user:email,workflow...
2024-12-16 17:29:00.114 [info] Getting sessions for user:email...
2024-12-16 17:29:00.114 [info] Got 1 sessions for user:email...
2024-12-16 17:29:00.176 [info] Getting sessions for all scopes...
2024-12-16 17:29:00.176 [info] Got 1 sessions for ...
2024-12-16 17:29:00.191 [info] Getting sessions for all scopes...
2024-12-16 17:29:00.192 [info] Got 1 sessions for ...
2024-12-16 17:29:00.322 [info] Getting sessions for read:user,repo,user:email,workflow...
2024-12-16 17:29:00.322 [info] Got 0 sessions for read:user,repo,user:email,workflow...
2024-12-16 17:29:00.570 [info] Getting sessions for user:email...
2024-12-16 17:29:00.570 [info] Got 1 sessions for user:email...
2024-12-16 17:29:00.709 [info] Getting sessions for read:user,repo,user:email,workflow...
2024-12-16 17:29:00.709 [info] Got 0 sessions for read:user,repo,user:email,workflow...
2024-12-16 17:29:00.996 [info] Getting sessions for all scopes...
2024-12-16 17:29:00.996 [info] Got 1 sessions for ...
2024-12-16 17:29:00.997 [info] Getting sessions for read:user,repo,user:email,workflow...
2024-12-16 17:29:00.997 [info] Got 0 sessions for read:user,repo,user:email,workflow...
2024-12-16 17:29:00.997 [info] Getting sessions for all scopes...
2024-12-16 17:29:00.997 [info] Got 1 sessions for ...
2024-12-16 17:29:00.998 [info] Getting sessions for read:user,repo,user:email,workflow...
2024-12-16 17:29:00.998 [info] Got 0 sessions for read:user,repo,user:email,workflow...
2024-12-16 17:29:00.998 [info] Getting sessions for user:email...
2024-12-16 17:29:00.998 [info] Got 1 sessions for user:email...
2024-12-16 17:44:00.770 [info] Getting sessions for all scopes...
2024-12-16 17:44:00.770 [info] Got 1 sessions for ...
2024-12-16 17:44:00.771 [info] Getting sessions for read:user,repo,user:email,workflow...
2024-12-16 17:44:00.771 [info] Got 0 sessions for read:user,repo,user:email,workflow...
2024-12-16 17:44:00.772 [info] Getting sessions for user:email...
2024-12-16 17:44:00.772 [info] Got 1 sessions for user:email...
2024-12-16 17:44:00.773 [info] Getting sessions for all scopes...
2024-12-16 17:44:00.773 [info] Got 1 sessions for ...
2024-12-16 17:44:00.773 [info] Getting sessions for read:user,repo,user:email,workflow...
2024-12-16 17:44:00.773 [info] Got 0 sessions for read:user,repo,user:email,workflow...
2024-12-16 17:44:00.774 [info] Getting sessions for user:email...
2024-12-16 17:44:00.774 [info] Got 1 sessions for user:email...
2024-12-16 17:59:01.082 [info] Getting sessions for all scopes...
2024-12-16 17:59:01.082 [info] Got 1 sessions for ...
2024-12-16 17:59:01.083 [info] Getting sessions for read:user,repo,user:email,workflow...
2024-12-16 17:59:01.083 [info] Got 0 sessions for read:user,repo,user:email,workflow...
2024-12-16 17:59:01.084 [info] Getting sessions for user:email...
2024-12-16 17:59:01.084 [info] Got 1 sessions for user:email...
2024-12-16 17:59:01.086 [info] Getting sessions for all scopes...
2024-12-16 17:59:01.086 [info] Got 1 sessions for ...
2024-12-16 17:59:01.087 [info] Getting sessions for read:user,repo,user:email,workflow...
2024-12-16 17:59:01.087 [info] Got 0 sessions for read:user,repo,user:email,workflow...
2024-12-16 17:59:01.088 [info] Getting sessions for user:email...
2024-12-16 17:59:01.088 [info] Got 1 sessions for user:email...
2024-12-16 18:14:01.424 [info] Getting sessions for all scopes...
2024-12-16 18:14:01.424 [info] Got 1 sessions for ...
2024-12-16 18:14:01.426 [info] Getting sessions for read:user,repo,user:email,workflow...
2024-12-16 18:14:01.426 [info] Got 0 sessions for read:user,repo,user:email,workflow...
2024-12-16 18:14:01.427 [info] Getting sessions for user:email...
2024-12-16 18:14:01.427 [info] Got 1 sessions for user:email...
2024-12-16 18:14:01.428 [info] Getting sessions for all scopes...
2024-12-16 18:14:01.428 [info] Got 1 sessions for ...
2024-12-16 18:14:01.429 [info] Getting sessions for read:user,repo,user:email,workflow...
2024-12-16 18:14:01.429 [info] Got 0 sessions for read:user,repo,user:email,workflow...
2024-12-16 18:14:01.430 [info] Getting sessions for user:email...
2024-12-16 18:14:01.430 [info] Got 1 sessions for user:email...
2024-12-16 18:29:01.812 [info] Getting sessions for all scopes...
2024-12-16 18:29:01.812 [info] Got 1 sessions for ...
2024-12-16 18:29:01.814 [info] Getting sessions for read:user,repo,user:email,workflow...
2024-12-16 18:29:01.814 [info] Got 0 sessions for read:user,repo,user:email,workflow...
2024-12-16 18:29:01.815 [info] Getting sessions for user:email...
2024-12-16 18:29:01.815 [info] Got 1 sessions for user:email...
2024-12-16 18:29:01.816 [info] Getting sessions for all scopes...
2024-12-16 18:29:01.816 [info] Got 1 sessions for ...
2024-12-16 18:29:01.816 [info] Getting sessions for read:user,repo,user:email,workflow...
2024-12-16 18:29:01.816 [info] Got 0 sessions for read:user,repo,user:email,workflow...
2024-12-16 18:29:01.817 [info] Getting sessions for user:email...
2024-12-16 18:29:01.817 [info] Got 1 sessions for user:email...
2024-12-16 18:44:02.124 [info] Getting sessions for all scopes...
2024-12-16 18:44:02.124 [info] Got 1 sessions for ...
2024-12-16 18:44:02.125 [info] Getting sessions for read:user,repo,user:email,workflow...
2024-12-16 18:44:02.125 [info] Got 0 sessions for read:user,repo,user:email,workflow...
2024-12-16 18:44:02.126 [info] Getting sessions for user:email...
2024-12-16 18:44:02.126 [info] Got 1 sessions for user:email...
2024-12-16 18:44:02.127 [info] Getting sessions for all scopes...
2024-12-16 18:44:02.127 [info] Got 1 sessions for ...
2024-12-16 18:44:02.128 [info] Getting sessions for read:user,repo,user:email,workflow...
2024-12-16 18:44:02.128 [info] Got 0 sessions for read:user,repo,user:email,workflow...
2024-12-16 18:44:02.129 [info] Getting sessions for user:email...
2024-12-16 18:44:02.129 [info] Got 1 sessions for user:email...
2024-12-16 18:59:02.429 [info] Getting sessions for all scopes...
2024-12-16 18:59:02.429 [info] Got 1 sessions for ...
2024-12-16 18:59:02.431 [info] Getting sessions for read:user,repo,user:email,workflow...
2024-12-16 18:59:02.431 [info] Got 0 sessions for read:user,repo,user:email,workflow...
2024-12-16 18:59:02.432 [info] Getting sessions for user:email...
2024-12-16 18:59:02.432 [info] Got 1 sessions for user:email...
2024-12-16 18:59:02.433 [info] Getting sessions for all scopes...
2024-12-16 18:59:02.433 [info] Got 1 sessions for ...
2024-12-16 18:59:02.434 [info] Getting sessions for read:user,repo,user:email,workflow...
2024-12-16 18:59:02.434 [info] Got 0 sessions for read:user,repo,user:email,workflow...
2024-12-16 18:59:02.435 [info] Getting sessions for user:email...
2024-12-16 18:59:02.435 [info] Got 1 sessions for user:email...
2024-12-16 19:14:02.880 [info] Getting sessions for all scopes...
2024-12-16 19:14:02.880 [info] Got 1 sessions for ...
2024-12-16 19:14:02.882 [info] Getting sessions for read:user,repo,user:email,workflow...
2024-12-16 19:14:02.882 [info] Got 0 sessions for read:user,repo,user:email,workflow...
2024-12-16 19:14:02.883 [info] Getting sessions for user:email...
2024-12-16 19:14:02.883 [info] Got 1 sessions for user:email...
2024-12-16 19:14:02.885 [info] Getting sessions for all scopes...
2024-12-16 19:14:02.885 [info] Got 1 sessions for ...
2024-12-16 19:14:02.886 [info] Getting sessions for read:user,repo,user:email,workflow...
2024-12-16 19:14:02.886 [info] Got 0 sessions for read:user,repo,user:email,workflow...
2024-12-16 19:14:02.886 [info] Getting sessions for user:email...
2024-12-16 19:14:02.886 [info] Got 1 sessions for user:email...
2024-12-16 19:29:03.280 [info] Getting sessions for all scopes...
2024-12-16 19:29:03.280 [info] Got 1 sessions for ...
2024-12-16 19:29:03.282 [info] Getting sessions for read:user,repo,user:email,workflow...
2024-12-16 19:29:03.282 [info] Got 0 sessions for read:user,repo,user:email,workflow...
2024-12-16 19:29:03.283 [info] Getting sessions for user:email...
2024-12-16 19:29:03.283 [info] Got 1 sessions for user:email...
2024-12-16 19:29:03.284 [info] Getting sessions for all scopes...
2024-12-16 19:29:03.284 [info] Got 1 sessions for ...
2024-12-16 19:29:03.284 [info] Getting sessions for read:user,repo,user:email,workflow...
2024-12-16 19:29:03.284 [info] Got 0 sessions for read:user,repo,user:email,workflow...
2024-12-16 19:29:03.285 [info] Getting sessions for user:email...
2024-12-16 19:29:03.285 [info] Got 1 sessions for user:email...
2024-12-16 19:44:03.699 [info] Getting sessions for all scopes...
2024-12-16 19:44:03.699 [info] Got 1 sessions for ...
2024-12-16 19:44:03.701 [info] Getting sessions for read:user,repo,user:email,workflow...
2024-12-16 19:44:03.701 [info] Got 0 sessions for read:user,repo,user:email,workflow...
2024-12-16 19:44:03.702 [info] Getting sessions for user:email...
2024-12-16 19:44:03.702 [info] Got 1 sessions for user:email...
2024-12-16 19:44:03.703 [info] Getting sessions for all scopes...
2024-12-16 19:44:03.703 [info] Got 1 sessions for ...
2024-12-16 19:44:03.704 [info] Getting sessions for read:user,repo,user:email,workflow...
2024-12-16 19:44:03.704 [info] Got 0 sessions for read:user,repo,user:email,workflow...
2024-12-16 19:44:03.704 [info] Getting sessions for user:email...
2024-12-16 19:44:03.704 [info] Got 1 sessions for user:email...
2024-12-16 19:59:04.077 [info] Getting sessions for all scopes...
2024-12-16 19:59:04.077 [info] Got 1 sessions for ...
2024-12-16 19:59:04.078 [info] Getting sessions for read:user,repo,user:email,workflow...
2024-12-16 19:59:04.078 [info] Got 0 sessions for read:user,repo,user:email,workflow...
2024-12-16 19:59:04.079 [info] Getting sessions for user:email...
2024-12-16 19:59:04.079 [info] Got 1 sessions for user:email...
2024-12-16 19:59:04.080 [info] Getting sessions for all scopes...
2024-12-16 19:59:04.080 [info] Got 1 sessions for ...
2024-12-16 19:59:04.081 [info] Getting sessions for read:user,repo,user:email,workflow...
2024-12-16 19:59:04.081 [info] Got 0 sessions for read:user,repo,user:email,workflow...
2024-12-16 19:59:04.082 [info] Getting sessions for user:email...
2024-12-16 19:59:04.082 [info] Got 1 sessions for user:email...
2024-12-16 20:14:04.376 [info] Getting sessions for all scopes...
2024-12-16 20:14:04.376 [info] Got 1 sessions for ...
2024-12-16 20:14:04.377 [info] Getting sessions for read:user,repo,user:email,workflow...
2024-12-16 20:14:04.377 [info] Got 0 sessions for read:user,repo,user:email,workflow...
2024-12-16 20:14:04.378 [info] Getting sessions for user:email...
2024-12-16 20:14:04.378 [info] Got 1 sessions for user:email...
2024-12-16 20:14:04.379 [info] Getting sessions for all scopes...
2024-12-16 20:14:04.379 [info] Got 1 sessions for ...
2024-12-16 20:14:04.380 [info] Getting sessions for read:user,repo,user:email,workflow...
2024-12-16 20:14:04.380 [info] Got 0 sessions for read:user,repo,user:email,workflow...
2024-12-16 20:14:04.381 [info] Getting sessions for user:email...
2024-12-16 20:14:04.381 [info] Got 1 sessions for user:email...
2024-12-16 20:29:04.760 [info] Getting sessions for all scopes...
2024-12-16 20:29:04.760 [info] Got 1 sessions for ...
2024-12-16 20:29:04.762 [info] Getting sessions for read:user,repo,user:email,workflow...
2024-12-16 20:29:04.762 [info] Got 0 sessions for read:user,repo,user:email,workflow...
2024-12-16 20:29:04.763 [info] Getting sessions for user:email...
2024-12-16 20:29:04.763 [info] Got 1 sessions for user:email...
2024-12-16 20:29:04.764 [info] Getting sessions for all scopes...
2024-12-16 20:29:04.764 [info] Got 1 sessions for ...
2024-12-16 20:29:04.764 [info] Getting sessions for read:user,repo,user:email,workflow...
2024-12-16 20:29:04.764 [info] Got 0 sessions for read:user,repo,user:email,workflow...
2024-12-16 20:29:04.765 [info] Getting sessions for user:email...
2024-12-16 20:29:04.765 [info] Got 1 sessions for user:email...
2024-12-16 20:44:06.638 [info] Getting sessions for all scopes...
2024-12-16 20:44:06.638 [info] Got 1 sessions for ...
2024-12-16 20:44:06.639 [info] Getting sessions for read:user,repo,user:email,workflow...
2024-12-16 20:44:06.639 [info] Got 0 sessions for read:user,repo,user:email,workflow...
2024-12-16 20:44:06.640 [info] Getting sessions for user:email...
2024-12-16 20:44:06.640 [info] Got 1 sessions for user:email...
2024-12-16 20:44:06.641 [info] Getting sessions for all scopes...
2024-12-16 20:44:06.641 [info] Got 1 sessions for ...
2024-12-16 20:44:06.642 [info] Getting sessions for read:user,repo,user:email,workflow...
2024-12-16 20:44:06.642 [info] Got 0 sessions for read:user,repo,user:email,workflow...
2024-12-16 20:44:06.643 [info] Getting sessions for user:email...
2024-12-16 20:44:06.643 [info] Got 1 sessions for user:email...
