2024-12-15 15:38:20.002 [info] Using settings sync service https://vscode-sync.trafficmanager.net/
2024-12-15 15:38:20.002 [info] Auto Sync is enabled.
2024-12-15 15:38:20.002 [info] Auto Sync: Suspended until auth token is available.
2024-12-15 15:38:20.533 [info] Auto Sync: Triggered by Interval
2024-12-15 15:38:20.533 [info] Sync started.
2024-12-15 15:38:21.002 [info] Settings: No changes found during synchronizing settings.
2024-12-15 15:38:21.016 [info] Keybindings: No changes found during synchronizing keybindings.
2024-12-15 15:38:21.018 [info] Snippets: No changes found during synchronizing snippets.
2024-12-15 15:38:21.019 [info] Tasks: No changes found during synchronizing tasks.
2024-12-15 15:38:21.022 [info] GlobalState: No changes found during synchronizing ui state.
2024-12-15 15:38:21.043 [info] Extensions: No changes found during synchronizing extensions.
2024-12-15 15:38:21.046 [info] Profiles: No changes found during synchronizing profiles.
2024-12-15 15:38:21.047 [info] Sync done. Took 515ms
2024-12-15 15:43:21.050 [info] Auto Sync: Triggered by Interval
2024-12-15 15:43:21.050 [info] Sync started.
2024-12-15 15:43:21.446 [info] Settings: No changes found during synchronizing settings.
2024-12-15 15:43:21.449 [info] Keybindings: No changes found during synchronizing keybindings.
2024-12-15 15:43:21.451 [info] Snippets: No changes found during synchronizing snippets.
2024-12-15 15:43:21.453 [info] Tasks: No changes found during synchronizing tasks.
2024-12-15 15:43:21.456 [info] GlobalState: No changes found during synchronizing ui state.
2024-12-15 15:43:21.478 [info] Extensions: No changes found during synchronizing extensions.
2024-12-15 15:43:21.479 [info] Profiles: No changes found during synchronizing profiles.
2024-12-15 15:43:21.479 [info] Sync done. Took 431ms
2024-12-15 15:48:15.575 [info] Auto Sync: Triggered by Activity
2024-12-15 15:48:15.576 [info] Sync started.
2024-12-15 15:48:15.873 [info] Settings: No changes found during synchronizing settings.
2024-12-15 15:48:15.875 [info] Keybindings: No changes found during synchronizing keybindings.
2024-12-15 15:48:15.877 [info] Snippets: No changes found during synchronizing snippets.
2024-12-15 15:48:15.879 [info] Tasks: No changes found during synchronizing tasks.
2024-12-15 15:48:15.881 [info] GlobalState: No changes found during synchronizing ui state.
2024-12-15 15:48:15.910 [info] Extensions: No changes found during synchronizing extensions.
2024-12-15 15:48:15.910 [info] Profiles: No changes found during synchronizing profiles.
2024-12-15 15:48:15.911 [info] Sync done. Took 337ms
2024-12-15 15:53:15.966 [info] Auto Sync: Triggered by Interval
2024-12-15 15:53:15.966 [info] Sync started.
2024-12-15 15:53:16.459 [info] Settings: No changes found during synchronizing settings.
2024-12-15 15:53:16.462 [info] Keybindings: No changes found during synchronizing keybindings.
2024-12-15 15:53:16.464 [info] Snippets: No changes found during synchronizing snippets.
2024-12-15 15:53:16.467 [info] Tasks: No changes found during synchronizing tasks.
2024-12-15 15:53:16.470 [info] GlobalState: No changes found during synchronizing ui state.
2024-12-15 15:53:16.490 [info] Extensions: No changes found during synchronizing extensions.
2024-12-15 15:53:16.491 [info] Profiles: No changes found during synchronizing profiles.
2024-12-15 15:53:16.492 [info] Sync done. Took 528ms
2024-12-15 15:58:16.550 [info] Auto Sync: Triggered by Interval
2024-12-15 15:58:16.550 [info] Sync started.
2024-12-15 15:58:16.901 [info] Settings: No changes found during synchronizing settings.
2024-12-15 15:58:16.903 [info] Keybindings: No changes found during synchronizing keybindings.
2024-12-15 15:58:16.905 [info] Snippets: No changes found during synchronizing snippets.
2024-12-15 15:58:16.907 [info] Tasks: No changes found during synchronizing tasks.
2024-12-15 15:58:16.910 [info] GlobalState: No changes found during synchronizing ui state.
2024-12-15 15:58:16.929 [info] Extensions: No changes found during synchronizing extensions.
2024-12-15 15:58:16.930 [info] Profiles: No changes found during synchronizing profiles.
2024-12-15 15:58:16.931 [info] Sync done. Took 382ms
2024-12-15 16:03:16.985 [info] Auto Sync: Triggered by Interval
2024-12-15 16:03:16.986 [info] Sync started.
2024-12-15 16:03:18.842 [info] Settings: No changes found during synchronizing settings.
2024-12-15 16:03:18.845 [info] Keybindings: No changes found during synchronizing keybindings.
2024-12-15 16:03:18.847 [info] Snippets: No changes found during synchronizing snippets.
2024-12-15 16:03:18.849 [info] Tasks: No changes found during synchronizing tasks.
2024-12-15 16:03:18.852 [info] GlobalState: No changes found during synchronizing ui state.
2024-12-15 16:03:18.875 [info] Extensions: No changes found during synchronizing extensions.
2024-12-15 16:03:18.876 [info] Profiles: No changes found during synchronizing profiles.
2024-12-15 16:03:18.877 [info] Sync done. Took 1893ms
2024-12-15 16:03:46.745 [info] Auto Sync: Triggered by Activity
2024-12-15 16:03:46.745 [info] Sync started.
2024-12-15 16:03:46.835 [info] Settings: No changes found during synchronizing settings.
2024-12-15 16:03:46.837 [info] Keybindings: No changes found during synchronizing keybindings.
2024-12-15 16:03:46.839 [info] Snippets: No changes found during synchronizing snippets.
2024-12-15 16:03:46.841 [info] Tasks: No changes found during synchronizing tasks.
2024-12-15 16:03:46.843 [info] GlobalState: No changes found during synchronizing ui state.
2024-12-15 16:03:46.864 [info] Extensions: No changes found during synchronizing extensions.
2024-12-15 16:03:46.865 [info] Profiles: No changes found during synchronizing profiles.
2024-12-15 16:03:46.866 [info] Sync done. Took 122ms
2024-12-15 16:05:34.133 [info] Auto Sync: Triggered by Activity
2024-12-15 16:05:34.134 [info] Sync started.
2024-12-15 16:05:34.224 [info] Settings: No changes found during synchronizing settings.
2024-12-15 16:05:34.226 [info] Keybindings: No changes found during synchronizing keybindings.
2024-12-15 16:05:34.228 [info] Snippets: No changes found during synchronizing snippets.
2024-12-15 16:05:34.229 [info] Tasks: No changes found during synchronizing tasks.
2024-12-15 16:05:34.231 [info] GlobalState: No changes found during synchronizing ui state.
2024-12-15 16:05:34.254 [info] Extensions: No changes found during synchronizing extensions.
2024-12-15 16:05:34.255 [info] Profiles: No changes found during synchronizing profiles.
2024-12-15 16:05:34.256 [info] Sync done. Took 123ms
2024-12-15 16:10:34.259 [info] Auto Sync: Triggered by Interval
2024-12-15 16:10:34.260 [info] Sync started.
2024-12-15 16:10:36.049 [info] Settings: No changes found during synchronizing settings.
2024-12-15 16:10:36.051 [info] Keybindings: No changes found during synchronizing keybindings.
2024-12-15 16:10:36.053 [info] Snippets: No changes found during synchronizing snippets.
2024-12-15 16:10:36.055 [info] Tasks: No changes found during synchronizing tasks.
2024-12-15 16:10:36.057 [info] GlobalState: No changes found during synchronizing ui state.
2024-12-15 16:10:36.079 [info] Extensions: No changes found during synchronizing extensions.
2024-12-15 16:10:36.080 [info] Profiles: No changes found during synchronizing profiles.
2024-12-15 16:10:36.081 [info] Sync done. Took 1822ms
2024-12-15 16:15:36.098 [info] Auto Sync: Triggered by Interval
2024-12-15 16:15:36.098 [info] Sync started.
2024-12-15 16:15:36.503 [info] Settings: No changes found during synchronizing settings.
2024-12-15 16:15:36.505 [info] Keybindings: No changes found during synchronizing keybindings.
2024-12-15 16:15:36.507 [info] Snippets: No changes found during synchronizing snippets.
2024-12-15 16:15:36.509 [info] Tasks: No changes found during synchronizing tasks.
2024-12-15 16:15:36.511 [info] GlobalState: No changes found during synchronizing ui state.
2024-12-15 16:15:36.529 [info] Extensions: No changes found during synchronizing extensions.
2024-12-15 16:15:36.530 [info] Profiles: No changes found during synchronizing profiles.
2024-12-15 16:15:36.531 [info] Sync done. Took 433ms
2024-12-15 16:20:36.545 [info] Auto Sync: Triggered by Interval
2024-12-15 16:20:36.546 [info] Sync started.
2024-12-15 16:20:36.843 [info] Settings: No changes found during synchronizing settings.
2024-12-15 16:20:36.845 [info] Keybindings: No changes found during synchronizing keybindings.
2024-12-15 16:20:36.847 [info] Snippets: No changes found during synchronizing snippets.
2024-12-15 16:20:36.848 [info] Tasks: No changes found during synchronizing tasks.
2024-12-15 16:20:36.850 [info] GlobalState: No changes found during synchronizing ui state.
2024-12-15 16:20:36.872 [info] Extensions: No changes found during synchronizing extensions.
2024-12-15 16:20:36.873 [info] Profiles: No changes found during synchronizing profiles.
2024-12-15 16:20:36.874 [info] Sync done. Took 329ms
2024-12-15 16:25:36.891 [info] Auto Sync: Triggered by Interval
2024-12-15 16:25:36.891 [info] Sync started.
2024-12-15 16:25:37.296 [info] Settings: No changes found during synchronizing settings.
2024-12-15 16:25:37.298 [info] Keybindings: No changes found during synchronizing keybindings.
2024-12-15 16:25:37.300 [info] Snippets: No changes found during synchronizing snippets.
2024-12-15 16:25:37.302 [info] Tasks: No changes found during synchronizing tasks.
2024-12-15 16:25:37.305 [info] GlobalState: No changes found during synchronizing ui state.
2024-12-15 16:25:37.323 [info] Extensions: No changes found during synchronizing extensions.
2024-12-15 16:25:37.325 [info] Profiles: No changes found during synchronizing profiles.
2024-12-15 16:25:37.326 [info] Sync done. Took 436ms
2024-12-15 16:30:37.342 [info] Auto Sync: Triggered by Interval
2024-12-15 16:30:37.343 [info] Sync started.
2024-12-15 16:30:37.602 [info] Settings: No changes found during synchronizing settings.
2024-12-15 16:30:37.605 [info] Keybindings: No changes found during synchronizing keybindings.
2024-12-15 16:30:37.607 [info] Snippets: No changes found during synchronizing snippets.
2024-12-15 16:30:37.609 [info] Tasks: No changes found during synchronizing tasks.
2024-12-15 16:30:37.611 [info] GlobalState: No changes found during synchronizing ui state.
2024-12-15 16:30:37.632 [info] Extensions: No changes found during synchronizing extensions.
2024-12-15 16:30:37.632 [info] Profiles: No changes found during synchronizing profiles.
2024-12-15 16:30:37.633 [info] Sync done. Took 292ms
2024-12-15 16:35:37.648 [info] Auto Sync: Triggered by Interval
2024-12-15 16:35:37.649 [info] Sync started.
2024-12-15 16:35:38.060 [info] Settings: No changes found during synchronizing settings.
2024-12-15 16:35:38.063 [info] Keybindings: No changes found during synchronizing keybindings.
2024-12-15 16:35:38.064 [info] Snippets: No changes found during synchronizing snippets.
2024-12-15 16:35:38.066 [info] Tasks: No changes found during synchronizing tasks.
2024-12-15 16:35:38.069 [info] GlobalState: No changes found during synchronizing ui state.
2024-12-15 16:35:38.088 [info] Extensions: No changes found during synchronizing extensions.
2024-12-15 16:35:38.089 [info] Profiles: No changes found during synchronizing profiles.
2024-12-15 16:35:38.089 [info] Sync done. Took 442ms
2024-12-15 16:40:38.107 [info] Auto Sync: Triggered by Interval
2024-12-15 16:40:38.107 [info] Sync started.
2024-12-15 16:40:38.455 [info] Settings: No changes found during synchronizing settings.
2024-12-15 16:40:38.458 [info] Keybindings: No changes found during synchronizing keybindings.
2024-12-15 16:40:38.460 [info] Snippets: No changes found during synchronizing snippets.
2024-12-15 16:40:38.462 [info] Tasks: No changes found during synchronizing tasks.
2024-12-15 16:40:38.464 [info] GlobalState: No changes found during synchronizing ui state.
2024-12-15 16:40:38.489 [info] Extensions: No changes found during synchronizing extensions.
2024-12-15 16:40:38.491 [info] Profiles: No changes found during synchronizing profiles.
2024-12-15 16:40:38.492 [info] Sync done. Took 386ms
2024-12-15 16:45:38.509 [info] Auto Sync: Triggered by Interval
2024-12-15 16:45:38.509 [info] Sync started.
2024-12-15 16:45:38.840 [info] Settings: No changes found during synchronizing settings.
2024-12-15 16:45:38.842 [info] Keybindings: No changes found during synchronizing keybindings.
2024-12-15 16:45:38.844 [info] Snippets: No changes found during synchronizing snippets.
2024-12-15 16:45:38.846 [info] Tasks: No changes found during synchronizing tasks.
2024-12-15 16:45:38.848 [info] GlobalState: No changes found during synchronizing ui state.
2024-12-15 16:45:38.867 [info] Extensions: No changes found during synchronizing extensions.
2024-12-15 16:45:38.868 [info] Profiles: No changes found during synchronizing profiles.
2024-12-15 16:45:38.868 [info] Sync done. Took 360ms
2024-12-15 16:50:38.887 [info] Auto Sync: Triggered by Interval
2024-12-15 16:50:38.887 [info] Sync started.
2024-12-15 16:50:39.352 [info] Settings: No changes found during synchronizing settings.
2024-12-15 16:50:39.354 [info] Keybindings: No changes found during synchronizing keybindings.
2024-12-15 16:50:39.356 [info] Snippets: No changes found during synchronizing snippets.
2024-12-15 16:50:39.358 [info] Tasks: No changes found during synchronizing tasks.
2024-12-15 16:50:39.361 [info] GlobalState: No changes found during synchronizing ui state.
2024-12-15 16:50:39.379 [info] Extensions: No changes found during synchronizing extensions.
2024-12-15 16:50:39.380 [info] Profiles: No changes found during synchronizing profiles.
2024-12-15 16:50:39.381 [info] Sync done. Took 496ms
2024-12-15 16:55:39.399 [info] Auto Sync: Triggered by Interval
2024-12-15 16:55:39.399 [info] Sync started.
2024-12-15 16:55:39.828 [info] Settings: No changes found during synchronizing settings.
2024-12-15 16:55:39.830 [info] Keybindings: No changes found during synchronizing keybindings.
2024-12-15 16:55:39.833 [info] Snippets: No changes found during synchronizing snippets.
2024-12-15 16:55:39.835 [info] Tasks: No changes found during synchronizing tasks.
2024-12-15 16:55:39.838 [info] GlobalState: No changes found during synchronizing ui state.
2024-12-15 16:55:39.856 [info] Extensions: No changes found during synchronizing extensions.
2024-12-15 16:55:39.857 [info] Profiles: No changes found during synchronizing profiles.
2024-12-15 16:55:39.859 [info] Sync done. Took 461ms
2024-12-15 17:00:39.876 [info] Auto Sync: Triggered by Interval
2024-12-15 17:00:39.877 [info] Sync started.
2024-12-15 17:00:40.216 [info] Settings: No changes found during synchronizing settings.
2024-12-15 17:00:40.219 [info] Keybindings: No changes found during synchronizing keybindings.
2024-12-15 17:00:40.221 [info] Snippets: No changes found during synchronizing snippets.
2024-12-15 17:00:40.223 [info] Tasks: No changes found during synchronizing tasks.
2024-12-15 17:00:40.226 [info] GlobalState: No changes found during synchronizing ui state.
2024-12-15 17:00:40.246 [info] Extensions: No changes found during synchronizing extensions.
2024-12-15 17:00:40.247 [info] Profiles: No changes found during synchronizing profiles.
2024-12-15 17:00:40.248 [info] Sync done. Took 372ms
2024-12-15 17:05:40.267 [info] Auto Sync: Triggered by Interval
2024-12-15 17:05:40.267 [info] Sync started.
2024-12-15 17:05:40.515 [info] Settings: No changes found during synchronizing settings.
2024-12-15 17:05:40.518 [info] Keybindings: No changes found during synchronizing keybindings.
2024-12-15 17:05:40.520 [info] Snippets: No changes found during synchronizing snippets.
2024-12-15 17:05:40.521 [info] Tasks: No changes found during synchronizing tasks.
2024-12-15 17:05:40.524 [info] GlobalState: No changes found during synchronizing ui state.
2024-12-15 17:05:40.543 [info] Extensions: No changes found during synchronizing extensions.
2024-12-15 17:05:40.544 [info] Profiles: No changes found during synchronizing profiles.
2024-12-15 17:05:40.545 [info] Sync done. Took 279ms
2024-12-15 17:10:40.563 [info] Auto Sync: Triggered by Interval
2024-12-15 17:10:40.563 [info] Sync started.
2024-12-15 17:10:40.906 [info] Settings: No changes found during synchronizing settings.
2024-12-15 17:10:40.908 [info] Keybindings: No changes found during synchronizing keybindings.
2024-12-15 17:10:40.910 [info] Snippets: No changes found during synchronizing snippets.
2024-12-15 17:10:40.912 [info] Tasks: No changes found during synchronizing tasks.
2024-12-15 17:10:40.914 [info] GlobalState: No changes found during synchronizing ui state.
2024-12-15 17:10:40.938 [info] Extensions: No changes found during synchronizing extensions.
2024-12-15 17:10:40.938 [info] Profiles: No changes found during synchronizing profiles.
2024-12-15 17:10:40.941 [info] Sync done. Took 380ms
2024-12-15 17:15:40.960 [info] Auto Sync: Triggered by Interval
2024-12-15 17:15:40.960 [info] Sync started.
2024-12-15 17:15:41.326 [info] Settings: No changes found during synchronizing settings.
2024-12-15 17:15:41.328 [info] Keybindings: No changes found during synchronizing keybindings.
2024-12-15 17:15:41.330 [info] Snippets: No changes found during synchronizing snippets.
2024-12-15 17:15:41.332 [info] Tasks: No changes found during synchronizing tasks.
2024-12-15 17:15:41.334 [info] GlobalState: No changes found during synchronizing ui state.
2024-12-15 17:15:41.353 [info] Extensions: No changes found during synchronizing extensions.
2024-12-15 17:15:41.354 [info] Profiles: No changes found during synchronizing profiles.
2024-12-15 17:15:41.355 [info] Sync done. Took 396ms
2024-12-15 17:20:41.360 [info] Auto Sync: Triggered by Interval
2024-12-15 17:20:41.360 [info] Sync started.
2024-12-15 17:20:41.641 [info] Settings: No changes found during synchronizing settings.
2024-12-15 17:20:41.643 [info] Keybindings: No changes found during synchronizing keybindings.
2024-12-15 17:20:41.645 [info] Snippets: No changes found during synchronizing snippets.
2024-12-15 17:20:41.647 [info] Tasks: No changes found during synchronizing tasks.
2024-12-15 17:20:41.649 [info] GlobalState: No changes found during synchronizing ui state.
2024-12-15 17:20:41.669 [info] Extensions: No changes found during synchronizing extensions.
2024-12-15 17:20:41.671 [info] Profiles: No changes found during synchronizing profiles.
2024-12-15 17:20:41.673 [info] Sync done. Took 314ms
2024-12-15 17:25:41.692 [info] Auto Sync: Triggered by Interval
2024-12-15 17:25:41.692 [info] Sync started.
2024-12-15 17:25:42.075 [info] Settings: No changes found during synchronizing settings.
2024-12-15 17:25:42.077 [info] Keybindings: No changes found during synchronizing keybindings.
2024-12-15 17:25:42.079 [info] Snippets: No changes found during synchronizing snippets.
2024-12-15 17:25:42.081 [info] Tasks: No changes found during synchronizing tasks.
2024-12-15 17:25:42.085 [info] GlobalState: No changes found during synchronizing ui state.
2024-12-15 17:25:42.105 [info] Extensions: No changes found during synchronizing extensions.
2024-12-15 17:25:42.106 [info] Profiles: No changes found during synchronizing profiles.
2024-12-15 17:25:42.107 [info] Sync done. Took 415ms
2024-12-15 17:30:42.125 [info] Auto Sync: Triggered by Interval
2024-12-15 17:30:42.125 [info] Sync started.
2024-12-15 17:30:42.429 [info] Settings: No changes found during synchronizing settings.
2024-12-15 17:30:42.431 [info] Keybindings: No changes found during synchronizing keybindings.
2024-12-15 17:30:42.433 [info] Snippets: No changes found during synchronizing snippets.
2024-12-15 17:30:42.435 [info] Tasks: No changes found during synchronizing tasks.
2024-12-15 17:30:42.437 [info] GlobalState: No changes found during synchronizing ui state.
2024-12-15 17:30:42.457 [info] Extensions: No changes found during synchronizing extensions.
2024-12-15 17:30:42.458 [info] Profiles: No changes found during synchronizing profiles.
2024-12-15 17:30:42.459 [info] Sync done. Took 335ms
2024-12-15 17:35:42.475 [info] Auto Sync: Triggered by Interval
2024-12-15 17:35:42.475 [info] Sync started.
2024-12-15 17:35:42.892 [info] Settings: No changes found during synchronizing settings.
2024-12-15 17:35:42.894 [info] Keybindings: No changes found during synchronizing keybindings.
2024-12-15 17:35:42.896 [info] Snippets: No changes found during synchronizing snippets.
2024-12-15 17:35:42.897 [info] Tasks: No changes found during synchronizing tasks.
2024-12-15 17:35:42.899 [info] GlobalState: No changes found during synchronizing ui state.
2024-12-15 17:35:42.922 [info] Extensions: No changes found during synchronizing extensions.
2024-12-15 17:35:42.923 [info] Profiles: No changes found during synchronizing profiles.
2024-12-15 17:35:42.926 [info] Sync done. Took 452ms
2024-12-15 17:40:42.946 [info] Auto Sync: Triggered by Interval
2024-12-15 17:40:42.946 [info] Sync started.
2024-12-15 17:40:43.366 [info] Settings: No changes found during synchronizing settings.
2024-12-15 17:40:43.369 [info] Keybindings: No changes found during synchronizing keybindings.
2024-12-15 17:40:43.371 [info] Snippets: No changes found during synchronizing snippets.
2024-12-15 17:40:43.372 [info] Tasks: No changes found during synchronizing tasks.
2024-12-15 17:40:43.375 [info] GlobalState: No changes found during synchronizing ui state.
2024-12-15 17:40:43.396 [info] Extensions: No changes found during synchronizing extensions.
2024-12-15 17:40:43.396 [info] Profiles: No changes found during synchronizing profiles.
2024-12-15 17:40:43.397 [info] Sync done. Took 453ms
2024-12-15 17:45:43.417 [info] Auto Sync: Triggered by Interval
2024-12-15 17:45:43.417 [info] Sync started.
2024-12-15 17:45:43.774 [info] Settings: No changes found during synchronizing settings.
2024-12-15 17:45:43.776 [info] Keybindings: No changes found during synchronizing keybindings.
2024-12-15 17:45:43.778 [info] Snippets: No changes found during synchronizing snippets.
2024-12-15 17:45:43.780 [info] Tasks: No changes found during synchronizing tasks.
2024-12-15 17:45:43.782 [info] GlobalState: No changes found during synchronizing ui state.
2024-12-15 17:45:43.807 [info] Extensions: No changes found during synchronizing extensions.
2024-12-15 17:45:43.807 [info] Profiles: No changes found during synchronizing profiles.
2024-12-15 17:45:43.809 [info] Sync done. Took 393ms
2024-12-15 17:50:43.821 [info] Auto Sync: Triggered by Interval
2024-12-15 17:50:43.822 [info] Sync started.
2024-12-15 17:50:44.215 [info] Settings: No changes found during synchronizing settings.
2024-12-15 17:50:44.217 [info] Keybindings: No changes found during synchronizing keybindings.
2024-12-15 17:50:44.219 [info] Snippets: No changes found during synchronizing snippets.
2024-12-15 17:50:44.220 [info] Tasks: No changes found during synchronizing tasks.
2024-12-15 17:50:44.223 [info] GlobalState: No changes found during synchronizing ui state.
2024-12-15 17:50:44.242 [info] Extensions: No changes found during synchronizing extensions.
2024-12-15 17:50:44.242 [info] Profiles: No changes found during synchronizing profiles.
2024-12-15 17:50:44.243 [info] Sync done. Took 424ms
2024-12-15 17:55:44.262 [info] Auto Sync: Triggered by Interval
2024-12-15 17:55:44.262 [info] Sync started.
2024-12-15 17:55:44.671 [info] Settings: No changes found during synchronizing settings.
2024-12-15 17:55:44.673 [info] Keybindings: No changes found during synchronizing keybindings.
2024-12-15 17:55:44.675 [info] Snippets: No changes found during synchronizing snippets.
2024-12-15 17:55:44.676 [info] Tasks: No changes found during synchronizing tasks.
2024-12-15 17:55:44.678 [info] GlobalState: No changes found during synchronizing ui state.
2024-12-15 17:55:44.701 [info] Extensions: No changes found during synchronizing extensions.
2024-12-15 17:55:44.704 [info] Profiles: No changes found during synchronizing profiles.
2024-12-15 17:55:44.705 [info] Sync done. Took 444ms
2024-12-15 18:00:44.725 [info] Auto Sync: Triggered by Interval
2024-12-15 18:00:44.725 [info] Sync started.
2024-12-15 18:00:45.041 [info] Settings: No changes found during synchronizing settings.
2024-12-15 18:00:45.043 [info] Keybindings: No changes found during synchronizing keybindings.
2024-12-15 18:00:45.046 [info] Snippets: No changes found during synchronizing snippets.
2024-12-15 18:00:45.047 [info] Tasks: No changes found during synchronizing tasks.
2024-12-15 18:00:45.050 [info] GlobalState: No changes found during synchronizing ui state.
2024-12-15 18:00:45.071 [info] Extensions: No changes found during synchronizing extensions.
2024-12-15 18:00:45.072 [info] Profiles: No changes found during synchronizing profiles.
2024-12-15 18:00:45.072 [info] Sync done. Took 349ms
2024-12-15 18:05:45.091 [info] Auto Sync: Triggered by Interval
2024-12-15 18:05:45.091 [info] Sync started.
2024-12-15 18:05:45.464 [info] Settings: No changes found during synchronizing settings.
2024-12-15 18:05:45.467 [info] Keybindings: No changes found during synchronizing keybindings.
2024-12-15 18:05:45.469 [info] Snippets: No changes found during synchronizing snippets.
2024-12-15 18:05:45.470 [info] Tasks: No changes found during synchronizing tasks.
2024-12-15 18:05:45.472 [info] GlobalState: No changes found during synchronizing ui state.
2024-12-15 18:05:45.496 [info] Extensions: No changes found during synchronizing extensions.
2024-12-15 18:05:45.498 [info] Profiles: No changes found during synchronizing profiles.
2024-12-15 18:05:45.500 [info] Sync done. Took 410ms
2024-12-15 18:08:39.819 [info] Auto Sync: Triggered by Activity
2024-12-15 18:08:39.819 [info] Sync started.
2024-12-15 18:08:40.178 [info] Settings: No changes found during synchronizing settings.
2024-12-15 18:08:40.180 [info] Keybindings: No changes found during synchronizing keybindings.
2024-12-15 18:08:40.182 [info] Snippets: No changes found during synchronizing snippets.
2024-12-15 18:08:40.183 [info] Tasks: No changes found during synchronizing tasks.
2024-12-15 18:08:40.187 [info] GlobalState: No changes found during synchronizing ui state.
2024-12-15 18:08:40.210 [info] Extensions: No changes found during synchronizing extensions.
2024-12-15 18:08:40.211 [info] Profiles: No changes found during synchronizing profiles.
2024-12-15 18:08:40.211 [info] Sync done. Took 394ms
2024-12-15 18:09:04.848 [info] Auto Sync: Triggered by Activity
2024-12-15 18:09:04.849 [info] Sync started.
2024-12-15 18:09:04.922 [info] Settings: No changes found during synchronizing settings.
2024-12-15 18:09:04.925 [info] Keybindings: No changes found during synchronizing keybindings.
2024-12-15 18:09:04.927 [info] Snippets: No changes found during synchronizing snippets.
2024-12-15 18:09:04.928 [info] Tasks: No changes found during synchronizing tasks.
2024-12-15 18:09:04.931 [info] GlobalState: No changes found during synchronizing ui state.
2024-12-15 18:09:04.953 [info] Extensions: No changes found during synchronizing extensions.
2024-12-15 18:09:04.956 [info] Profiles: No changes found during synchronizing profiles.
2024-12-15 18:09:04.957 [info] Sync done. Took 110ms
2024-12-15 18:09:18.318 [info] Auto Sync: Triggered by Activity
2024-12-15 18:09:18.319 [info] Sync started.
2024-12-15 18:09:18.390 [info] Settings: No changes found during synchronizing settings.
2024-12-15 18:09:18.392 [info] Keybindings: No changes found during synchronizing keybindings.
2024-12-15 18:09:18.395 [info] Snippets: No changes found during synchronizing snippets.
2024-12-15 18:09:18.397 [info] Tasks: No changes found during synchronizing tasks.
2024-12-15 18:09:18.399 [info] GlobalState: No changes found during synchronizing ui state.
2024-12-15 18:09:18.417 [info] Extensions: No changes found during synchronizing extensions.
2024-12-15 18:09:18.418 [info] Profiles: No changes found during synchronizing profiles.
2024-12-15 18:09:18.419 [info] Sync done. Took 101ms
2024-12-15 18:14:18.464 [info] Auto Sync: Triggered by Interval
2024-12-15 18:14:18.465 [info] Sync started.
2024-12-15 18:14:18.915 [info] Settings: No changes found during synchronizing settings.
2024-12-15 18:14:18.918 [info] Keybindings: No changes found during synchronizing keybindings.
2024-12-15 18:14:18.920 [info] Snippets: No changes found during synchronizing snippets.
2024-12-15 18:14:18.921 [info] Tasks: No changes found during synchronizing tasks.
2024-12-15 18:14:18.923 [info] GlobalState: No changes found during synchronizing ui state.
2024-12-15 18:14:18.943 [info] Extensions: No changes found during synchronizing extensions.
2024-12-15 18:14:18.944 [info] Profiles: No changes found during synchronizing profiles.
2024-12-15 18:14:18.945 [info] Sync done. Took 481ms
2024-12-15 18:19:18.971 [info] Auto Sync: Triggered by Interval
2024-12-15 18:19:18.972 [info] Sync started.
2024-12-15 18:19:19.316 [info] Settings: No changes found during synchronizing settings.
2024-12-15 18:19:19.318 [info] Keybindings: No changes found during synchronizing keybindings.
2024-12-15 18:19:19.320 [info] Snippets: No changes found during synchronizing snippets.
2024-12-15 18:19:19.322 [info] Tasks: No changes found during synchronizing tasks.
2024-12-15 18:19:19.325 [info] GlobalState: No changes found during synchronizing ui state.
2024-12-15 18:19:19.344 [info] Extensions: No changes found during synchronizing extensions.
2024-12-15 18:19:19.344 [info] Profiles: No changes found during synchronizing profiles.
2024-12-15 18:19:19.345 [info] Sync done. Took 375ms
2024-12-15 18:20:41.385 [info] Auto Sync: Triggered by Activity
2024-12-15 18:20:41.386 [info] Sync started.
2024-12-15 18:20:41.463 [info] Settings: No changes found during synchronizing settings.
2024-12-15 18:20:41.465 [info] Keybindings: No changes found during synchronizing keybindings.
2024-12-15 18:20:41.467 [info] Snippets: No changes found during synchronizing snippets.
2024-12-15 18:20:41.468 [info] Tasks: No changes found during synchronizing tasks.
2024-12-15 18:20:41.470 [info] GlobalState: No changes found during synchronizing ui state.
2024-12-15 18:20:41.494 [info] Extensions: No changes found during synchronizing extensions.
2024-12-15 18:20:41.495 [info] Profiles: No changes found during synchronizing profiles.
2024-12-15 18:20:41.497 [info] Sync done. Took 113ms
2024-12-15 18:25:41.508 [info] Auto Sync: Triggered by Interval
2024-12-15 18:25:41.508 [info] Sync started.
2024-12-15 18:25:41.920 [info] Settings: No changes found during synchronizing settings.
2024-12-15 18:25:41.923 [info] Keybindings: No changes found during synchronizing keybindings.
2024-12-15 18:25:41.925 [info] Snippets: No changes found during synchronizing snippets.
2024-12-15 18:25:41.926 [info] Tasks: No changes found during synchronizing tasks.
2024-12-15 18:25:41.928 [info] GlobalState: No changes found during synchronizing ui state.
2024-12-15 18:25:41.951 [info] Extensions: No changes found during synchronizing extensions.
2024-12-15 18:25:41.952 [info] Profiles: No changes found during synchronizing profiles.
2024-12-15 18:25:41.952 [info] Sync done. Took 445ms
2024-12-15 18:30:41.957 [info] Auto Sync: Triggered by Interval
2024-12-15 18:30:41.958 [info] Sync started.
2024-12-15 18:30:42.372 [info] Settings: No changes found during synchronizing settings.
2024-12-15 18:30:42.375 [info] Keybindings: No changes found during synchronizing keybindings.
2024-12-15 18:30:42.377 [info] Snippets: No changes found during synchronizing snippets.
2024-12-15 18:30:42.379 [info] Tasks: No changes found during synchronizing tasks.
2024-12-15 18:30:42.381 [info] GlobalState: No changes found during synchronizing ui state.
2024-12-15 18:30:42.402 [info] Extensions: No changes found during synchronizing extensions.
2024-12-15 18:30:42.403 [info] Profiles: No changes found during synchronizing profiles.
2024-12-15 18:30:42.404 [info] Sync done. Took 448ms
2024-12-15 18:35:42.405 [info] Auto Sync: Triggered by Interval
2024-12-15 18:35:42.405 [info] Sync started.
2024-12-15 18:35:42.803 [info] Settings: No changes found during synchronizing settings.
2024-12-15 18:35:42.805 [info] Keybindings: No changes found during synchronizing keybindings.
2024-12-15 18:35:42.807 [info] Snippets: No changes found during synchronizing snippets.
2024-12-15 18:35:42.808 [info] Tasks: No changes found during synchronizing tasks.
2024-12-15 18:35:42.811 [info] GlobalState: No changes found during synchronizing ui state.
2024-12-15 18:35:42.834 [info] Extensions: No changes found during synchronizing extensions.
2024-12-15 18:35:42.834 [info] Profiles: No changes found during synchronizing profiles.
2024-12-15 18:35:42.835 [info] Sync done. Took 430ms
2024-12-15 18:40:42.851 [info] Auto Sync: Triggered by Interval
2024-12-15 18:40:42.852 [info] Sync started.
2024-12-15 18:40:43.187 [info] Settings: No changes found during synchronizing settings.
2024-12-15 18:40:43.189 [info] Keybindings: No changes found during synchronizing keybindings.
2024-12-15 18:40:43.191 [info] Snippets: No changes found during synchronizing snippets.
2024-12-15 18:40:43.193 [info] Tasks: No changes found during synchronizing tasks.
2024-12-15 18:40:43.195 [info] GlobalState: No changes found during synchronizing ui state.
2024-12-15 18:40:43.213 [info] Extensions: No changes found during synchronizing extensions.
2024-12-15 18:40:43.213 [info] Profiles: No changes found during synchronizing profiles.
2024-12-15 18:40:43.214 [info] Sync done. Took 364ms
2024-12-15 18:45:43.215 [info] Auto Sync: Triggered by Interval
2024-12-15 18:45:43.215 [info] Sync started.
2024-12-15 18:45:43.544 [info] Settings: No changes found during synchronizing settings.
2024-12-15 18:45:43.547 [info] Keybindings: No changes found during synchronizing keybindings.
2024-12-15 18:45:43.549 [info] Snippets: No changes found during synchronizing snippets.
2024-12-15 18:45:43.550 [info] Tasks: No changes found during synchronizing tasks.
2024-12-15 18:45:43.554 [info] GlobalState: No changes found during synchronizing ui state.
2024-12-15 18:45:43.575 [info] Extensions: No changes found during synchronizing extensions.
2024-12-15 18:45:43.576 [info] Profiles: No changes found during synchronizing profiles.
2024-12-15 18:45:43.577 [info] Sync done. Took 362ms
2024-12-15 18:46:35.194 [info] Auto Sync: Triggered by Activity
2024-12-15 18:46:35.195 [info] Sync started.
2024-12-15 18:46:35.262 [info] Settings: No changes found during synchronizing settings.
2024-12-15 18:46:35.264 [info] Keybindings: No changes found during synchronizing keybindings.
2024-12-15 18:46:35.265 [info] Snippets: No changes found during synchronizing snippets.
2024-12-15 18:46:35.267 [info] Tasks: No changes found during synchronizing tasks.
2024-12-15 18:46:35.269 [info] GlobalState: No changes found during synchronizing ui state.
2024-12-15 18:46:35.291 [info] Extensions: No changes found during synchronizing extensions.
2024-12-15 18:46:35.295 [info] Profiles: No changes found during synchronizing profiles.
2024-12-15 18:46:35.296 [info] Sync done. Took 102ms
2024-12-15 18:51:07.722 [info] Auto Sync: Triggered by Activity
2024-12-15 18:51:07.722 [info] Sync started.
2024-12-15 18:51:08.133 [info] Settings: No changes found during synchronizing settings.
2024-12-15 18:51:08.134 [info] Keybindings: No changes found during synchronizing keybindings.
2024-12-15 18:51:08.136 [info] Snippets: No changes found during synchronizing snippets.
2024-12-15 18:51:08.137 [info] Tasks: No changes found during synchronizing tasks.
2024-12-15 18:51:08.139 [info] GlobalState: No changes found during synchronizing ui state.
2024-12-15 18:51:08.160 [info] Extensions: No changes found during synchronizing extensions.
2024-12-15 18:51:08.161 [info] Profiles: No changes found during synchronizing profiles.
2024-12-15 18:51:08.162 [info] Sync done. Took 442ms
2024-12-15 18:55:43.271 [info] Auto Sync: Triggered by Activity
2024-12-15 18:55:43.272 [info] Sync started.
2024-12-15 18:55:45.201 [info] Settings: No changes found during synchronizing settings.
2024-12-15 18:55:45.203 [info] Keybindings: No changes found during synchronizing keybindings.
2024-12-15 18:55:45.205 [info] Snippets: No changes found during synchronizing snippets.
2024-12-15 18:55:45.206 [info] Tasks: No changes found during synchronizing tasks.
2024-12-15 18:55:45.208 [info] GlobalState: No changes found during synchronizing ui state.
2024-12-15 18:55:45.231 [info] Extensions: No changes found during synchronizing extensions.
2024-12-15 18:55:45.233 [info] Profiles: No changes found during synchronizing profiles.
2024-12-15 18:55:45.234 [info] Sync done. Took 1964ms
2024-12-15 19:00:10.618 [info] Auto Sync: Triggered by Activity
2024-12-15 19:00:10.618 [info] Sync started.
2024-12-15 19:00:11.005 [info] Settings: No changes found during synchronizing settings.
2024-12-15 19:00:11.007 [info] Keybindings: No changes found during synchronizing keybindings.
2024-12-15 19:00:11.008 [info] Snippets: No changes found during synchronizing snippets.
2024-12-15 19:00:11.010 [info] Tasks: No changes found during synchronizing tasks.
2024-12-15 19:00:11.013 [info] GlobalState: No changes found during synchronizing ui state.
2024-12-15 19:00:11.036 [info] Extensions: No changes found during synchronizing extensions.
2024-12-15 19:00:11.036 [info] Profiles: No changes found during synchronizing profiles.
2024-12-15 19:00:11.037 [info] Sync done. Took 419ms
