2024-12-15 20:54:59.819 [info] Reading sessions from keychain...
2024-12-15 20:54:59.820 [info] Getting sessions for all scopes...
2024-12-15 20:54:59.820 [info] Getting sessions for all scopes...
2024-12-15 20:54:59.820 [info] Got stored sessions!
2024-12-15 20:54:59.820 [info] Got 1 verified sessions.
2024-12-15 20:54:59.820 [info] Got 1 sessions for ...
2024-12-15 20:54:59.820 [info] Got 1 sessions for ...
2024-12-15 20:54:59.820 [info] Getting sessions for all scopes...
2024-12-15 20:54:59.820 [info] Got 1 sessions for ...
2024-12-15 20:54:59.820 [info] Getting sessions for user:email...
2024-12-15 20:54:59.820 [info] Got 1 sessions for user:email...
2024-12-15 20:54:59.887 [info] Getting sessions for all scopes...
2024-12-15 20:54:59.887 [info] Got 1 sessions for ...
2024-12-15 20:54:59.887 [info] Getting sessions for all scopes...
2024-12-15 20:54:59.887 [info] Got 1 sessions for ...
2024-12-15 20:54:59.887 [info] Getting sessions for all scopes...
2024-12-15 20:54:59.887 [info] Got 1 sessions for ...
2024-12-15 20:54:59.888 [info] Getting sessions for all scopes...
2024-12-15 20:54:59.888 [info] Got 1 sessions for ...
2024-12-15 20:54:59.888 [info] Getting sessions for all scopes...
2024-12-15 20:54:59.888 [info] Got 1 sessions for ...
