2024-12-15 19:26:05.652 [info] [main] Log level: Info
2024-12-15 19:26:05.652 [info] [main] Validating found git in: "git"
2024-12-15 19:26:05.652 [info] [main] Using git "2.47.1" from "git"
2024-12-15 19:26:05.652 [info] [Model][doInitialScan] Initial repository scan started
2024-12-15 19:26:05.652 [info] > git rev-parse --show-toplevel [1ms]
2024-12-15 19:26:05.652 [info] fatal: not a git repository (or any of the parent directories): .git
2024-12-15 19:26:05.652 [info] > git rev-parse --show-toplevel [1ms]
2024-12-15 19:26:05.652 [info] fatal: not a git repository (or any of the parent directories): .git
2024-12-15 19:26:05.652 [info] > git rev-parse --show-toplevel [20ms]
2024-12-15 19:26:05.652 [info] fatal: not a git repository (or any of the parent directories): .git
2024-12-15 19:26:05.652 [info] > git rev-parse --show-toplevel [2ms]
2024-12-15 19:26:05.652 [info] fatal: not a git repository (or any of the parent directories): .git
2024-12-15 19:26:05.652 [info] > git rev-parse --show-toplevel [3ms]
2024-12-15 19:26:05.652 [info] fatal: not a git repository (or any of the parent directories): .git
2024-12-15 19:26:06.474 [info] > git rev-parse --show-toplevel [816ms]
2024-12-15 19:26:06.474 [info] fatal: not a git repository (or any of the parent directories): .git
2024-12-15 19:26:06.981 [info] > git rev-parse --show-toplevel [146ms]
2024-12-15 19:26:06.981 [info] fatal: not a git repository (or any of the parent directories): .git
2024-12-15 19:26:07.106 [info] > git rev-parse --show-toplevel [28ms]
2024-12-15 19:26:07.107 [info] fatal: not a git repository (or any of the parent directories): .git
2024-12-15 19:26:07.150 [info] > git rev-parse --show-toplevel [25ms]
2024-12-15 19:26:07.150 [info] fatal: not a git repository (or any of the parent directories): .git
2024-12-15 19:26:07.199 [info] > git rev-parse --show-toplevel [8ms]
2024-12-15 19:26:07.199 [info] fatal: not a git repository (or any of the parent directories): .git
2024-12-15 19:26:07.225 [info] > git rev-parse --show-toplevel [7ms]
2024-12-15 19:26:07.225 [info] fatal: not a git repository (or any of the parent directories): .git
2024-12-15 19:26:07.256 [info] > git rev-parse --show-toplevel [11ms]
2024-12-15 19:26:07.256 [info] fatal: not a git repository (or any of the parent directories): .git
2024-12-15 19:26:07.288 [info] > git rev-parse --show-toplevel [6ms]
2024-12-15 19:26:07.288 [info] fatal: not a git repository (or any of the parent directories): .git
2024-12-15 19:26:07.773 [info] > git rev-parse --show-toplevel [195ms]
2024-12-15 19:26:07.773 [info] fatal: not a git repository (or any of the parent directories): .git
2024-12-15 19:26:08.049 [info] > git rev-parse --show-toplevel [23ms]
2024-12-15 19:26:08.049 [info] fatal: not a git repository (or any of the parent directories): .git
2024-12-15 19:26:09.068 [info] > git rev-parse --show-toplevel [990ms]
2024-12-15 19:26:09.521 [info] > git rev-parse --git-dir --git-common-dir [208ms]
2024-12-15 19:26:09.529 [info] [Model][openRepository] Opened repository: /home/human/bin
2024-12-15 19:26:09.531 [info] [Model][doInitialScan] Initial repository scan completed - repositories (1), closed repositories (0), parent repositories (0), unsafe repositories (0)
2024-12-15 19:26:09.614 [info] > git rev-parse --show-toplevel [12ms]
2024-12-15 19:26:09.614 [info] fatal: not a git repository (or any of the parent directories): .git
2024-12-15 19:26:09.614 [info] > git config --get commit.template [30ms]
2024-12-15 19:26:09.664 [info] > git rev-parse --show-toplevel [33ms]
2024-12-15 19:26:09.664 [info] fatal: not a git repository (or any of the parent directories): .git
2024-12-15 19:26:09.665 [info] > git for-each-ref --format=%(refname)%00%(upstream:short)%00%(objectname)%00%(upstream:track)%00%(upstream:remotename)%00%(upstream:remoteref) refs/heads/main refs/remotes/main [8ms]
2024-12-15 19:26:09.685 [warning] [Git][revParse] Unable to read file: ENOENT: no such file or directory, open '/home/human/bin/.git/refs/remotes/origin/main'
2024-12-15 19:26:09.688 [info] > git rev-parse refs/remotes/origin/main [3ms]
2024-12-15 19:26:09.734 [info] > git for-each-ref --sort -committerdate --format %(refname) %(objectname) %(*objectname) [4ms]
2024-12-15 19:26:09.928 [info] > git status -z -uall [219ms]
2024-12-15 19:26:09.969 [info] > git for-each-ref --format=%(refname)%00%(upstream:short)%00%(objectname)%00%(upstream:track)%00%(upstream:remotename)%00%(upstream:remoteref) refs/heads/main refs/remotes/main [19ms]
2024-12-15 19:26:09.991 [info] > git config --local branch.main.vscode-merge-base [2ms]
2024-12-15 19:26:10.009 [info] > git config --get commit.template [40ms]
2024-12-15 19:26:10.026 [info] > git for-each-ref --format=%(refname)%00%(upstream:short)%00%(objectname)%00%(upstream:track)%00%(upstream:remotename)%00%(upstream:remoteref) refs/heads/origin/main refs/remotes/origin/main [17ms]
2024-12-15 19:26:10.049 [info] > git merge-base refs/heads/main refs/remotes/origin/main [4ms]
2024-12-15 19:26:10.064 [info] > git for-each-ref --format=%(refname)%00%(upstream:short)%00%(objectname)%00%(upstream:track)%00%(upstream:remotename)%00%(upstream:remoteref) refs/heads/main refs/remotes/main [38ms]
2024-12-15 19:26:10.086 [warning] [Git][revParse] Unable to read file: ENOENT: no such file or directory, open '/home/human/bin/.git/refs/remotes/origin/main'
2024-12-15 19:26:10.087 [info] > git diff --name-status -z --diff-filter=ADMR 41f10fa32980ca5291200d40876b46f8e208f2f8...refs/remotes/origin/main [23ms]
2024-12-15 19:26:10.089 [info] > git rev-parse refs/remotes/origin/main [3ms]
2024-12-15 19:26:10.147 [info] > git check-ignore -v -z --stdin [2ms]
2024-12-15 19:26:10.148 [info] > git for-each-ref --sort -committerdate --format %(refname) %(objectname) %(*objectname) [25ms]
2024-12-15 19:26:10.316 [info] > git status -z -uall [212ms]
2024-12-15 19:26:11.342 [info] > git rev-parse --show-toplevel [2ms]
2024-12-15 19:26:11.342 [info] fatal: not a git repository (or any of the parent directories): .git
