2024-12-15 15:38:20.498 [info] [main] Log level: Info
2024-12-15 15:38:20.498 [info] [main] Validating found git in: "git"
2024-12-15 15:38:20.498 [info] [main] Using git "2.47.1" from "git"
2024-12-15 15:38:20.498 [info] [Model][doInitialScan] Initial repository scan started
2024-12-15 15:38:20.498 [info] > git rev-parse --show-toplevel [2ms]
2024-12-15 15:38:20.498 [info] fatal: not a git repository (or any of the parent directories): .git
2024-12-15 15:38:20.505 [info] > git rev-parse --show-toplevel [1ms]
2024-12-15 15:38:20.505 [info] fatal: not a git repository (or any of the parent directories): .git
2024-12-15 15:38:20.512 [info] > git rev-parse --show-toplevel [2ms]
2024-12-15 15:38:20.512 [info] fatal: not a git repository (or any of the parent directories): .git
2024-12-15 15:38:20.518 [info] > git rev-parse --show-toplevel [1ms]
2024-12-15 15:38:20.518 [info] fatal: not a git repository (or any of the parent directories): .git
2024-12-15 15:38:20.524 [info] > git rev-parse --show-toplevel [1ms]
2024-12-15 15:38:20.524 [info] fatal: not a git repository (or any of the parent directories): .git
2024-12-15 15:38:20.530 [info] > git rev-parse --show-toplevel [1ms]
2024-12-15 15:38:20.530 [info] fatal: not a git repository (or any of the parent directories): .git
2024-12-15 15:38:20.536 [info] > git rev-parse --show-toplevel [2ms]
2024-12-15 15:38:20.536 [info] fatal: not a git repository (or any of the parent directories): .git
2024-12-15 15:38:20.543 [info] > git rev-parse --show-toplevel [3ms]
2024-12-15 15:38:20.543 [info] fatal: not a git repository (or any of the parent directories): .git
2024-12-15 15:38:20.549 [info] > git rev-parse --show-toplevel [1ms]
2024-12-15 15:38:20.549 [info] fatal: not a git repository (or any of the parent directories): .git
2024-12-15 15:38:21.314 [info] > git rev-parse --show-toplevel [759ms]
2024-12-15 15:38:21.314 [info] fatal: not a git repository (or any of the parent directories): .git
2024-12-15 15:38:21.759 [info] > git rev-parse --show-toplevel [132ms]
2024-12-15 15:38:21.760 [info] fatal: not a git repository (or any of the parent directories): .git
2024-12-15 15:38:21.873 [info] > git rev-parse --show-toplevel [24ms]
2024-12-15 15:38:21.873 [info] fatal: not a git repository (or any of the parent directories): .git
2024-12-15 15:38:21.913 [info] > git rev-parse --show-toplevel [21ms]
2024-12-15 15:38:21.913 [info] fatal: not a git repository (or any of the parent directories): .git
2024-12-15 15:38:21.956 [info] > git rev-parse --show-toplevel [6ms]
2024-12-15 15:38:21.956 [info] fatal: not a git repository (or any of the parent directories): .git
2024-12-15 15:38:21.976 [info] > git rev-parse --show-toplevel [3ms]
2024-12-15 15:38:21.976 [info] fatal: not a git repository (or any of the parent directories): .git
2024-12-15 15:38:21.998 [info] > git rev-parse --show-toplevel [4ms]
2024-12-15 15:38:22.020 [info] > git rev-parse --git-dir --git-common-dir [4ms]
2024-12-15 15:38:22.028 [info] [Model][openRepository] Opened repository: /home/human/bin
2024-12-15 15:38:22.030 [info] [Model][doInitialScan] Initial repository scan completed - repositories (1), closed repositories (0), parent repositories (0), unsafe repositories (0)
2024-12-15 15:38:22.076 [info] > git rev-parse --show-toplevel [13ms]
2024-12-15 15:38:22.076 [info] fatal: not a git repository (or any of the parent directories): .git
2024-12-15 15:38:22.076 [info] > git config --get commit.template [28ms]
2024-12-15 15:38:23.124 [info] > git check-ignore -v -z --stdin [45ms]
2024-12-15 15:38:23.125 [info] > git for-each-ref --format=%(refname)%00%(upstream:short)%00%(objectname)%00%(upstream:track)%00%(upstream:remotename)%00%(upstream:remoteref) refs/heads/main refs/remotes/main [26ms]
2024-12-15 15:38:23.143 [warning] [Git][revParse] Unable to read file: ENOENT: no such file or directory, open '/home/human/bin/.git/refs/remotes/origin/main'
2024-12-15 15:38:23.161 [info] > git rev-parse --show-toplevel [38ms]
2024-12-15 15:38:23.161 [info] fatal: not a git repository (or any of the parent directories): .git
2024-12-15 15:38:23.161 [info] > git rev-parse refs/remotes/origin/main [18ms]
2024-12-15 15:38:23.251 [info] > git for-each-ref --sort -committerdate --format %(refname) %(objectname) %(*objectname) [51ms]
2024-12-15 15:38:23.401 [info] > git status -z -uall [220ms]
2024-12-15 15:38:23.559 [info] > git for-each-ref --format=%(refname)%00%(upstream:short)%00%(objectname)%00%(upstream:track)%00%(upstream:remotename)%00%(upstream:remoteref) refs/heads/main refs/remotes/main [132ms]
2024-12-15 15:38:23.580 [info] > git config --local branch.main.vscode-merge-base [2ms]
2024-12-15 15:38:23.599 [info] > git config --get commit.template [45ms]
2024-12-15 15:38:23.608 [info] > git for-each-ref --format=%(refname)%00%(upstream:short)%00%(objectname)%00%(upstream:track)%00%(upstream:remotename)%00%(upstream:remoteref) refs/heads/origin/main refs/remotes/origin/main [9ms]
2024-12-15 15:38:23.657 [info] > git merge-base refs/heads/main refs/remotes/origin/main [28ms]
2024-12-15 15:38:23.678 [info] > git for-each-ref --format=%(refname)%00%(upstream:short)%00%(objectname)%00%(upstream:track)%00%(upstream:remotename)%00%(upstream:remoteref) refs/heads/main refs/remotes/main [22ms]
2024-12-15 15:38:23.696 [warning] [Git][revParse] Unable to read file: ENOENT: no such file or directory, open '/home/human/bin/.git/refs/remotes/origin/main'
2024-12-15 15:38:23.696 [info] > git diff --name-status -z --diff-filter=ADMR 41f10fa32980ca5291200d40876b46f8e208f2f8...refs/remotes/origin/main [19ms]
2024-12-15 15:38:23.697 [info] > git rev-parse refs/remotes/origin/main [1ms]
2024-12-15 15:38:23.736 [info] > git for-each-ref --sort -committerdate --format %(refname) %(objectname) %(*objectname) [2ms]
2024-12-15 15:38:23.916 [info] > git status -z -uall [200ms]
2024-12-15 15:39:29.454 [info] > git rev-parse --show-toplevel [1ms]
2024-12-15 15:39:29.454 [info] fatal: not a git repository (or any of the parent directories): .git
2024-12-15 15:39:42.504 [info] > git rev-parse --show-toplevel [1ms]
2024-12-15 15:39:42.504 [info] fatal: not a git repository (or any of the parent directories): .git
2024-12-15 15:47:02.323 [info] > git rev-parse --show-toplevel [1ms]
2024-12-15 15:47:02.323 [info] fatal: not a git repository (or any of the parent directories): .git
2024-12-15 16:05:37.754 [info] > git rev-parse --show-toplevel [1ms]
2024-12-15 16:05:37.754 [info] fatal: not a git repository (or any of the parent directories): .git
2024-12-15 18:07:58.114 [info] > git rev-parse --show-toplevel [2ms]
2024-12-15 18:07:58.114 [info] fatal: not a git repository (or any of the parent directories): .git
2024-12-15 18:46:14.449 [info] > git rev-parse --show-toplevel [2ms]
2024-12-15 18:46:14.449 [info] fatal: not a git repository (or any of the parent directories): .git
2024-12-15 18:46:15.620 [info] > git rev-parse --show-toplevel [1ms]
2024-12-15 18:46:15.620 [info] fatal: not a git repository (or any of the parent directories): .git
2024-12-15 18:46:26.446 [info] > git rev-parse --show-toplevel [1ms]
2024-12-15 18:46:26.446 [info] fatal: not a git repository (or any of the parent directories): .git
2024-12-15 18:46:32.547 [info] > git rev-parse --show-toplevel [2ms]
2024-12-15 18:46:32.547 [info] fatal: not a git repository (or any of the parent directories): .git
2024-12-15 18:51:05.848 [info] > git rev-parse --show-toplevel [1ms]
2024-12-15 18:51:05.848 [info] fatal: not a git repository (or any of the parent directories): .git
2024-12-15 18:51:14.737 [info] > git rev-parse --show-toplevel [2ms]
2024-12-15 18:51:14.737 [info] fatal: not a git repository (or any of the parent directories): .git
2024-12-15 18:55:42.040 [info] > git rev-parse --show-toplevel [2ms]
2024-12-15 18:55:42.040 [info] fatal: not a git repository (or any of the parent directories): .git
2024-12-15 18:55:50.022 [info] > git rev-parse --show-toplevel [2ms]
2024-12-15 18:55:50.022 [info] fatal: not a git repository (or any of the parent directories): .git
