2024-12-15 13:55:06.158 [info] Reading sessions from keychain...
2024-12-15 13:55:06.158 [info] Getting sessions for all scopes...
2024-12-15 13:55:06.158 [info] Getting sessions for all scopes...
2024-12-15 13:55:06.158 [info] Getting sessions for user:email...
2024-12-15 13:55:06.158 [info] Getting sessions for all scopes...
2024-12-15 13:55:06.158 [info] Getting sessions for all scopes...
2024-12-15 13:55:06.158 [info] Getting sessions for all scopes...
2024-12-15 13:55:06.158 [info] Getting sessions for all scopes...
2024-12-15 13:55:06.158 [info] Getting sessions for all scopes...
2024-12-15 13:55:06.214 [info] Got stored sessions!
2024-12-15 13:55:06.214 [info] Got 1 verified sessions.
2024-12-15 13:55:06.214 [info] Got 1 sessions for ...
2024-12-15 13:55:06.214 [info] Got 1 sessions for ...
2024-12-15 13:55:06.214 [info] Got 1 sessions for user:email...
2024-12-15 13:55:06.214 [info] Got 1 sessions for ...
2024-12-15 13:55:06.214 [info] Got 1 sessions for ...
2024-12-15 13:55:06.214 [info] Got 1 sessions for ...
2024-12-15 13:55:06.214 [info] Got 1 sessions for ...
2024-12-15 13:55:06.214 [info] Got 1 sessions for ...
2024-12-15 13:55:07.617 [info] Getting sessions for read:user,repo,user:email,workflow...
2024-12-15 13:55:07.617 [info] Got 0 sessions for read:user,repo,user:email,workflow...
2024-12-15 13:55:07.649 [info] Getting sessions for all scopes...
2024-12-15 13:55:07.649 [info] Got 1 sessions for ...
2024-12-15 13:55:07.650 [info] Getting sessions for all scopes...
2024-12-15 13:55:07.650 [info] Got 1 sessions for ...
2024-12-15 13:55:07.701 [info] Getting sessions for read:user...
2024-12-15 13:55:07.701 [info] Got 0 sessions for read:user...
2024-12-15 13:55:07.721 [info] Getting sessions for read:user,repo,user:email,workflow...
2024-12-15 13:55:07.721 [info] Got 0 sessions for read:user,repo,user:email,workflow...
2024-12-15 13:55:07.770 [info] Getting sessions for user:email...
2024-12-15 13:55:07.770 [info] Got 1 sessions for user:email...
2024-12-15 13:55:07.770 [info] Getting sessions for user:email...
2024-12-15 13:55:07.770 [info] Got 1 sessions for user:email...
2024-12-15 13:55:07.810 [info] Getting sessions for all scopes...
2024-12-15 13:55:07.810 [info] Got 1 sessions for ...
2024-12-15 13:55:09.083 [info] Getting sessions for all scopes...
2024-12-15 13:55:09.083 [info] Got 1 sessions for ...
2024-12-15 13:55:09.552 [info] Getting sessions for read:user,repo,user:email,workflow...
2024-12-15 13:55:09.552 [info] Got 0 sessions for read:user,repo,user:email,workflow...
2024-12-15 13:55:09.570 [info] Getting sessions for user:email...
2024-12-15 13:55:09.570 [info] Got 1 sessions for user:email...
2024-12-15 13:55:09.602 [info] Getting sessions for all scopes...
2024-12-15 13:55:09.602 [info] Got 1 sessions for ...
2024-12-15 13:55:09.636 [info] Getting sessions for read:user,repo,user:email,workflow...
2024-12-15 13:55:09.636 [info] Got 0 sessions for read:user,repo,user:email,workflow...
2024-12-15 13:55:09.665 [info] Getting sessions for user:email...
2024-12-15 13:55:09.665 [info] Got 1 sessions for user:email...
2024-12-15 13:55:09.759 [info] Getting sessions for all scopes...
2024-12-15 13:55:09.759 [info] Got 1 sessions for ...
2024-12-15 13:55:09.908 [info] Getting sessions for read:user,repo,user:email,workflow...
2024-12-15 13:55:09.908 [info] Got 0 sessions for read:user,repo,user:email,workflow...
2024-12-15 13:55:10.149 [info] Getting sessions for user:email...
2024-12-15 13:55:10.149 [info] Got 1 sessions for user:email...
2024-12-15 13:55:10.151 [info] Getting sessions for all scopes...
2024-12-15 13:55:10.151 [info] Got 1 sessions for ...
2024-12-15 13:55:10.152 [info] Getting sessions for read:user,repo,user:email,workflow...
2024-12-15 13:55:10.152 [info] Got 0 sessions for read:user,repo,user:email,workflow...
2024-12-15 13:55:10.153 [info] Getting sessions for user:email...
2024-12-15 13:55:10.153 [info] Got 1 sessions for user:email...
2024-12-15 13:55:10.403 [info] Getting sessions for read:user,repo,user:email,workflow...
2024-12-15 13:55:10.403 [info] Got 0 sessions for read:user,repo,user:email,workflow...
2024-12-15 13:55:10.696 [info] Getting sessions for all scopes...
2024-12-15 13:55:10.696 [info] Got 1 sessions for ...
2024-12-15 13:55:10.697 [info] Getting sessions for read:user,repo,user:email,workflow...
2024-12-15 13:55:10.697 [info] Got 0 sessions for read:user,repo,user:email,workflow...
2024-12-15 13:55:10.698 [info] Getting sessions for all scopes...
2024-12-15 13:55:10.698 [info] Got 1 sessions for ...
2024-12-15 13:55:10.699 [info] Getting sessions for read:user,repo,user:email,workflow...
2024-12-15 13:55:10.699 [info] Got 0 sessions for read:user,repo,user:email,workflow...
2024-12-15 13:55:10.699 [info] Getting sessions for user:email...
2024-12-15 13:55:10.699 [info] Got 1 sessions for user:email...
2024-12-15 14:10:10.291 [info] Getting sessions for all scopes...
2024-12-15 14:10:10.291 [info] Got 1 sessions for ...
2024-12-15 14:10:10.292 [info] Getting sessions for read:user,repo,user:email,workflow...
2024-12-15 14:10:10.292 [info] Got 0 sessions for read:user,repo,user:email,workflow...
2024-12-15 14:10:10.294 [info] Getting sessions for user:email...
2024-12-15 14:10:10.294 [info] Got 1 sessions for user:email...
2024-12-15 14:10:10.296 [info] Getting sessions for all scopes...
2024-12-15 14:10:10.296 [info] Got 1 sessions for ...
2024-12-15 14:10:10.296 [info] Getting sessions for read:user,repo,user:email,workflow...
2024-12-15 14:10:10.296 [info] Got 0 sessions for read:user,repo,user:email,workflow...
2024-12-15 14:10:10.297 [info] Getting sessions for user:email...
2024-12-15 14:10:10.297 [info] Got 1 sessions for user:email...
2024-12-15 14:25:10.651 [info] Getting sessions for all scopes...
2024-12-15 14:25:10.651 [info] Got 1 sessions for ...
2024-12-15 14:25:10.652 [info] Getting sessions for read:user,repo,user:email,workflow...
2024-12-15 14:25:10.652 [info] Got 0 sessions for read:user,repo,user:email,workflow...
2024-12-15 14:25:10.654 [info] Getting sessions for user:email...
2024-12-15 14:25:10.654 [info] Got 1 sessions for user:email...
2024-12-15 14:25:10.655 [info] Getting sessions for all scopes...
2024-12-15 14:25:10.655 [info] Got 1 sessions for ...
2024-12-15 14:25:10.656 [info] Getting sessions for read:user,repo,user:email,workflow...
2024-12-15 14:25:10.656 [info] Got 0 sessions for read:user,repo,user:email,workflow...
2024-12-15 14:25:10.657 [info] Getting sessions for user:email...
2024-12-15 14:25:10.657 [info] Got 1 sessions for user:email...
2024-12-15 14:40:11.099 [info] Getting sessions for all scopes...
2024-12-15 14:40:11.099 [info] Got 1 sessions for ...
2024-12-15 14:40:11.100 [info] Getting sessions for read:user,repo,user:email,workflow...
2024-12-15 14:40:11.100 [info] Got 0 sessions for read:user,repo,user:email,workflow...
2024-12-15 14:40:11.102 [info] Getting sessions for user:email...
2024-12-15 14:40:11.102 [info] Got 1 sessions for user:email...
2024-12-15 14:40:11.103 [info] Getting sessions for all scopes...
2024-12-15 14:40:11.103 [info] Got 1 sessions for ...
2024-12-15 14:40:11.104 [info] Getting sessions for read:user,repo,user:email,workflow...
2024-12-15 14:40:11.104 [info] Got 0 sessions for read:user,repo,user:email,workflow...
2024-12-15 14:40:11.105 [info] Getting sessions for user:email...
2024-12-15 14:40:11.105 [info] Got 1 sessions for user:email...
2024-12-15 14:55:11.480 [info] Getting sessions for all scopes...
2024-12-15 14:55:11.480 [info] Got 1 sessions for ...
2024-12-15 14:55:11.482 [info] Getting sessions for read:user,repo,user:email,workflow...
2024-12-15 14:55:11.482 [info] Got 0 sessions for read:user,repo,user:email,workflow...
2024-12-15 14:55:11.483 [info] Getting sessions for user:email...
2024-12-15 14:55:11.483 [info] Got 1 sessions for user:email...
2024-12-15 14:55:11.485 [info] Getting sessions for all scopes...
2024-12-15 14:55:11.485 [info] Got 1 sessions for ...
2024-12-15 14:55:11.486 [info] Getting sessions for read:user,repo,user:email,workflow...
2024-12-15 14:55:11.486 [info] Got 0 sessions for read:user,repo,user:email,workflow...
2024-12-15 14:55:11.487 [info] Getting sessions for user:email...
2024-12-15 14:55:11.487 [info] Got 1 sessions for user:email...
