2024-12-15 15:38:20.323 [info] Reading sessions from keychain...
2024-12-15 15:38:20.323 [info] Getting sessions for all scopes...
2024-12-15 15:38:20.323 [info] Getting sessions for all scopes...
2024-12-15 15:38:20.323 [info] Getting sessions for all scopes...
2024-12-15 15:38:20.323 [info] Getting sessions for all scopes...
2024-12-15 15:38:20.323 [info] Getting sessions for all scopes...
2024-12-15 15:38:20.323 [info] Getting sessions for all scopes...
2024-12-15 15:38:20.323 [info] Getting sessions for all scopes...
2024-12-15 15:38:20.323 [info] Got stored sessions!
2024-12-15 15:38:20.323 [info] Got 1 verified sessions.
2024-12-15 15:38:20.323 [info] Got 1 sessions for ...
2024-12-15 15:38:20.323 [info] Got 1 sessions for ...
2024-12-15 15:38:20.323 [info] Got 1 sessions for ...
2024-12-15 15:38:20.323 [info] Got 1 sessions for ...
2024-12-15 15:38:20.323 [info] Got 1 sessions for ...
2024-12-15 15:38:20.323 [info] Got 1 sessions for ...
2024-12-15 15:38:20.323 [info] Got 1 sessions for ...
2024-12-15 15:38:20.461 [info] Getting sessions for user:email...
2024-12-15 15:38:20.461 [info] Got 1 sessions for user:email...
2024-12-15 15:38:21.765 [info] Getting sessions for read:user,repo,user:email,workflow...
2024-12-15 15:38:21.765 [info] Got 0 sessions for read:user,repo,user:email,workflow...
2024-12-15 15:38:21.765 [info] Getting sessions for all scopes...
2024-12-15 15:38:21.765 [info] Got 1 sessions for ...
2024-12-15 15:38:21.765 [info] Getting sessions for all scopes...
2024-12-15 15:38:21.765 [info] Got 1 sessions for ...
2024-12-15 15:38:21.913 [info] Getting sessions for read:user...
2024-12-15 15:38:21.913 [info] Got 0 sessions for read:user...
2024-12-15 15:38:21.913 [info] Getting sessions for read:user,repo,user:email,workflow...
2024-12-15 15:38:21.913 [info] Got 0 sessions for read:user,repo,user:email,workflow...
2024-12-15 15:38:21.977 [info] Getting sessions for user:email...
2024-12-15 15:38:21.977 [info] Got 1 sessions for user:email...
2024-12-15 15:38:21.995 [info] Getting sessions for user:email...
2024-12-15 15:38:21.995 [info] Got 1 sessions for user:email...
2024-12-15 15:38:22.019 [info] Getting sessions for all scopes...
2024-12-15 15:38:22.019 [info] Got 1 sessions for ...
2024-12-15 15:38:23.100 [info] Getting sessions for read:user,repo,user:email,workflow...
2024-12-15 15:38:23.100 [info] Got 0 sessions for read:user,repo,user:email,workflow...
2024-12-15 15:38:23.106 [info] Getting sessions for all scopes...
2024-12-15 15:38:23.106 [info] Got 1 sessions for ...
2024-12-15 15:38:23.252 [info] Getting sessions for user:email...
2024-12-15 15:38:23.252 [info] Got 1 sessions for user:email...
2024-12-15 15:38:23.350 [info] Getting sessions for all scopes...
2024-12-15 15:38:23.350 [info] Got 1 sessions for ...
2024-12-15 15:38:23.600 [info] Getting sessions for read:user,repo,user:email,workflow...
2024-12-15 15:38:23.600 [info] Got 0 sessions for read:user,repo,user:email,workflow...
2024-12-15 15:38:23.677 [info] Getting sessions for read:user,repo,user:email,workflow...
2024-12-15 15:38:23.677 [info] Got 0 sessions for read:user,repo,user:email,workflow...
2024-12-15 15:38:23.736 [info] Getting sessions for user:email...
2024-12-15 15:38:23.736 [info] Got 1 sessions for user:email...
2024-12-15 15:38:23.920 [info] Getting sessions for all scopes...
2024-12-15 15:38:23.920 [info] Got 1 sessions for ...
2024-12-15 15:38:23.921 [info] Getting sessions for read:user,repo,user:email,workflow...
2024-12-15 15:38:23.921 [info] Got 0 sessions for read:user,repo,user:email,workflow...
2024-12-15 15:38:23.922 [info] Getting sessions for all scopes...
2024-12-15 15:38:23.922 [info] Got 1 sessions for ...
2024-12-15 15:38:23.922 [info] Getting sessions for read:user,repo,user:email,workflow...
2024-12-15 15:38:23.922 [info] Got 0 sessions for read:user,repo,user:email,workflow...
2024-12-15 15:38:23.923 [info] Getting sessions for user:email...
2024-12-15 15:38:23.923 [info] Got 1 sessions for user:email...
2024-12-15 15:53:24.101 [info] Getting sessions for all scopes...
2024-12-15 15:53:24.101 [info] Got 1 sessions for ...
2024-12-15 15:53:24.103 [info] Getting sessions for read:user,repo,user:email,workflow...
2024-12-15 15:53:24.103 [info] Got 0 sessions for read:user,repo,user:email,workflow...
2024-12-15 15:53:24.121 [info] Getting sessions for user:email...
2024-12-15 15:53:24.121 [info] Got 1 sessions for user:email...
2024-12-15 15:53:24.122 [info] Getting sessions for all scopes...
2024-12-15 15:53:24.122 [info] Got 1 sessions for ...
2024-12-15 15:53:24.123 [info] Getting sessions for read:user,repo,user:email,workflow...
2024-12-15 15:53:24.123 [info] Got 0 sessions for read:user,repo,user:email,workflow...
2024-12-15 15:53:24.124 [info] Getting sessions for user:email...
2024-12-15 15:53:24.124 [info] Got 1 sessions for user:email...
2024-12-15 16:08:24.419 [info] Getting sessions for all scopes...
2024-12-15 16:08:24.419 [info] Got 1 sessions for ...
2024-12-15 16:08:24.420 [info] Getting sessions for read:user,repo,user:email,workflow...
2024-12-15 16:08:24.421 [info] Got 0 sessions for read:user,repo,user:email,workflow...
2024-12-15 16:08:24.422 [info] Getting sessions for user:email...
2024-12-15 16:08:24.422 [info] Got 1 sessions for user:email...
2024-12-15 16:08:24.423 [info] Getting sessions for all scopes...
2024-12-15 16:08:24.423 [info] Got 1 sessions for ...
2024-12-15 16:08:24.424 [info] Getting sessions for read:user,repo,user:email,workflow...
2024-12-15 16:08:24.424 [info] Got 0 sessions for read:user,repo,user:email,workflow...
2024-12-15 16:08:24.425 [info] Getting sessions for user:email...
2024-12-15 16:08:24.425 [info] Got 1 sessions for user:email...
2024-12-15 16:23:24.750 [info] Getting sessions for all scopes...
2024-12-15 16:23:24.750 [info] Got 1 sessions for ...
2024-12-15 16:23:24.751 [info] Getting sessions for read:user,repo,user:email,workflow...
2024-12-15 16:23:24.751 [info] Got 0 sessions for read:user,repo,user:email,workflow...
2024-12-15 16:23:24.752 [info] Getting sessions for user:email...
2024-12-15 16:23:24.752 [info] Got 1 sessions for user:email...
2024-12-15 16:23:24.754 [info] Getting sessions for all scopes...
2024-12-15 16:23:24.754 [info] Got 1 sessions for ...
2024-12-15 16:23:24.755 [info] Getting sessions for read:user,repo,user:email,workflow...
2024-12-15 16:23:24.755 [info] Got 0 sessions for read:user,repo,user:email,workflow...
2024-12-15 16:23:24.756 [info] Getting sessions for user:email...
2024-12-15 16:23:24.756 [info] Got 1 sessions for user:email...
2024-12-15 16:38:25.061 [info] Getting sessions for all scopes...
2024-12-15 16:38:25.061 [info] Got 1 sessions for ...
2024-12-15 16:38:25.062 [info] Getting sessions for read:user,repo,user:email,workflow...
2024-12-15 16:38:25.062 [info] Got 0 sessions for read:user,repo,user:email,workflow...
2024-12-15 16:38:25.063 [info] Getting sessions for user:email...
2024-12-15 16:38:25.063 [info] Got 1 sessions for user:email...
2024-12-15 16:38:25.064 [info] Getting sessions for all scopes...
2024-12-15 16:38:25.064 [info] Got 1 sessions for ...
2024-12-15 16:38:25.065 [info] Getting sessions for read:user,repo,user:email,workflow...
2024-12-15 16:38:25.065 [info] Got 0 sessions for read:user,repo,user:email,workflow...
2024-12-15 16:38:25.066 [info] Getting sessions for user:email...
2024-12-15 16:38:25.066 [info] Got 1 sessions for user:email...
2024-12-15 16:53:25.451 [info] Getting sessions for all scopes...
2024-12-15 16:53:25.451 [info] Got 1 sessions for ...
2024-12-15 16:53:25.452 [info] Getting sessions for read:user,repo,user:email,workflow...
2024-12-15 16:53:25.452 [info] Got 0 sessions for read:user,repo,user:email,workflow...
2024-12-15 16:53:25.454 [info] Getting sessions for user:email...
2024-12-15 16:53:25.454 [info] Got 1 sessions for user:email...
2024-12-15 16:53:25.455 [info] Getting sessions for all scopes...
2024-12-15 16:53:25.455 [info] Got 1 sessions for ...
2024-12-15 16:53:25.456 [info] Getting sessions for read:user,repo,user:email,workflow...
2024-12-15 16:53:25.456 [info] Got 0 sessions for read:user,repo,user:email,workflow...
2024-12-15 16:53:25.457 [info] Getting sessions for user:email...
2024-12-15 16:53:25.457 [info] Got 1 sessions for user:email...
2024-12-15 17:08:25.840 [info] Getting sessions for all scopes...
2024-12-15 17:08:25.840 [info] Got 1 sessions for ...
2024-12-15 17:08:25.842 [info] Getting sessions for read:user,repo,user:email,workflow...
2024-12-15 17:08:25.842 [info] Got 0 sessions for read:user,repo,user:email,workflow...
2024-12-15 17:08:25.843 [info] Getting sessions for user:email...
2024-12-15 17:08:25.843 [info] Got 1 sessions for user:email...
2024-12-15 17:08:25.845 [info] Getting sessions for all scopes...
2024-12-15 17:08:25.845 [info] Got 1 sessions for ...
2024-12-15 17:08:25.846 [info] Getting sessions for read:user,repo,user:email,workflow...
2024-12-15 17:08:25.846 [info] Got 0 sessions for read:user,repo,user:email,workflow...
2024-12-15 17:08:25.847 [info] Getting sessions for user:email...
2024-12-15 17:08:25.847 [info] Got 1 sessions for user:email...
2024-12-15 17:23:26.403 [info] Getting sessions for all scopes...
2024-12-15 17:23:26.403 [info] Got 1 sessions for ...
2024-12-15 17:23:26.405 [info] Getting sessions for read:user,repo,user:email,workflow...
2024-12-15 17:23:26.405 [info] Got 0 sessions for read:user,repo,user:email,workflow...
2024-12-15 17:23:26.406 [info] Getting sessions for user:email...
2024-12-15 17:23:26.406 [info] Got 1 sessions for user:email...
2024-12-15 17:23:26.407 [info] Getting sessions for all scopes...
2024-12-15 17:23:26.407 [info] Got 1 sessions for ...
2024-12-15 17:23:26.408 [info] Getting sessions for read:user,repo,user:email,workflow...
2024-12-15 17:23:26.408 [info] Got 0 sessions for read:user,repo,user:email,workflow...
2024-12-15 17:23:26.409 [info] Getting sessions for user:email...
2024-12-15 17:23:26.409 [info] Got 1 sessions for user:email...
2024-12-15 17:38:26.711 [info] Getting sessions for all scopes...
2024-12-15 17:38:26.711 [info] Got 1 sessions for ...
2024-12-15 17:38:26.713 [info] Getting sessions for read:user,repo,user:email,workflow...
2024-12-15 17:38:26.713 [info] Got 0 sessions for read:user,repo,user:email,workflow...
2024-12-15 17:38:26.714 [info] Getting sessions for user:email...
2024-12-15 17:38:26.714 [info] Got 1 sessions for user:email...
2024-12-15 17:38:26.715 [info] Getting sessions for all scopes...
2024-12-15 17:38:26.715 [info] Got 1 sessions for ...
2024-12-15 17:38:26.716 [info] Getting sessions for read:user,repo,user:email,workflow...
2024-12-15 17:38:26.716 [info] Got 0 sessions for read:user,repo,user:email,workflow...
2024-12-15 17:38:26.717 [info] Getting sessions for user:email...
2024-12-15 17:38:26.717 [info] Got 1 sessions for user:email...
2024-12-15 17:53:27.001 [info] Getting sessions for all scopes...
2024-12-15 17:53:27.001 [info] Got 1 sessions for ...
2024-12-15 17:53:27.003 [info] Getting sessions for read:user,repo,user:email,workflow...
2024-12-15 17:53:27.003 [info] Got 0 sessions for read:user,repo,user:email,workflow...
2024-12-15 17:53:27.004 [info] Getting sessions for user:email...
2024-12-15 17:53:27.004 [info] Got 1 sessions for user:email...
2024-12-15 17:53:27.006 [info] Getting sessions for all scopes...
2024-12-15 17:53:27.006 [info] Got 1 sessions for ...
2024-12-15 17:53:27.007 [info] Getting sessions for read:user,repo,user:email,workflow...
2024-12-15 17:53:27.007 [info] Got 0 sessions for read:user,repo,user:email,workflow...
2024-12-15 17:53:27.008 [info] Getting sessions for user:email...
2024-12-15 17:53:27.008 [info] Got 1 sessions for user:email...
2024-12-15 18:08:27.406 [info] Getting sessions for all scopes...
2024-12-15 18:08:27.406 [info] Got 1 sessions for ...
2024-12-15 18:08:27.408 [info] Getting sessions for read:user,repo,user:email,workflow...
2024-12-15 18:08:27.408 [info] Got 0 sessions for read:user,repo,user:email,workflow...
2024-12-15 18:08:27.409 [info] Getting sessions for user:email...
2024-12-15 18:08:27.409 [info] Got 1 sessions for user:email...
2024-12-15 18:08:27.410 [info] Getting sessions for all scopes...
2024-12-15 18:08:27.410 [info] Got 1 sessions for ...
2024-12-15 18:08:27.411 [info] Getting sessions for read:user,repo,user:email,workflow...
2024-12-15 18:08:27.411 [info] Got 0 sessions for read:user,repo,user:email,workflow...
2024-12-15 18:08:27.411 [info] Getting sessions for user:email...
2024-12-15 18:08:27.411 [info] Got 1 sessions for user:email...
2024-12-15 18:23:27.819 [info] Getting sessions for all scopes...
2024-12-15 18:23:27.820 [info] Got 1 sessions for ...
2024-12-15 18:23:27.821 [info] Getting sessions for read:user,repo,user:email,workflow...
2024-12-15 18:23:27.821 [info] Got 0 sessions for read:user,repo,user:email,workflow...
2024-12-15 18:23:27.821 [info] Getting sessions for user:email...
2024-12-15 18:23:27.821 [info] Got 1 sessions for user:email...
2024-12-15 18:23:27.822 [info] Getting sessions for all scopes...
2024-12-15 18:23:27.822 [info] Got 1 sessions for ...
2024-12-15 18:23:27.823 [info] Getting sessions for read:user,repo,user:email,workflow...
2024-12-15 18:23:27.823 [info] Got 0 sessions for read:user,repo,user:email,workflow...
2024-12-15 18:23:27.824 [info] Getting sessions for user:email...
2024-12-15 18:23:27.824 [info] Got 1 sessions for user:email...
2024-12-15 18:38:28.228 [info] Getting sessions for all scopes...
2024-12-15 18:38:28.228 [info] Got 1 sessions for ...
2024-12-15 18:38:28.229 [info] Getting sessions for read:user,repo,user:email,workflow...
2024-12-15 18:38:28.229 [info] Got 0 sessions for read:user,repo,user:email,workflow...
2024-12-15 18:38:28.230 [info] Getting sessions for user:email...
2024-12-15 18:38:28.230 [info] Got 1 sessions for user:email...
2024-12-15 18:38:28.231 [info] Getting sessions for all scopes...
2024-12-15 18:38:28.231 [info] Got 1 sessions for ...
2024-12-15 18:38:28.232 [info] Getting sessions for read:user,repo,user:email,workflow...
2024-12-15 18:38:28.232 [info] Got 0 sessions for read:user,repo,user:email,workflow...
2024-12-15 18:38:28.233 [info] Getting sessions for user:email...
2024-12-15 18:38:28.233 [info] Got 1 sessions for user:email...
2024-12-15 18:53:28.617 [info] Getting sessions for all scopes...
2024-12-15 18:53:28.617 [info] Got 1 sessions for ...
2024-12-15 18:53:28.619 [info] Getting sessions for read:user,repo,user:email,workflow...
2024-12-15 18:53:28.619 [info] Got 0 sessions for read:user,repo,user:email,workflow...
2024-12-15 18:53:28.620 [info] Getting sessions for user:email...
2024-12-15 18:53:28.620 [info] Got 1 sessions for user:email...
2024-12-15 18:53:28.621 [info] Getting sessions for all scopes...
2024-12-15 18:53:28.621 [info] Got 1 sessions for ...
2024-12-15 18:53:28.622 [info] Getting sessions for read:user,repo,user:email,workflow...
2024-12-15 18:53:28.622 [info] Got 0 sessions for read:user,repo,user:email,workflow...
2024-12-15 18:53:28.623 [info] Getting sessions for user:email...
2024-12-15 18:53:28.623 [info] Got 1 sessions for user:email...
